5935  08:59:40 select(4, [3], NULL, NULL, NULL) = 1 (in [3])
5935  08:59:49 read(3, "\244^W\247\16\336X\212;\341\374ITK\312\327\366Z.\322/s\372\1\30\244\360\234y\276p\31"..., 8192) = 84
5935  08:59:49 stat("/home/matt/.ssh/id_rsa", 0x7ffe0b6a7f40) = -1 ENOENT (No such file or directory)
5935  08:59:49 stat("/home/matt/.ssh/id_dsa", 0x7ffe0b6a7f40) = -1 ENOENT (No such file or directory)
5935  08:59:49 stat("/home/matt/.ssh/id_ecdsa", 0x7ffe0b6a7f40) = -1 ENOENT (No such file or directory)
5935  08:59:49 stat("/home/matt/.ssh/id_ed25519", 0x7ffe0b6a7f40) = -1 ENOENT (No such file or directory)
5935  08:59:49 open("/dev/tty", O_RDWR) = 4
5935  08:59:49 close(4)                 = 0
5935  08:59:49 open("/dev/tty", O_RDWR) = 4
5935  08:59:49 ioctl(4, SNDCTL_TMR_TIMEBASE or SNDRV_TIMER_IOCTL_NEXT_DEVICE or TCGETS, {B38400 opost isig icanon echo ...}) = 0
5935  08:59:49 ioctl(4, SNDCTL_TMR_CONTINUE or SNDRV_TIMER_IOCTL_GPARAMS or TCSETSF, {B38400 opost isig icanon -echo ...}) = 0
5935  08:59:49 rt_sigaction(SIGALRM, {0x7f810cd6b370, [], SA_RESTORER, 0x7f810b883670}, {SIG_DFL, [], 0}, 8) = 0
5935  08:59:49 rt_sigaction(SIGHUP, {0x7f810cd6b370, [], SA_RESTORER, 0x7f810b883670}, {SIG_DFL, [], 0}, 8) = 0
5935  08:59:49 rt_sigaction(SIGINT, {0x7f810cd6b370, [], SA_RESTORER, 0x7f810b883670}, {SIG_DFL, [], 0}, 8) = 0
5935  08:59:49 rt_sigaction(SIGPIPE, {0x7f810cd6b370, [], SA_RESTORER, 0x7f810b883670}, {SIG_IGN, [], SA_RESTORER, 0x7f810b883670}, 8) = 0
5935  08:59:49 rt_sigaction(SIGQUIT, {0x7f810cd6b370, [], SA_RESTORER, 0x7f810b883670}, {SIG_DFL, [], 0}, 8) = 0
5935  08:59:49 rt_sigaction(SIGTERM, {0x7f810cd6b370, [], SA_RESTORER, 0x7f810b883670}, {SIG_DFL, [], 0}, 8) = 0
5935  08:59:49 rt_sigaction(SIGTSTP, {0x7f810cd6b370, [], SA_RESTORER, 0x7f810b883670}, {SIG_DFL, [], 0}, 8) = 0
5935  08:59:49 rt_sigaction(SIGTTIN, {0x7f810cd6b370, [], SA_RESTORER, 0x7f810b883670}, {SIG_DFL, [], 0}, 8) = 0
5935  08:59:49 rt_sigaction(SIGTTOU, {0x7f810cd6b370, [], SA_RESTORER, 0x7f810b883670}, {SIG_DFL, [], 0}, 8) = 0
5935  08:59:49 write(4, "root@192.168.0.10's password: ", 30) = 30
5935  08:59:49 read(4, "q", 1)          = 1
5935  08:59:49 read(4, "w", 1)          = 1
5935  08:59:49 read(4, "e", 1)          = 1
5935  08:59:49 read(4, "r", 1)          = 1
5935  08:59:49 read(4, "t", 1)          = 1
5935  08:59:49 read(4, "\n", 1)         = 1
5935  08:59:49 write(4, "\n", 1)        = 1
5935  08:59:49 ioctl(4, SNDCTL_TMR_CONTINUE or SNDRV_TIMER_IOCTL_GPARAMS or TCSETSF, {B38400 opost isig icanon echo ...}) = 0
5935  08:59:49 rt_sigaction(SIGALRM, {SIG_DFL, [], SA_RESTORER, 0x7f810b883670}, NULL, 8) = 0
5935  08:59:49 rt_sigaction(SIGHUP, {SIG_DFL, [], SA_RESTORER, 0x7f810b883670}, NULL, 8) = 0
5935  08:59:49 rt_sigaction(SIGINT, {SIG_DFL, [], SA_RESTORER, 0x7f810b883670}, NULL, 8) = 0
5935  08:59:49 rt_sigaction(SIGQUIT, {SIG_DFL, [], SA_RESTORER, 0x7f810b883670}, NULL, 8) = 0
5935  08:59:49 rt_sigaction(SIGPIPE, {SIG_IGN, [], SA_RESTORER, 0x7f810b883670}, NULL, 8) = 0
5935  08:59:49 rt_sigaction(SIGTERM, {SIG_DFL, [], SA_RESTORER, 0x7f810b883670}, NULL, 8) = 0
5935  08:59:49 rt_sigaction(SIGTSTP, {SIG_DFL, [], SA_RESTORER, 0x7f810b883670}, NULL, 8) = 0
5935  08:59:49 rt_sigaction(SIGTTIN, {SIG_DFL, [], SA_RESTORER, 0x7f810b883670}, NULL, 8) = 0
5935  08:59:49 rt_sigaction(SIGTTOU, {SIG_DFL, [], SA_RESTORER, 0x7f810b883670}, NULL, 8) = 0
5935  08:59:49 close(4)                 = 0
5935  08:59:49 write(3, "^\\u\214 \266.\25D\17'-\24\221\255m\20\212H\5\254'\31\241\315c\321\2032]\214\343"..., 84) = 84
5935  08:59:49 select(4, [3], NULL, NULL, NULL) = 1 (in [3])
5935  08:59:49 read(3, "}j\276]3X\274\23\16\200K]i\2\30\334\225\327,\23\377{\367Xe\246\255\376", 8192) = 28
5935  08:59:49 dup(0)                   = 4
5935  08:59:49 dup(1)                   = 5
5935  08:59:49 dup(2)                   = 6
5935  08:59:49 ioctl(4, SNDCTL_TMR_TIMEBASE or SNDRV_TIMER_IOCTL_NEXT_DEVICE or TCGETS, {B38400 opost isig icanon echo ...}) = 0
5935  08:59:49 ioctl(5, SNDCTL_TMR_TIMEBASE or SNDRV_TIMER_IOCTL_NEXT_DEVICE or TCGETS, {B38400 opost isig icanon echo ...}) = 0
5935  08:59:49 ioctl(6, SNDCTL_TMR_TIMEBASE or SNDRV_TIMER_IOCTL_NEXT_DEVICE or TCGETS, {B38400 opost isig icanon echo ...}) = 0
5935  08:59:49 fcntl(4, F_SETFD, FD_CLOEXEC) = 0
5935  08:59:49 fcntl(5, F_SETFD, FD_CLOEXEC) = 0
5935  08:59:49 fcntl(6, F_SETFD, FD_CLOEXEC) = 0
5935  08:59:49 rt_sigaction(SIGHUP, NULL, {SIG_DFL, [], SA_RESTORER, 0x7f810b883670}, 8) = 0
5935  08:59:49 rt_sigaction(SIGHUP, {SIG_IGN, [], SA_RESTORER, 0x7f810b883670}, NULL, 8) = 0
5935  08:59:49 rt_sigaction(SIGHUP, NULL, {SIG_IGN, [], SA_RESTORER, 0x7f810b883670}, 8) = 0
5935  08:59:49 rt_sigaction(SIGHUP, {0x7f810cd15410, [], SA_RESTORER, 0x7f810b883670}, NULL, 8) = 0
5935  08:59:49 rt_sigaction(SIGINT, NULL, {SIG_DFL, [], SA_RESTORER, 0x7f810b883670}, 8) = 0
5935  08:59:49 rt_sigaction(SIGINT, {SIG_IGN, [], SA_RESTORER, 0x7f810b883670}, NULL, 8) = 0
5935  08:59:49 rt_sigaction(SIGINT, NULL, {SIG_IGN, [], SA_RESTORER, 0x7f810b883670}, 8) = 0
5935  08:59:49 rt_sigaction(SIGINT, {0x7f810cd15410, [], SA_RESTORER, 0x7f810b883670}, NULL, 8) = 0
5935  08:59:49 rt_sigaction(SIGQUIT, NULL, {SIG_DFL, [], SA_RESTORER, 0x7f810b883670}, 8) = 0
5935  08:59:49 rt_sigaction(SIGQUIT, {SIG_IGN, [], SA_RESTORER, 0x7f810b883670}, NULL, 8) = 0
5935  08:59:49 rt_sigaction(SIGQUIT, NULL, {SIG_IGN, [], SA_RESTORER, 0x7f810b883670}, 8) = 0
5935  08:59:49 rt_sigaction(SIGQUIT, {0x7f810cd15410, [], SA_RESTORER, 0x7f810b883670}, NULL, 8) = 0
5935  08:59:49 rt_sigaction(SIGTERM, NULL, {SIG_DFL, [], SA_RESTORER, 0x7f810b883670}, 8) = 0
5935  08:59:49 rt_sigaction(SIGTERM, {SIG_IGN, [], SA_RESTORER, 0x7f810b883670}, NULL, 8) = 0
5935  08:59:49 rt_sigaction(SIGTERM, NULL, {SIG_IGN, [], SA_RESTORER, 0x7f810b883670}, 8) = 0
5935  08:59:49 rt_sigaction(SIGTERM, {0x7f810cd15410, [], SA_RESTORER, 0x7f810b883670}, NULL, 8) = 0
5935  08:59:49 rt_sigaction(SIGWINCH, NULL, {SIG_DFL, [], 0}, 8) = 0
5935  08:59:49 rt_sigaction(SIGWINCH, {0x7f810cd156a0, [], SA_RESTORER, 0x7f810b883670}, NULL, 8) = 0
5935  08:59:49 ioctl(0, SNDCTL_TMR_TIMEBASE or SNDRV_TIMER_IOCTL_NEXT_DEVICE or TCGETS, {B38400 opost isig icanon echo ...}) = 0
5935  08:59:49 ioctl(0, SNDCTL_TMR_STOP or SNDRV_TIMER_IOCTL_GINFO or TCSETSW, {B38400 -opost -isig -icanon -echo ...}) = 0
5935  08:59:49 clock_gettime(0x7 /* CLOCK_??? */, {5187, 516319667}) = 0
5935  08:59:49 clock_gettime(0x7 /* CLOCK_??? */, {5187, 516345468}) = 0
5935  08:59:49 select(7, [3], [3], NULL, NULL) = 1 (out [3])
5935  08:59:49 clock_gettime(0x7 /* CLOCK_??? */, {5187, 516396639}) = 0
5935  08:59:49 write(3, "K*\222\303\203\16\343\r\261\255\236\332U1\233\247/\224\325\270&m\t\270E$\230Q\34\340\23;"..., 112) = 112
5935  08:59:49 clock_gettime(0x7 /* CLOCK_??? */, {5187, 516533126}) = 0
5935  08:59:49 clock_gettime(0x7 /* CLOCK_??? */, {5187, 516555769}) = 0
5935  08:59:49 select(7, [3], [], NULL, NULL) = 1 (in [3])
5935  08:59:50 clock_gettime(0x7 /* CLOCK_??? */, {5187, 798791463}) = 0
5935  08:59:50 read(3, "[\260\221\v6\211\324Kz\30\20s\365\7@\307\rr(\330\213\340c\345\375\250n\32\251\234\272\252"..., 8192) = 44
5935  08:59:50 getsockopt(3, SOL_TCP, TCP_NODELAY, [0], [4]) = 0
5935  08:59:50 setsockopt(3, SOL_TCP, TCP_NODELAY, [1], 4) = 0
5935  08:59:50 getsockname(3, {sa_family=AF_INET, sin_port=htons(53335), sin_addr=inet_addr("192.168.0.150")}, [16]) = 0
5935  08:59:50 setsockopt(3, SOL_IP, IP_TOS, [16], 4) = 0
5935  08:59:50 ioctl(0, TIOCGWINSZ, {ws_row=39, ws_col=87, ws_xpixel=0, ws_ypixel=0}) = 0
5935  08:59:50 clock_gettime(0x7 /* CLOCK_??? */, {5187, 799086929}) = 0
5935  08:59:50 clock_gettime(0x7 /* CLOCK_??? */, {5187, 799109091}) = 0
5935  08:59:50 select(7, [3], [3], NULL, NULL) = 1 (out [3])
5935  08:59:50 clock_gettime(0x7 /* CLOCK_??? */, {5187, 799159724}) = 0
5935  08:59:50 write(3, "Z\303\367\343\355\354dP$2t\345f\273\360fc\203}\34\375\270\217\21\273\307\262\360\306^\357\213"..., 376) = 376
5935  08:59:50 clock_gettime(0x7 /* CLOCK_??? */, {5187, 799299791}) = 0
5935  08:59:50 clock_gettime(0x7 /* CLOCK_??? */, {5187, 799322866}) = 0
5935  08:59:50 select(7, [3], [], NULL, NULL) = 1 (in [3])
5935  08:59:50 clock_gettime(0x7 /* CLOCK_??? */, {5187, 835064101}) = 0
5935  08:59:50 read(3, "\252\3779\"y\266\32!\v\301\225}\202\2\375a\305\226\\\323\223\276[X\317\24\23\fp\265\341\301"..., 8192) = 108
5935  08:59:50 clock_gettime(0x7 /* CLOCK_??? */, {5187, 835140541}) = 0
5935  08:59:50 clock_gettime(0x7 /* CLOCK_??? */, {5187, 835163587}) = 0
5935  08:59:50 select(7, [3 4], [], NULL, NULL) = 1 (in [3])
5935  08:59:50 clock_gettime(0x7 /* CLOCK_??? */, {5187, 845569989}) = 0
5935  08:59:50 read(3, "\7 \330\214\f\n\351p\271\234 >\36 \254hbX\277T\37\305\224\271S\272\302\321\234\243\323p"..., 8192) = 76
5935  08:59:50 clock_gettime(0x7 /* CLOCK_??? */, {5187, 845694426}) = 0
5935  08:59:50 clock_gettime(0x7 /* CLOCK_??? */, {5187, 845716784}) = 0
5935  08:59:50 select(7, [3 4], [5], NULL, NULL) = 1 (out [5])
5935  08:59:50 clock_gettime(0x7 /* CLOCK_??? */, {5187, 845770969}) = 0
5935  08:59:50 write(5, "Last login: Sun Oct 22 01:32:40 "..., 39) = 39
5935  08:59:50 clock_gettime(0x7 /* CLOCK_??? */, {5187, 846086254}) = 0
5935  08:59:50 clock_gettime(0x7 /* CLOCK_??? */, {5187, 846111927}) = 0
5935  08:59:50 select(7, [3 4], [], NULL, NULL) = 1 (in [3])
5935  08:59:50 clock_gettime(0x7 /* CLOCK_??? */, {5188, 202552041}) = 0
5935  08:59:50 read(3, "\267bzu*L?\247\25f\205\333\t\245\v\256\0\375\217\274\231\213\225\201\17\244.\231\240\"-y"..., 8192) = 84
5935  08:59:50 clock_gettime(0x7 /* CLOCK_??? */, {5188, 202615604}) = 0
5935  08:59:50 clock_gettime(0x7 /* CLOCK_??? */, {5188, 202635460}) = 0
5935  08:59:50 select(7, [3 4], [5], NULL, NULL) = 1 (out [5])
5935  08:59:50 clock_gettime(0x7 /* CLOCK_??? */, {5188, 202682932}) = 0
5935  08:59:50 write(5, "\33]0;root@localhost:~\7\33[?1034h[ro"..., 49) = 49
5935  08:59:50 clock_gettime(0x7 /* CLOCK_??? */, {5188, 202962390}) = 0
5935  08:59:50 clock_gettime(0x7 /* CLOCK_??? */, {5188, 202984822}) = 0
5935  08:59:50 select(7, [3 4], [], NULL, NULL) = 1 (in [4])
5935  08:59:51 clock_gettime(0x7 /* CLOCK_??? */, {5189, 123025707}) = 0
5935  08:59:51 read(4, "l", 16384)      = 1
5935  08:59:51 clock_gettime(0x7 /* CLOCK_??? */, {5189, 123138339}) = 0
5935  08:59:51 clock_gettime(0x7 /* CLOCK_??? */, {5189, 123162334}) = 0
5935  08:59:51 select(7, [3 4], [3], NULL, NULL) = 1 (out [3])
5935  08:59:51 clock_gettime(0x7 /* CLOCK_??? */, {5189, 123215782}) = 0
5935  08:59:51 write(3, "\206\264\313\272@%\210\302\264\261\16\314\316\16t\272\337\301\3124\333\3177F\350\5\256&A)\372\264"..., 36) = 36
5935  08:59:51 clock_gettime(0x7 /* CLOCK_??? */, {5189, 123326420}) = 0
5935  08:59:51 clock_gettime(0x7 /* CLOCK_??? */, {5189, 123348999}) = 0
5935  08:59:51 select(7, [3 4], [], NULL, NULL) = 1 (in [3])
5935  08:59:51 clock_gettime(0x7 /* CLOCK_??? */, {5189, 124519837}) = 0
5935  08:59:51 read(3, "\354N\252R<\245\364\377\314\217\337Q\356`\267\354\226^}\270+\352m\32\210d\251\325\330\361\177\263"..., 8192) = 36
5935  08:59:51 clock_gettime(0x7 /* CLOCK_??? */, {5189, 124587051}) = 0
5935  08:59:51 clock_gettime(0x7 /* CLOCK_??? */, {5189, 124624664}) = 0
5935  08:59:51 select(7, [3 4], [5], NULL, NULL) = 1 (out [5])
5935  08:59:51 clock_gettime(0x7 /* CLOCK_??? */, {5189, 124677318}) = 0
5935  08:59:51 write(5, "l", 1)         = 1
5935  08:59:51 clock_gettime(0x7 /* CLOCK_??? */, {5189, 124964167}) = 0
5935  08:59:51 clock_gettime(0x7 /* CLOCK_??? */, {5189, 125010642}) = 0
5935  08:59:51 select(7, [3 4], [], NULL, NULL) = 1 (in [4])
5935  08:59:51 clock_gettime(0x7 /* CLOCK_??? */, {5189, 315106706}) = 0
5935  08:59:51 read(4, "s", 16384)      = 1
5935  08:59:51 clock_gettime(0x7 /* CLOCK_??? */, {5189, 315200159}) = 0
5935  08:59:51 clock_gettime(0x7 /* CLOCK_??? */, {5189, 315220203}) = 0
5935  08:59:51 select(7, [3 4], [3], NULL, NULL) = 1 (out [3])
5935  08:59:51 clock_gettime(0x7 /* CLOCK_??? */, {5189, 315318207}) = 0
5935  08:59:51 write(3, "!\300+\355\353\303\204\330m_\30\375\346th\344\26\17\21\0220/\31\221]\25\2.@x\320\275"..., 36) = 36
5935  08:59:51 clock_gettime(0x7 /* CLOCK_??? */, {5189, 315447513}) = 0
5935  08:59:51 clock_gettime(0x7 /* CLOCK_??? */, {5189, 315468173}) = 0
5935  08:59:51 select(7, [3 4], [], NULL, NULL) = 1 (in [3])
5935  08:59:51 clock_gettime(0x7 /* CLOCK_??? */, {5189, 316245442}) = 0
5935  08:59:51 read(3, "'\313\304\376\275\365\2538\4g\361K\321Pv\242#6\320;_\330M\32\275'\342\n\10\354\332\313"..., 8192) = 36
5935  08:59:51 clock_gettime(0x7 /* CLOCK_??? */, {5189, 316303927}) = 0
5935  08:59:51 clock_gettime(0x7 /* CLOCK_??? */, {5189, 316323689}) = 0
5935  08:59:51 select(7, [3 4], [5], NULL, NULL) = 1 (out [5])
5935  08:59:51 clock_gettime(0x7 /* CLOCK_??? */, {5189, 316370475}) = 0
5935  08:59:51 write(5, "s", 1)         = 1
5935  08:59:51 clock_gettime(0x7 /* CLOCK_??? */, {5189, 316643318}) = 0
5935  08:59:51 clock_gettime(0x7 /* CLOCK_??? */, {5189, 316664803}) = 0
5935  08:59:51 select(7, [3 4], [], NULL, NULL) = 1 (in [4])
5935  08:59:52 clock_gettime(0x7 /* CLOCK_??? */, {5189, 714956052}) = 0
5935  08:59:52 read(4, "\r", 16384)     = 1
5935  08:59:52 clock_gettime(0x7 /* CLOCK_??? */, {5189, 715017844}) = 0
5935  08:59:52 clock_gettime(0x7 /* CLOCK_??? */, {5189, 715038377}) = 0
5935  08:59:52 select(7, [3 4], [3], NULL, NULL) = 1 (out [3])
5935  08:59:52 clock_gettime(0x7 /* CLOCK_??? */, {5189, 715085667}) = 0
5935  08:59:52 write(3, "\211?\375\231\255/\257\30\376\204\vT\240g\262\250\233\315\341\17\351\207J\323\264\374}gs\253`\305"..., 36) = 36
5935  08:59:52 clock_gettime(0x7 /* CLOCK_??? */, {5189, 715251479}) = 0
5935  08:59:52 clock_gettime(0x7 /* CLOCK_??? */, {5189, 715272348}) = 0
5935  08:59:52 select(7, [3 4], [], NULL, NULL) = 1 (in [3])
5935  08:59:52 clock_gettime(0x7 /* CLOCK_??? */, {5189, 717398116}) = 0
5935  08:59:52 read(3, "6\23\33\240\335B4:t\21\327\275\256\301\306+L\325\31Y\221d%K\n\231\4\321\356\f+_"..., 8192) = 36
5935  08:59:52 clock_gettime(0x7 /* CLOCK_??? */, {5189, 717460716}) = 0
5935  08:59:52 clock_gettime(0x7 /* CLOCK_??? */, {5189, 717480641}) = 0
5935  08:59:52 select(7, [3 4], [5], NULL, NULL) = 1 (out [5])
5935  08:59:52 clock_gettime(0x7 /* CLOCK_??? */, {5189, 717528289}) = 0
5935  08:59:52 write(5, "\r\n", 2)      = 2
5935  08:59:52 clock_gettime(0x7 /* CLOCK_??? */, {5189, 717785684}) = 0
5935  08:59:52 clock_gettime(0x7 /* CLOCK_??? */, {5189, 717807560}) = 0
5935  08:59:52 select(7, [3 4], [], NULL, NULL) = 1 (in [3])
5935  08:59:52 clock_gettime(0x7 /* CLOCK_??? */, {5189, 720957569}) = 0
5935  08:59:52 read(3, "VF\251\235\247,\f\347R\26jM(\226\35\266\200~\217\0269\324\27r\\\266\327o\" \232\373"..., 8192) = 92
5935  08:59:52 clock_gettime(0x7 /* CLOCK_??? */, {5189, 721022056}) = 0
5935  08:59:52 clock_gettime(0x7 /* CLOCK_??? */, {5189, 721042256}) = 0
5935  08:59:52 select(7, [3 4], [5], NULL, NULL) = 1 (out [5])
5935  08:59:52 clock_gettime(0x7 /* CLOCK_??? */, {5189, 721090273}) = 0
5935  08:59:52 write(5, "anaconda-ks.cfg\r\n\33]0;root@localh"..., 58) = 58
5935  08:59:52 clock_gettime(0x7 /* CLOCK_??? */, {5189, 721452556}) = 0
5935  08:59:52 clock_gettime(0x7 /* CLOCK_??? */, {5189, 721475301}) = 0
5935  08:59:52 select(7, [3 4], [], NULL, NULL) = 1 (in [4])
5935  08:59:52 clock_gettime(0x7 /* CLOCK_??? */, {5189, 995005500}) = 0
5935  08:59:52 read(4, "c", 16384)      = 1
5935  08:59:52 clock_gettime(0x7 /* CLOCK_??? */, {5189, 995110605}) = 0
5935  08:59:52 clock_gettime(0x7 /* CLOCK_??? */, {5189, 995149220}) = 0
5935  08:59:52 select(7, [3 4], [3], NULL, NULL) = 1 (out [3])
5935  08:59:52 clock_gettime(0x7 /* CLOCK_??? */, {5189, 995292520}) = 0
5935  08:59:52 write(3, "\257K\n\36\307\330\322Y\272S\333(P\27?&\2\275JZ\245x\367\302\346'\202\371\6\270\0328"..., 36) = 36
5935  08:59:52 clock_gettime(0x7 /* CLOCK_??? */, {5189, 995470853}) = 0
5935  08:59:52 clock_gettime(0x7 /* CLOCK_??? */, {5189, 995512193}) = 0
5935  08:59:52 select(7, [3 4], [], NULL, NULL) = 1 (in [3])
5935  08:59:52 clock_gettime(0x7 /* CLOCK_??? */, {5189, 996630875}) = 0
5935  08:59:52 read(3, "\22\235\251\343a\33j\221\215e\337C'\277\207\227\313\37\225\273\247\16Lz\253\222S\276\340\3\203\266"..., 8192) = 36
5935  08:59:52 clock_gettime(0x7 /* CLOCK_??? */, {5189, 996785112}) = 0
5935  08:59:52 clock_gettime(0x7 /* CLOCK_??? */, {5189, 996832104}) = 0
5935  08:59:52 select(7, [3 4], [5], NULL, NULL) = 1 (out [5])
5935  08:59:52 clock_gettime(0x7 /* CLOCK_??? */, {5189, 996948152}) = 0
5935  08:59:52 write(5, "c", 1)         = 1
5935  08:59:52 clock_gettime(0x7 /* CLOCK_??? */, {5189, 997348397}) = 0
5935  08:59:52 clock_gettime(0x7 /* CLOCK_??? */, {5189, 997393072}) = 0
5935  08:59:52 select(7, [3 4], [], NULL, NULL) = 1 (in [4])
5935  08:59:52 clock_gettime(0x7 /* CLOCK_??? */, {5190, 91676481}) = 0
5935  08:59:52 read(4, "d", 16384)      = 1
5935  08:59:52 clock_gettime(0x7 /* CLOCK_??? */, {5190, 91752611}) = 0
5935  08:59:52 clock_gettime(0x7 /* CLOCK_??? */, {5190, 91772968}) = 0
5935  08:59:52 select(7, [3 4], [3], NULL, NULL) = 1 (out [3])
5935  08:59:52 clock_gettime(0x7 /* CLOCK_??? */, {5190, 91819840}) = 0
5935  08:59:52 write(3, "^\21\364\27t\362/@^\224V\23)\272\354n4\355j\202\247K\275\24\216\273\222\17x\234\263\242"..., 36) = 36
5935  08:59:52 clock_gettime(0x7 /* CLOCK_??? */, {5190, 91925258}) = 0
5935  08:59:52 clock_gettime(0x7 /* CLOCK_??? */, {5190, 91945636}) = 0
5935  08:59:52 select(7, [3 4], [], NULL, NULL) = 1 (in [3])
5935  08:59:52 clock_gettime(0x7 /* CLOCK_??? */, {5190, 92620127}) = 0
5935  08:59:52 read(3, "\326)\"\242\356my\347?u\254\307\311\250\5,\265\203\363\243\271\201\373\363`\2\302S\352Rg "..., 8192) = 36
5935  08:59:52 clock_gettime(0x7 /* CLOCK_??? */, {5190, 92676512}) = 0
5935  08:59:52 clock_gettime(0x7 /* CLOCK_??? */, {5190, 92696440}) = 0
5935  08:59:52 select(7, [3 4], [5], NULL, NULL) = 1 (out [5])
5935  08:59:52 clock_gettime(0x7 /* CLOCK_??? */, {5190, 92756287}) = 0
5935  08:59:52 write(5, "d", 1)         = 1
5935  08:59:52 clock_gettime(0x7 /* CLOCK_??? */, {5190, 93006709}) = 0
5935  08:59:52 clock_gettime(0x7 /* CLOCK_??? */, {5190, 93028142}) = 0
5935  08:59:52 select(7, [3 4], [], NULL, NULL) = 1 (in [4])
5935  08:59:52 clock_gettime(0x7 /* CLOCK_??? */, {5190, 195016899}) = 0
5935  08:59:52 read(4, " ", 16384)      = 1
5935  08:59:52 clock_gettime(0x7 /* CLOCK_??? */, {5190, 195078378}) = 0
5935  08:59:52 clock_gettime(0x7 /* CLOCK_??? */, {5190, 195098540}) = 0
5935  08:59:52 select(7, [3 4], [3], NULL, NULL) = 1 (out [3])
5935  08:59:52 clock_gettime(0x7 /* CLOCK_??? */, {5190, 195145354}) = 0
5935  08:59:52 write(3, "\302\16\2262\210.a\254\221\320\177\315\234\270\236\r\254\363!\333\5P2\242X\346|=\257P\253s"..., 36) = 36
5935  08:59:52 clock_gettime(0x7 /* CLOCK_??? */, {5190, 195363017}) = 0
5935  08:59:52 clock_gettime(0x7 /* CLOCK_??? */, {5190, 195474320}) = 0
5935  08:59:52 select(7, [3 4], [], NULL, NULL) = 1 (in [3])
5935  08:59:52 clock_gettime(0x7 /* CLOCK_??? */, {5190, 196064500}) = 0
5935  08:59:52 read(3, "\247\232\207\3221\231\355\301\17\300\347f_\314F\272\275\336d3\264\350\v\323\277\310\346}\270\1A\307"..., 8192) = 36
5935  08:59:52 clock_gettime(0x7 /* CLOCK_??? */, {5190, 196121698}) = 0
5935  08:59:52 clock_gettime(0x7 /* CLOCK_??? */, {5190, 196141531}) = 0
5935  08:59:52 select(7, [3 4], [5], NULL, NULL) = 1 (out [5])
5935  08:59:52 clock_gettime(0x7 /* CLOCK_??? */, {5190, 196188566}) = 0
5935  08:59:52 write(5, " ", 1)         = 1
5935  08:59:52 clock_gettime(0x7 /* CLOCK_??? */, {5190, 196478583}) = 0
5935  08:59:52 clock_gettime(0x7 /* CLOCK_??? */, {5190, 196500147}) = 0
5935  08:59:52 select(7, [3 4], [], NULL, NULL) = 1 (in [4])
5935  08:59:53 clock_gettime(0x7 /* CLOCK_??? */, {5191, 10985597}) = 0
5935  08:59:53 read(4, "\r", 16384)     = 1
5935  08:59:53 clock_gettime(0x7 /* CLOCK_??? */, {5191, 11046517}) = 0
5935  08:59:53 clock_gettime(0x7 /* CLOCK_??? */, {5191, 11066477}) = 0
5935  08:59:53 select(7, [3 4], [3], NULL, NULL) = 1 (out [3])
5935  08:59:53 clock_gettime(0x7 /* CLOCK_??? */, {5191, 11112838}) = 0
5935  08:59:53 write(3, "4\16\4\371\"\307\222$\261Cl%5\223ghr\275=\5\254\217\10H\356\226\366\2\22\276$P"..., 36) = 36
5935  08:59:53 clock_gettime(0x7 /* CLOCK_??? */, {5191, 11241588}) = 0
5935  08:59:53 clock_gettime(0x7 /* CLOCK_??? */, {5191, 11262975}) = 0
5935  08:59:53 select(7, [3 4], [], NULL, NULL) = 1 (in [3])
5935  08:59:53 clock_gettime(0x7 /* CLOCK_??? */, {5191, 13478508}) = 0
5935  08:59:53 read(3, "\224%4=&\33\3133k\250\256$k\316|\361\3\204\333\223\352O\367\232\200\1\266\236f*\"\266"..., 8192) = 84
5935  08:59:53 clock_gettime(0x7 /* CLOCK_??? */, {5191, 13557691}) = 0
5935  08:59:53 clock_gettime(0x7 /* CLOCK_??? */, {5191, 13577702}) = 0
5935  08:59:53 select(7, [3 4], [5], NULL, NULL) = 1 (out [5])
5935  08:59:53 clock_gettime(0x7 /* CLOCK_??? */, {5191, 13625515}) = 0
5935  08:59:53 write(5, "\r\n\33]0;root@localhost:~\7[root@loc"..., 43) = 43
5935  08:59:53 clock_gettime(0x7 /* CLOCK_??? */, {5191, 13884363}) = 0
5935  08:59:53 clock_gettime(0x7 /* CLOCK_??? */, {5191, 13905268}) = 0
5935  08:59:53 select(7, [3 4], [], NULL, NULL) = 1 (in [4])
5935  08:59:54 clock_gettime(0x7 /* CLOCK_??? */, {5191, 898975228}) = 0
5935  08:59:54 read(4, "e", 16384)      = 1
5935  08:59:54 clock_gettime(0x7 /* CLOCK_??? */, {5191, 899038085}) = 0
5935  08:59:54 clock_gettime(0x7 /* CLOCK_??? */, {5191, 899058031}) = 0
5935  08:59:54 select(7, [3 4], [3], NULL, NULL) = 1 (out [3])
5935  08:59:54 clock_gettime(0x7 /* CLOCK_??? */, {5191, 899104714}) = 0
5935  08:59:54 write(3, "\304\262\273\335\252\273%X\273n\v\312\301\215\310\303V\330!M<\274\306P\331\276\222\224\34\217\33\352"..., 36) = 36
5935  08:59:54 clock_gettime(0x7 /* CLOCK_??? */, {5191, 899238802}) = 0
5935  08:59:54 clock_gettime(0x7 /* CLOCK_??? */, {5191, 899259279}) = 0
5935  08:59:54 select(7, [3 4], [], NULL, NULL) = 1 (in [3])
5935  08:59:54 clock_gettime(0x7 /* CLOCK_??? */, {5191, 900263632}) = 0
5935  08:59:54 read(3, "\370\327\0217\361\314fC:Z\"E\345V\r\217\311\364\306\276k/\325\226y=\354\344\324S\225e"..., 8192) = 36
5935  08:59:54 clock_gettime(0x7 /* CLOCK_??? */, {5191, 900322557}) = 0
5935  08:59:54 clock_gettime(0x7 /* CLOCK_??? */, {5191, 900342601}) = 0
5935  08:59:54 select(7, [3 4], [5], NULL, NULL) = 1 (out [5])
5935  08:59:54 clock_gettime(0x7 /* CLOCK_??? */, {5191, 900389765}) = 0
5935  08:59:54 write(5, "e", 1)         = 1
5935  08:59:54 clock_gettime(0x7 /* CLOCK_??? */, {5191, 900686617}) = 0
5935  08:59:54 clock_gettime(0x7 /* CLOCK_??? */, {5191, 900708870}) = 0
5935  08:59:54 select(7, [3 4], [], NULL, NULL) = 1 (in [4])
5935  08:59:54 clock_gettime(0x7 /* CLOCK_??? */, {5192, 67142530}) = 0
5935  08:59:54 read(4, "x", 16384)      = 1
5935  08:59:54 clock_gettime(0x7 /* CLOCK_??? */, {5192, 67249721}) = 0
5935  08:59:54 clock_gettime(0x7 /* CLOCK_??? */, {5192, 67271343}) = 0
5935  08:59:54 select(7, [3 4], [3], NULL, NULL) = 1 (out [3])
5935  08:59:54 clock_gettime(0x7 /* CLOCK_??? */, {5192, 67320549}) = 0
5935  08:59:54 write(3, ")\255\363\371\370\316\276\32\335G:\177\0261\235\34\374\2329\201\321\300\333\352\236\215\234\236\26)\226v"..., 36) = 36
5935  08:59:54 clock_gettime(0x7 /* CLOCK_??? */, {5192, 67450904}) = 0
5935  08:59:54 clock_gettime(0x7 /* CLOCK_??? */, {5192, 67471772}) = 0
5935  08:59:54 select(7, [3 4], [], NULL, NULL) = 1 (in [3])
5935  08:59:54 clock_gettime(0x7 /* CLOCK_??? */, {5192, 68178392}) = 0
5935  08:59:54 read(3, "\32\16\302>,\302\223Q\301P\20\340\310>$29q\310\274\222\365\0352\2429ef \206\355\321"..., 8192) = 36
5935  08:59:54 clock_gettime(0x7 /* CLOCK_??? */, {5192, 68235806}) = 0
5935  08:59:54 clock_gettime(0x7 /* CLOCK_??? */, {5192, 68255709}) = 0
5935  08:59:54 select(7, [3 4], [5], NULL, NULL) = 1 (out [5])
5935  08:59:54 clock_gettime(0x7 /* CLOCK_??? */, {5192, 68302222}) = 0
5935  08:59:54 write(5, "x", 1)         = 1
5935  08:59:54 clock_gettime(0x7 /* CLOCK_??? */, {5192, 68548346}) = 0
5935  08:59:54 clock_gettime(0x7 /* CLOCK_??? */, {5192, 68588750}) = 0
5935  08:59:54 select(7, [3 4], [], NULL, NULL) = 1 (in [4])
5935  08:59:54 clock_gettime(0x7 /* CLOCK_??? */, {5192, 203222651}) = 0
5935  08:59:54 read(4, "i", 16384)      = 1
5935  08:59:54 clock_gettime(0x7 /* CLOCK_??? */, {5192, 203283602}) = 0
5935  08:59:54 clock_gettime(0x7 /* CLOCK_??? */, {5192, 203303341}) = 0
5935  08:59:54 select(7, [3 4], [3], NULL, NULL) = 1 (out [3])
5935  08:59:54 clock_gettime(0x7 /* CLOCK_??? */, {5192, 203350058}) = 0
5935  08:59:54 write(3, "G\304\36f?w8\242k\335\256\353\302Q\366AT9\324\332\224\232st/\306\214\305!\203\336\372"..., 36) = 36
5935  08:59:54 clock_gettime(0x7 /* CLOCK_??? */, {5192, 203476987}) = 0
5935  08:59:54 clock_gettime(0x7 /* CLOCK_??? */, {5192, 203509178}) = 0
5935  08:59:54 select(7, [3 4], [], NULL, NULL) = 1 (in [3])
5935  08:59:54 clock_gettime(0x7 /* CLOCK_??? */, {5192, 203975846}) = 0
5935  08:59:54 read(3, "\374\253\235Eg\235\340\223HULV\203\201\272j\245\34\237D\367\330\300MLI(0\36\346\305\326"..., 8192) = 36
5935  08:59:54 clock_gettime(0x7 /* CLOCK_??? */, {5192, 204045908}) = 0
5935  08:59:54 clock_gettime(0x7 /* CLOCK_??? */, {5192, 204065574}) = 0
5935  08:59:54 select(7, [3 4], [5], NULL, NULL) = 1 (out [5])
5935  08:59:54 clock_gettime(0x7 /* CLOCK_??? */, {5192, 204112360}) = 0
5935  08:59:54 write(5, "i", 1)         = 1
5935  08:59:54 clock_gettime(0x7 /* CLOCK_??? */, {5192, 204417336}) = 0
5935  08:59:54 clock_gettime(0x7 /* CLOCK_??? */, {5192, 204439127}) = 0
5935  08:59:54 select(7, [3 4], [], NULL, NULL) = 1 (in [4])
5935  08:59:54 clock_gettime(0x7 /* CLOCK_??? */, {5192, 331096886}) = 0
5935  08:59:54 read(4, "t", 16384)      = 1
5935  08:59:54 clock_gettime(0x7 /* CLOCK_??? */, {5192, 331158874}) = 0
5935  08:59:54 clock_gettime(0x7 /* CLOCK_??? */, {5192, 331178818}) = 0
5935  08:59:54 select(7, [3 4], [3], NULL, NULL) = 1 (out [3])
5935  08:59:54 clock_gettime(0x7 /* CLOCK_??? */, {5192, 331226938}) = 0
5935  08:59:54 write(3, "S\206l\7\351-\251\324\330'N\244\344\177\334UT\311\262\362h<\211\257\354q23@\1^\206"..., 36) = 36
5935  08:59:54 clock_gettime(0x7 /* CLOCK_??? */, {5192, 331333612}) = 0
5935  08:59:54 clock_gettime(0x7 /* CLOCK_??? */, {5192, 331353915}) = 0
5935  08:59:54 select(7, [3 4], [], NULL, NULL) = 1 (in [3])
5935  08:59:54 clock_gettime(0x7 /* CLOCK_??? */, {5192, 331857856}) = 0
5935  08:59:54 read(3, "\4\17\326\366Fcp\247A-\221\6>q{M_j\20\374\332\333\242\351\266\203d3\254\234\307\372"..., 8192) = 36
5935  08:59:54 clock_gettime(0x7 /* CLOCK_??? */, {5192, 331915395}) = 0
5935  08:59:54 clock_gettime(0x7 /* CLOCK_??? */, {5192, 331935712}) = 0
5935  08:59:54 select(7, [3 4], [5], NULL, NULL) = 1 (out [5])
5935  08:59:54 clock_gettime(0x7 /* CLOCK_??? */, {5192, 331982922}) = 0
5935  08:59:54 write(5, "t", 1)         = 1
5935  08:59:54 clock_gettime(0x7 /* CLOCK_??? */, {5192, 332241871}) = 0
5935  08:59:54 clock_gettime(0x7 /* CLOCK_??? */, {5192, 332263493}) = 0
5935  08:59:54 select(7, [3 4], [], NULL, NULL) = 1 (in [4])
5935  08:59:55 clock_gettime(0x7 /* CLOCK_??? */, {5192, 660780966}) = 0
5935  08:59:55 read(4, "\r", 16384)     = 1
5935  08:59:55 clock_gettime(0x7 /* CLOCK_??? */, {5192, 660842337}) = 0
5935  08:59:55 clock_gettime(0x7 /* CLOCK_??? */, {5192, 660862336}) = 0
5935  08:59:55 select(7, [3 4], [3], NULL, NULL) = 1 (out [3])
5935  08:59:55 clock_gettime(0x7 /* CLOCK_??? */, {5192, 660908709}) = 0
5935  08:59:55 write(3, "S!\347\315\362=\200\353\355\177\26\330\316\236\347\"\226\255\232\243O\370\222^\344p:\ng\314'\352"..., 36) = 36
5935  08:59:55 clock_gettime(0x7 /* CLOCK_??? */, {5192, 661016980}) = 0
5935  08:59:55 clock_gettime(0x7 /* CLOCK_??? */, {5192, 661037696}) = 0
5935  08:59:55 select(7, [3 4], [], NULL, NULL) = 1 (in [3])
5935  08:59:55 clock_gettime(0x7 /* CLOCK_??? */, {5192, 663184178}) = 0
5935  08:59:55 read(3, "2\10L+C\371\r4,]\4\257&\35j\230=.\236$\264\204Sx\227\213\20\v\332[\345\32"..., 8192) = 220
5935  08:59:55 close(4)                 = 0
5935  08:59:55 clock_gettime(0x7 /* CLOCK_??? */, {5192, 663279030}) = 0
5935  08:59:55 clock_gettime(0x7 /* CLOCK_??? */, {5192, 663299169}) = 0
5935  08:59:55 select(7, [3], [5], NULL, NULL) = 1 (out [5])
5935  08:59:55 clock_gettime(0x7 /* CLOCK_??? */, {5192, 663346761}) = 0
5935  08:59:55 write(5, "\r\nlogout\r\n", 10) = 10
5935  08:59:55 clock_gettime(0x7 /* CLOCK_??? */, {5192, 663622770}) = 0
5935  08:59:55 clock_gettime(0x7 /* CLOCK_??? */, {5192, 663644513}) = 0
5935  08:59:55 close(5)                 = 0
5935  08:59:55 ioctl(0, SNDCTL_TMR_STOP or SNDRV_TIMER_IOCTL_GINFO or TCSETSW, {B38400 opost isig icanon echo ...}) = 0
5935  08:59:55 close(6)                 = 0
5935  08:59:55 select(7, [3], [3], NULL, NULL) = 1 (out [3])
5935  08:59:55 clock_gettime(0x7 /* CLOCK_??? */, {5192, 663807954}) = 0
5935  08:59:55 write(3, "\321+1\6\330\206\20\246\320\364L\233\275}\246C\257\226\16\20\377f\305\337\2433ap\256\r{\5"..., 36) = 36
5935  08:59:55 rt_sigaction(SIGWINCH, NULL, {0x7f810cd156a0, [], SA_RESTORER, 0x7f810b883670}, 8) = 0
5935  08:59:55 rt_sigaction(SIGWINCH, {SIG_DFL, [], SA_RESTORER, 0x7f810b883670}, NULL, 8) = 0
5935  08:59:55 write(3, ")\n\360Y\24\334\260eh\21\345P\350\331\257\332\315\355V\333\203\36\301\357\375\27\341\330\271k!\322"..., 60) = 60
5935  08:59:55 ioctl(0, SNDCTL_TMR_TIMEBASE or SNDRV_TIMER_IOCTL_NEXT_DEVICE or TCGETS, {B38400 opost isig icanon echo ...}) = 0
5935  08:59:55 ioctl(1, SNDCTL_TMR_TIMEBASE or SNDRV_TIMER_IOCTL_NEXT_DEVICE or TCGETS, {B38400 opost isig icanon echo ...}) = 0
5935  08:59:55 ioctl(2, SNDCTL_TMR_TIMEBASE or SNDRV_TIMER_IOCTL_NEXT_DEVICE or TCGETS, {B38400 opost isig icanon echo ...}) = 0
5935  08:59:55 write(2, "Connection to 192.168.0.10 close"..., 36) = 36
5935  08:59:55 close(3)                 = 0
5935  08:59:55 write(1, "random tag: jfrm9", 17) = 17
5935  08:59:55 exit_group(0)            = ?
5935  08:59:55 +++ exited with 0 +++
