3660  08:04:26 select(4, [3], NULL, NULL, NULL) = 1 (in [3])
3660  08:04:28 read(3, "\30\30\207\231\326\355\361\f\331\305!\357\2lP\246\201\223_\315+\2B\370#\216\205 rx\305\362"..., 8192) = 84
3660  08:04:28 stat("/home/matt/.ssh/id_rsa", 0x7ffd541cea50) = -1 ENOENT (No such file or directory)
3660  08:04:28 stat("/home/matt/.ssh/id_dsa", 0x7ffd541cea50) = -1 ENOENT (No such file or directory)
3660  08:04:28 stat("/home/matt/.ssh/id_ecdsa", 0x7ffd541cea50) = -1 ENOENT (No such file or directory)
3660  08:04:28 stat("/home/matt/.ssh/id_ed25519", 0x7ffd541cea50) = -1 ENOENT (No such file or directory)
3660  08:04:28 open("/dev/tty", O_RDWR) = 4
3660  08:04:28 close(4)                 = 0
3660  08:04:28 open("/dev/tty", O_RDWR) = 4
3660  08:04:28 ioctl(4, SNDCTL_TMR_TIMEBASE or SNDRV_TIMER_IOCTL_NEXT_DEVICE or TCGETS, {B38400 opost isig icanon echo ...}) = 0
3660  08:04:28 ioctl(4, SNDCTL_TMR_CONTINUE or SNDRV_TIMER_IOCTL_GPARAMS or TCSETSF, {B38400 opost isig icanon -echo ...}) = 0
3660  08:04:28 rt_sigaction(SIGALRM, {0x7f5c00de5370, [], SA_RESTORER, 0x7f5bff8fd670}, {SIG_DFL, [], 0}, 8) = 0
3660  08:04:28 rt_sigaction(SIGHUP, {0x7f5c00de5370, [], SA_RESTORER, 0x7f5bff8fd670}, {SIG_DFL, [], 0}, 8) = 0
3660  08:04:28 rt_sigaction(SIGINT, {0x7f5c00de5370, [], SA_RESTORER, 0x7f5bff8fd670}, {SIG_DFL, [], 0}, 8) = 0
3660  08:04:28 rt_sigaction(SIGPIPE, {0x7f5c00de5370, [], SA_RESTORER, 0x7f5bff8fd670}, {SIG_IGN, [], SA_RESTORER, 0x7f5bff8fd670}, 8) = 0
3660  08:04:28 rt_sigaction(SIGQUIT, {0x7f5c00de5370, [], SA_RESTORER, 0x7f5bff8fd670}, {SIG_DFL, [], 0}, 8) = 0
3660  08:04:28 rt_sigaction(SIGTERM, {0x7f5c00de5370, [], SA_RESTORER, 0x7f5bff8fd670}, {SIG_DFL, [], 0}, 8) = 0
3660  08:04:28 rt_sigaction(SIGTSTP, {0x7f5c00de5370, [], SA_RESTORER, 0x7f5bff8fd670}, {SIG_DFL, [], 0}, 8) = 0
3660  08:04:28 rt_sigaction(SIGTTIN, {0x7f5c00de5370, [], SA_RESTORER, 0x7f5bff8fd670}, {SIG_DFL, [], 0}, 8) = 0
3660  08:04:28 rt_sigaction(SIGTTOU, {0x7f5c00de5370, [], SA_RESTORER, 0x7f5bff8fd670}, {SIG_DFL, [], 0}, 8) = 0
3660  08:04:28 write(4, "root@192.168.0.10's password: ", 30) = 30
3660  08:04:28 read(4, "q", 1)          = 1
3660  08:04:28 read(4, "w", 1)          = 1
3660  08:04:28 read(4, "e", 1)          = 1
3660  08:04:28 read(4, "r", 1)          = 1
3660  08:04:28 read(4, "t", 1)          = 1
3660  08:04:28 read(4, "\n", 1)         = 1
3660  08:04:28 write(4, "\n", 1)        = 1
3660  08:04:28 ioctl(4, SNDCTL_TMR_CONTINUE or SNDRV_TIMER_IOCTL_GPARAMS or TCSETSF, {B38400 opost isig icanon echo ...}) = 0
3660  08:04:28 rt_sigaction(SIGALRM, {SIG_DFL, [], SA_RESTORER, 0x7f5bff8fd670}, NULL, 8) = 0
3660  08:04:28 rt_sigaction(SIGHUP, {SIG_DFL, [], SA_RESTORER, 0x7f5bff8fd670}, NULL, 8) = 0
3660  08:04:28 rt_sigaction(SIGINT, {SIG_DFL, [], SA_RESTORER, 0x7f5bff8fd670}, NULL, 8) = 0
3660  08:04:28 rt_sigaction(SIGQUIT, {SIG_DFL, [], SA_RESTORER, 0x7f5bff8fd670}, NULL, 8) = 0
3660  08:04:28 rt_sigaction(SIGPIPE, {SIG_IGN, [], SA_RESTORER, 0x7f5bff8fd670}, NULL, 8) = 0
3660  08:04:28 rt_sigaction(SIGTERM, {SIG_DFL, [], SA_RESTORER, 0x7f5bff8fd670}, NULL, 8) = 0
3660  08:04:28 rt_sigaction(SIGTSTP, {SIG_DFL, [], SA_RESTORER, 0x7f5bff8fd670}, NULL, 8) = 0
3660  08:04:28 rt_sigaction(SIGTTIN, {SIG_DFL, [], SA_RESTORER, 0x7f5bff8fd670}, NULL, 8) = 0
3660  08:04:28 rt_sigaction(SIGTTOU, {SIG_DFL, [], SA_RESTORER, 0x7f5bff8fd670}, NULL, 8) = 0
3660  08:04:28 close(4)                 = 0
3660  08:04:28 write(3, "\216Y`\315k\202\2756\2505\273\267O\356S\34\236\215\16\212e\365\222\245\331\336j)\30\257\345\357"..., 84) = 84
3660  08:04:28 select(4, [3], NULL, NULL, NULL) = 1 (in [3])
3660  08:04:28 read(3, "\v\331\377o\342+\274\325i\270W\226\t8\334_S\31>d\36\307\311\320lT\304#", 8192) = 28
3660  08:04:28 dup(0)                   = 4
3660  08:04:28 dup(1)                   = 5
3660  08:04:28 dup(2)                   = 6
3660  08:04:28 ioctl(4, SNDCTL_TMR_TIMEBASE or SNDRV_TIMER_IOCTL_NEXT_DEVICE or TCGETS, {B38400 opost isig icanon echo ...}) = 0
3660  08:04:28 ioctl(5, SNDCTL_TMR_TIMEBASE or SNDRV_TIMER_IOCTL_NEXT_DEVICE or TCGETS, {B38400 opost isig icanon echo ...}) = 0
3660  08:04:28 ioctl(6, SNDCTL_TMR_TIMEBASE or SNDRV_TIMER_IOCTL_NEXT_DEVICE or TCGETS, {B38400 opost isig icanon echo ...}) = 0
3660  08:04:28 fcntl(4, F_SETFD, FD_CLOEXEC) = 0
3660  08:04:28 fcntl(5, F_SETFD, FD_CLOEXEC) = 0
3660  08:04:28 fcntl(6, F_SETFD, FD_CLOEXEC) = 0
3660  08:04:28 rt_sigaction(SIGHUP, NULL, {SIG_DFL, [], SA_RESTORER, 0x7f5bff8fd670}, 8) = 0
3660  08:04:28 rt_sigaction(SIGHUP, {SIG_IGN, [], SA_RESTORER, 0x7f5bff8fd670}, NULL, 8) = 0
3660  08:04:28 rt_sigaction(SIGHUP, NULL, {SIG_IGN, [], SA_RESTORER, 0x7f5bff8fd670}, 8) = 0
3660  08:04:28 rt_sigaction(SIGHUP, {0x7f5c00d8f410, [], SA_RESTORER, 0x7f5bff8fd670}, NULL, 8) = 0
3660  08:04:28 rt_sigaction(SIGINT, NULL, {SIG_DFL, [], SA_RESTORER, 0x7f5bff8fd670}, 8) = 0
3660  08:04:28 rt_sigaction(SIGINT, {SIG_IGN, [], SA_RESTORER, 0x7f5bff8fd670}, NULL, 8) = 0
3660  08:04:28 rt_sigaction(SIGINT, NULL, {SIG_IGN, [], SA_RESTORER, 0x7f5bff8fd670}, 8) = 0
3660  08:04:28 rt_sigaction(SIGINT, {0x7f5c00d8f410, [], SA_RESTORER, 0x7f5bff8fd670}, NULL, 8) = 0
3660  08:04:28 rt_sigaction(SIGQUIT, NULL, {SIG_DFL, [], SA_RESTORER, 0x7f5bff8fd670}, 8) = 0
3660  08:04:28 rt_sigaction(SIGQUIT, {SIG_IGN, [], SA_RESTORER, 0x7f5bff8fd670}, NULL, 8) = 0
3660  08:04:28 rt_sigaction(SIGQUIT, NULL, {SIG_IGN, [], SA_RESTORER, 0x7f5bff8fd670}, 8) = 0
3660  08:04:28 rt_sigaction(SIGQUIT, {0x7f5c00d8f410, [], SA_RESTORER, 0x7f5bff8fd670}, NULL, 8) = 0
3660  08:04:28 rt_sigaction(SIGTERM, NULL, {SIG_DFL, [], SA_RESTORER, 0x7f5bff8fd670}, 8) = 0
3660  08:04:28 rt_sigaction(SIGTERM, {SIG_IGN, [], SA_RESTORER, 0x7f5bff8fd670}, NULL, 8) = 0
3660  08:04:28 rt_sigaction(SIGTERM, NULL, {SIG_IGN, [], SA_RESTORER, 0x7f5bff8fd670}, 8) = 0
3660  08:04:28 rt_sigaction(SIGTERM, {0x7f5c00d8f410, [], SA_RESTORER, 0x7f5bff8fd670}, NULL, 8) = 0
3660  08:04:28 rt_sigaction(SIGWINCH, NULL, {SIG_DFL, [], 0}, 8) = 0
3660  08:04:28 rt_sigaction(SIGWINCH, {0x7f5c00d8f6a0, [], SA_RESTORER, 0x7f5bff8fd670}, NULL, 8) = 0
3660  08:04:28 ioctl(0, SNDCTL_TMR_TIMEBASE or SNDRV_TIMER_IOCTL_NEXT_DEVICE or TCGETS, {B38400 opost isig icanon echo ...}) = 0
3660  08:04:28 ioctl(0, SNDCTL_TMR_STOP or SNDRV_TIMER_IOCTL_GINFO or TCSETSW, {B38400 -opost -isig -icanon -echo ...}) = 0
3660  08:04:28 clock_gettime(0x7 /* CLOCK_??? */, {1866, 43784765}) = 0
3660  08:04:28 clock_gettime(0x7 /* CLOCK_??? */, {1866, 43817822}) = 0
3660  08:04:28 select(7, [3], [3], NULL, NULL) = 1 (out [3])
3660  08:04:28 clock_gettime(0x7 /* CLOCK_??? */, {1866, 43865347}) = 0
3660  08:04:28 write(3, "[~m:!^_\31R\243=\313\265@z\214\315\241\271\20\25\203\214\271\246\326zI\237\257\3746"..., 112) = 112
3660  08:04:28 clock_gettime(0x7 /* CLOCK_??? */, {1866, 43983601}) = 0
3660  08:04:28 clock_gettime(0x7 /* CLOCK_??? */, {1866, 44004168}) = 0
3660  08:04:28 select(7, [3], [], NULL, NULL) = 1 (in [3])
3660  08:04:28 clock_gettime(0x7 /* CLOCK_??? */, {1866, 339689866}) = 0
3660  08:04:28 read(3, ",\20\360[\231:\215\341:\236\267\230\\O\371x\334\2038\1\241\r4\t\220\362\316\273m\263\256b"..., 8192) = 44
3660  08:04:28 getsockopt(3, SOL_TCP, TCP_NODELAY, [0], [4]) = 0
3660  08:04:28 setsockopt(3, SOL_TCP, TCP_NODELAY, [1], 4) = 0
3660  08:04:28 getsockname(3, {sa_family=AF_INET, sin_port=htons(53333), sin_addr=inet_addr("192.168.0.150")}, [16]) = 0
3660  08:04:28 setsockopt(3, SOL_IP, IP_TOS, [16], 4) = 0
3660  08:04:28 ioctl(0, TIOCGWINSZ, {ws_row=39, ws_col=87, ws_xpixel=0, ws_ypixel=0}) = 0
3660  08:04:28 clock_gettime(0x7 /* CLOCK_??? */, {1866, 340163489}) = 0
3660  08:04:28 clock_gettime(0x7 /* CLOCK_??? */, {1866, 340203829}) = 0
3660  08:04:28 select(7, [3], [3], NULL, NULL) = 1 (out [3])
3660  08:04:28 clock_gettime(0x7 /* CLOCK_??? */, {1866, 340295310}) = 0
3660  08:04:28 write(3, "\203\222\20\21\240\32\316\34\220\327\0\351\230Z\35a\24l\255\24\256\202\276\2458\271xB\22)\233\7"..., 376) = 376
3660  08:04:28 clock_gettime(0x7 /* CLOCK_??? */, {1866, 340481546}) = 0
3660  08:04:28 clock_gettime(0x7 /* CLOCK_??? */, {1866, 340519702}) = 0
3660  08:04:28 select(7, [3], [], NULL, NULL) = 1 (in [3])
3660  08:04:28 clock_gettime(0x7 /* CLOCK_??? */, {1866, 375842459}) = 0
3660  08:04:28 read(3, "\240\32\177\305\0015\v)\225\315$!V\270\266\351\354{#U\335\4\243\374\217\206\10\233\2127m\364"..., 8192) = 108
3660  08:04:28 clock_gettime(0x7 /* CLOCK_??? */, {1866, 375915878}) = 0
3660  08:04:28 clock_gettime(0x7 /* CLOCK_??? */, {1866, 375937022}) = 0
3660  08:04:28 select(7, [3 4], [], NULL, NULL) = 1 (in [3])
3660  08:04:28 clock_gettime(0x7 /* CLOCK_??? */, {1866, 386488073}) = 0
3660  08:04:28 read(3, "\221\356Q\352\266\370\3248\r1\5Q\301WM\275v\215\227\366\226k\343\7\7 \25\335\3668S\331"..., 8192) = 92
3660  08:04:28 clock_gettime(0x7 /* CLOCK_??? */, {1866, 386609308}) = 0
3660  08:04:28 clock_gettime(0x7 /* CLOCK_??? */, {1866, 386630052}) = 0
3660  08:04:28 select(7, [3 4], [5], NULL, NULL) = 1 (out [5])
3660  08:04:28 clock_gettime(0x7 /* CLOCK_??? */, {1866, 386678168}) = 0
3660  08:04:28 write(5, "Last login: Sun Oct 22 01:00:38 "..., 58) = 58
3660  08:04:28 clock_gettime(0x7 /* CLOCK_??? */, {1866, 386942157}) = 0
3660  08:04:28 clock_gettime(0x7 /* CLOCK_??? */, {1866, 386963669}) = 0
3660  08:04:28 select(7, [3 4], [], NULL, NULL) = 1 (in [3])
3660  08:04:29 clock_gettime(0x7 /* CLOCK_??? */, {1866, 768408576}) = 0
3660  08:04:29 read(3, "\0109\224\330\323$\36\304\350\217\tE\224\21\v\234U\227\255kiR\336\352\0205Vn:v9J"..., 8192) = 84
3660  08:04:29 clock_gettime(0x7 /* CLOCK_??? */, {1866, 768511328}) = 0
3660  08:04:29 clock_gettime(0x7 /* CLOCK_??? */, {1866, 768553262}) = 0
3660  08:04:29 select(7, [3 4], [5], NULL, NULL) = 1 (out [5])
3660  08:04:29 clock_gettime(0x7 /* CLOCK_??? */, {1866, 768644561}) = 0
3660  08:04:29 write(5, "\33]0;root@localhost:~\7\33[?1034h[ro"..., 49) = 49
3660  08:04:29 clock_gettime(0x7 /* CLOCK_??? */, {1866, 769017138}) = 0
3660  08:04:29 clock_gettime(0x7 /* CLOCK_??? */, {1866, 769056299}) = 0
3660  08:04:29 select(7, [3 4], [], NULL, NULL) = 1 (in [4])
3660  08:04:42 clock_gettime(0x7 /* CLOCK_??? */, {1879, 705122189}) = 0
3660  08:04:42 read(4, "\r", 16384)     = 1
3660  08:04:42 clock_gettime(0x7 /* CLOCK_??? */, {1879, 705190667}) = 0
3660  08:04:42 clock_gettime(0x7 /* CLOCK_??? */, {1879, 705210927}) = 0
3660  08:04:42 select(7, [3 4], [3], NULL, NULL) = 1 (out [3])
3660  08:04:42 clock_gettime(0x7 /* CLOCK_??? */, {1879, 705258051}) = 0
3660  08:04:42 write(3, "\221\311\305\275\330,\3276\25Zd\362xQ\267\312\337\266Mc\306\243\341\30\375\31\271A\303\242\237\204"..., 36) = 36
3660  08:04:42 clock_gettime(0x7 /* CLOCK_??? */, {1879, 705386327}) = 0
3660  08:04:42 clock_gettime(0x7 /* CLOCK_??? */, {1879, 705407200}) = 0
3660  08:04:42 select(7, [3 4], [], NULL, NULL) = 1 (in [3])
3660  08:04:42 clock_gettime(0x7 /* CLOCK_??? */, {1879, 706297159}) = 0
3660  08:04:42 read(3, "\304\206V\224l\323KA\344\264u\242)q\200\265\4\311\324\264\363gC\1x\36\217\322\nw\320\30"..., 8192) = 84
3660  08:04:42 clock_gettime(0x7 /* CLOCK_??? */, {1879, 706357817}) = 0
3660  08:04:42 clock_gettime(0x7 /* CLOCK_??? */, {1879, 706393290}) = 0
3660  08:04:42 select(7, [3 4], [5], NULL, NULL) = 1 (out [5])
3660  08:04:42 clock_gettime(0x7 /* CLOCK_??? */, {1879, 706440877}) = 0
3660  08:04:42 write(5, "\r\n\33]0;root@localhost:~\7[root@loc"..., 43) = 43
3660  08:04:42 clock_gettime(0x7 /* CLOCK_??? */, {1879, 706736053}) = 0
3660  08:04:42 clock_gettime(0x7 /* CLOCK_??? */, {1879, 706760156}) = 0
3660  08:04:42 select(7, [3 4], [], NULL, NULL) = 1 (in [4])
3660  08:04:42 clock_gettime(0x7 /* CLOCK_??? */, {1880, 72852729}) = 0
3660  08:04:42 read(4, "l", 16384)      = 1
3660  08:04:42 clock_gettime(0x7 /* CLOCK_??? */, {1880, 72987791}) = 0
3660  08:04:42 clock_gettime(0x7 /* CLOCK_??? */, {1880, 73048908}) = 0
3660  08:04:42 select(7, [3 4], [3], NULL, NULL) = 1 (out [3])
3660  08:04:42 clock_gettime(0x7 /* CLOCK_??? */, {1880, 73114787}) = 0
3660  08:04:42 write(3, "\3666\376\320\2703\t\325\0m\364\275{\333\177\2028Y\235\354oTZ\267\370\252\265\353\\=\314\375"..., 36) = 36
3660  08:04:42 clock_gettime(0x7 /* CLOCK_??? */, {1880, 73271449}) = 0
3660  08:04:42 clock_gettime(0x7 /* CLOCK_??? */, {1880, 73292445}) = 0
3660  08:04:42 select(7, [3 4], [], NULL, NULL) = 1 (in [3])
3660  08:04:42 clock_gettime(0x7 /* CLOCK_??? */, {1880, 73851025}) = 0
3660  08:04:42 read(3, "\373W\344\241\255\330/\314\v&\225\10\206[\240\3649\332\225p\202\226s\213\256Gfq\221d\321B"..., 8192) = 36
3660  08:04:42 clock_gettime(0x7 /* CLOCK_??? */, {1880, 73911475}) = 0
3660  08:04:42 clock_gettime(0x7 /* CLOCK_??? */, {1880, 73932098}) = 0
3660  08:04:42 select(7, [3 4], [5], NULL, NULL) = 1 (out [5])
3660  08:04:42 clock_gettime(0x7 /* CLOCK_??? */, {1880, 73980062}) = 0
3660  08:04:42 write(5, "l", 1)         = 1
3660  08:04:42 clock_gettime(0x7 /* CLOCK_??? */, {1880, 74282407}) = 0
3660  08:04:42 clock_gettime(0x7 /* CLOCK_??? */, {1880, 74304570}) = 0
3660  08:04:42 select(7, [3 4], [], NULL, NULL) = 1 (in [4])
3660  08:04:42 clock_gettime(0x7 /* CLOCK_??? */, {1880, 233013367}) = 0
3660  08:04:42 read(4, "s", 16384)      = 1
3660  08:04:42 clock_gettime(0x7 /* CLOCK_??? */, {1880, 233075722}) = 0
3660  08:04:42 clock_gettime(0x7 /* CLOCK_??? */, {1880, 233095880}) = 0
3660  08:04:42 select(7, [3 4], [3], NULL, NULL) = 1 (out [3])
3660  08:04:42 clock_gettime(0x7 /* CLOCK_??? */, {1880, 233142240}) = 0
3660  08:04:42 write(3, "\376\6g\370\231\312\t\206\332G\375\214\214'N\2733\21\25\373\360\354\347%\337\353j\203\250\325\362\271"..., 36) = 36
3660  08:04:42 clock_gettime(0x7 /* CLOCK_??? */, {1880, 233264937}) = 0
3660  08:04:42 clock_gettime(0x7 /* CLOCK_??? */, {1880, 233285612}) = 0
3660  08:04:42 select(7, [3 4], [], NULL, NULL) = 1 (in [3])
3660  08:04:42 clock_gettime(0x7 /* CLOCK_??? */, {1880, 234209832}) = 0
3660  08:04:42 read(3, "`\7B\337\220\257\0\234\257\241\356PW\245 |6\231L\222\372X\365s\370L\375\177\215M\4\205"..., 8192) = 36
3660  08:04:42 clock_gettime(0x7 /* CLOCK_??? */, {1880, 234268465}) = 0
3660  08:04:42 clock_gettime(0x7 /* CLOCK_??? */, {1880, 234288292}) = 0
3660  08:04:42 select(7, [3 4], [5], NULL, NULL) = 1 (out [5])
3660  08:04:42 clock_gettime(0x7 /* CLOCK_??? */, {1880, 234335583}) = 0
3660  08:04:42 write(5, "s", 1)         = 1
3660  08:04:42 clock_gettime(0x7 /* CLOCK_??? */, {1880, 234618026}) = 0
3660  08:04:42 clock_gettime(0x7 /* CLOCK_??? */, {1880, 234639747}) = 0
3660  08:04:42 select(7, [3 4], [], NULL, NULL) = 1 (in [4])
3660  08:04:42 clock_gettime(0x7 /* CLOCK_??? */, {1880, 337060157}) = 0
3660  08:04:42 read(4, "\r", 16384)     = 1
3660  08:04:42 clock_gettime(0x7 /* CLOCK_??? */, {1880, 337167159}) = 0
3660  08:04:42 clock_gettime(0x7 /* CLOCK_??? */, {1880, 337202916}) = 0
3660  08:04:42 select(7, [3 4], [3], NULL, NULL) = 1 (out [3])
3660  08:04:42 clock_gettime(0x7 /* CLOCK_??? */, {1880, 337297289}) = 0
3660  08:04:42 write(3, "F\323-\4\251\304\373G\375\372\370S!\371\357\27W}8\2412\322G\355;\367\235\364\210B(Y"..., 36) = 36
3660  08:04:42 clock_gettime(0x7 /* CLOCK_??? */, {1880, 337489645}) = 0
3660  08:04:42 clock_gettime(0x7 /* CLOCK_??? */, {1880, 337528340}) = 0
3660  08:04:42 select(7, [3 4], [], NULL, NULL) = 1 (in [3])
3660  08:04:42 clock_gettime(0x7 /* CLOCK_??? */, {1880, 339387298}) = 0
3660  08:04:42 read(3, "G\231\253\313\24\350\273\304\314\343\5\251\305fk]\302j\370\30\235A\347\265|\343\226\251\\\200\326^"..., 8192) = 36
3660  08:04:42 clock_gettime(0x7 /* CLOCK_??? */, {1880, 339511445}) = 0
3660  08:04:42 clock_gettime(0x7 /* CLOCK_??? */, {1880, 339551099}) = 0
3660  08:04:42 select(7, [3 4], [5], NULL, NULL) = 1 (out [5])
3660  08:04:42 clock_gettime(0x7 /* CLOCK_??? */, {1880, 339648935}) = 0
3660  08:04:42 write(5, "\r\n", 2)      = 2
3660  08:04:42 clock_gettime(0x7 /* CLOCK_??? */, {1880, 339998456}) = 0
3660  08:04:42 clock_gettime(0x7 /* CLOCK_??? */, {1880, 340034252}) = 0
3660  08:04:42 select(7, [3 4], [], NULL, NULL) = 1 (in [3])
3660  08:04:42 clock_gettime(0x7 /* CLOCK_??? */, {1880, 342926718}) = 0
3660  08:04:42 read(3, "s@w\215g\tYg*\330\211\353\34Z\\\30)NA^\212Y\347\210`\220\0\237]\311\233H"..., 8192) = 92
3660  08:04:42 clock_gettime(0x7 /* CLOCK_??? */, {1880, 343005341}) = 0
3660  08:04:42 clock_gettime(0x7 /* CLOCK_??? */, {1880, 343028069}) = 0
3660  08:04:42 select(7, [3 4], [5], NULL, NULL) = 1 (out [5])
3660  08:04:42 clock_gettime(0x7 /* CLOCK_??? */, {1880, 343098486}) = 0
3660  08:04:42 write(5, "anaconda-ks.cfg\r\n\33]0;root@localh"..., 58) = 58
3660  08:04:42 clock_gettime(0x7 /* CLOCK_??? */, {1880, 343519355}) = 0
3660  08:04:42 clock_gettime(0x7 /* CLOCK_??? */, {1880, 343543668}) = 0
3660  08:04:42 select(7, [3 4], [], NULL, NULL) = 1 (in [4])
3660  08:04:43 clock_gettime(0x7 /* CLOCK_??? */, {1880, 890791646}) = 0
3660  08:04:43 read(4, "c", 16384)      = 1
3660  08:04:43 clock_gettime(0x7 /* CLOCK_??? */, {1880, 890853360}) = 0
3660  08:04:43 clock_gettime(0x7 /* CLOCK_??? */, {1880, 890873556}) = 0
3660  08:04:43 select(7, [3 4], [3], NULL, NULL) = 1 (out [3])
3660  08:04:43 clock_gettime(0x7 /* CLOCK_??? */, {1880, 890920425}) = 0
3660  08:04:43 write(3, "\371\31y\303\374\373/\202C)\30F\23\305\"\31qCX_f\201l\233l\246^q\371\346\35\344"..., 36) = 36
3660  08:04:43 clock_gettime(0x7 /* CLOCK_??? */, {1880, 891029719}) = 0
3660  08:04:43 clock_gettime(0x7 /* CLOCK_??? */, {1880, 891050487}) = 0
3660  08:04:43 select(7, [3 4], [], NULL, NULL) = 1 (in [3])
3660  08:04:43 clock_gettime(0x7 /* CLOCK_??? */, {1880, 891652937}) = 0
3660  08:04:43 read(3, "\214\251\243|\257\336\345\263\26\364\236\364\207\f\31\310\320ip\222\307\343M\226g\306G\26\r\32E\230"..., 8192) = 36
3660  08:04:43 clock_gettime(0x7 /* CLOCK_??? */, {1880, 891712153}) = 0
3660  08:04:43 clock_gettime(0x7 /* CLOCK_??? */, {1880, 891732260}) = 0
3660  08:04:43 select(7, [3 4], [5], NULL, NULL) = 1 (out [5])
3660  08:04:43 clock_gettime(0x7 /* CLOCK_??? */, {1880, 891779780}) = 0
3660  08:04:43 write(5, "c", 1)         = 1
3660  08:04:43 clock_gettime(0x7 /* CLOCK_??? */, {1880, 892030162}) = 0
3660  08:04:43 clock_gettime(0x7 /* CLOCK_??? */, {1880, 892052483}) = 0
3660  08:04:43 select(7, [3 4], [], NULL, NULL) = 1 (in [4])
3660  08:04:43 clock_gettime(0x7 /* CLOCK_??? */, {1880, 945130968}) = 0
3660  08:04:43 read(4, "d", 16384)      = 1
3660  08:04:43 clock_gettime(0x7 /* CLOCK_??? */, {1880, 945193617}) = 0
3660  08:04:43 clock_gettime(0x7 /* CLOCK_??? */, {1880, 945213862}) = 0
3660  08:04:43 select(7, [3 4], [3], NULL, NULL) = 1 (out [3])
3660  08:04:43 clock_gettime(0x7 /* CLOCK_??? */, {1880, 945261508}) = 0
3660  08:04:43 write(3, "\221;\306!\v\3\tw\310\360\330\300\376\234\373V\203\301\273\230\2526$\372Z\351\354_\200\242\373\372"..., 36) = 36
3660  08:04:43 clock_gettime(0x7 /* CLOCK_??? */, {1880, 945387190}) = 0
3660  08:04:43 clock_gettime(0x7 /* CLOCK_??? */, {1880, 945407997}) = 0
3660  08:04:43 select(7, [3 4], [], NULL, NULL) = 1 (in [3])
3660  08:04:43 clock_gettime(0x7 /* CLOCK_??? */, {1880, 945859045}) = 0
3660  08:04:43 read(3, "8=\361B\205+\334\244\3\237\373\226S\306\215\200\370i=\203@w\270\253ef\204\20\1 3\313"..., 8192) = 36
3660  08:04:43 clock_gettime(0x7 /* CLOCK_??? */, {1880, 945913891}) = 0
3660  08:04:43 clock_gettime(0x7 /* CLOCK_??? */, {1880, 945934157}) = 0
3660  08:04:43 select(7, [3 4], [5], NULL, NULL) = 1 (out [5])
3660  08:04:43 clock_gettime(0x7 /* CLOCK_??? */, {1880, 945980852}) = 0
3660  08:04:43 write(5, "d", 1)         = 1
3660  08:04:43 clock_gettime(0x7 /* CLOCK_??? */, {1880, 946231196}) = 0
3660  08:04:43 clock_gettime(0x7 /* CLOCK_??? */, {1880, 946253281}) = 0
3660  08:04:43 select(7, [3 4], [], NULL, NULL) = 1 (in [4])
3660  08:04:43 clock_gettime(0x7 /* CLOCK_??? */, {1881, 88902200}) = 0
3660  08:04:43 read(4, " ", 16384)      = 1
3660  08:04:43 clock_gettime(0x7 /* CLOCK_??? */, {1881, 88965731}) = 0
3660  08:04:43 clock_gettime(0x7 /* CLOCK_??? */, {1881, 88985698}) = 0
3660  08:04:43 select(7, [3 4], [3], NULL, NULL) = 1 (out [3])
3660  08:04:43 clock_gettime(0x7 /* CLOCK_??? */, {1881, 89032560}) = 0
3660  08:04:43 write(3, "*x%4\204\267\\\362K\214\350\vj2\33\357\34\300\251\250\0\302\355i\212\310d9>\243 P"..., 36) = 36
3660  08:04:43 clock_gettime(0x7 /* CLOCK_??? */, {1881, 89154591}) = 0
3660  08:04:43 clock_gettime(0x7 /* CLOCK_??? */, {1881, 89175805}) = 0
3660  08:04:43 select(7, [3 4], [], NULL, NULL) = 1 (in [3])
3660  08:04:43 clock_gettime(0x7 /* CLOCK_??? */, {1881, 89587769}) = 0
3660  08:04:43 read(3, "\312\200\256\245\337S\374*t\365x\242\271^\271\233\376*\266\253\270PV\271EB~\231l:\357\371"..., 8192) = 36
3660  08:04:43 clock_gettime(0x7 /* CLOCK_??? */, {1881, 89643889}) = 0
3660  08:04:43 clock_gettime(0x7 /* CLOCK_??? */, {1881, 89663983}) = 0
3660  08:04:43 select(7, [3 4], [5], NULL, NULL) = 1 (out [5])
3660  08:04:43 clock_gettime(0x7 /* CLOCK_??? */, {1881, 89710959}) = 0
3660  08:04:43 write(5, " ", 1)         = 1
3660  08:04:43 clock_gettime(0x7 /* CLOCK_??? */, {1881, 89937770}) = 0
3660  08:04:43 clock_gettime(0x7 /* CLOCK_??? */, {1881, 89982435}) = 0
3660  08:04:43 select(7, [3 4], [], NULL, NULL) = 1 (in [4])
3660  08:04:43 clock_gettime(0x7 /* CLOCK_??? */, {1881, 232876338}) = 0
3660  08:04:43 read(4, "\r", 16384)     = 1
3660  08:04:43 clock_gettime(0x7 /* CLOCK_??? */, {1881, 232940637}) = 0
3660  08:04:43 clock_gettime(0x7 /* CLOCK_??? */, {1881, 232960420}) = 0
3660  08:04:43 select(7, [3 4], [3], NULL, NULL) = 1 (out [3])
3660  08:04:43 clock_gettime(0x7 /* CLOCK_??? */, {1881, 233006714}) = 0
3660  08:04:43 write(3, "U\1i\202\312\215\333\r\333\367\373\257\377Q\327\236?i\206 \300\322yF>\300\306B#\367\266L"..., 36) = 36
3660  08:04:43 clock_gettime(0x7 /* CLOCK_??? */, {1881, 233135872}) = 0
3660  08:04:43 clock_gettime(0x7 /* CLOCK_??? */, {1881, 233156296}) = 0
3660  08:04:43 select(7, [3 4], [], NULL, NULL) = 1 (in [3])
3660  08:04:43 clock_gettime(0x7 /* CLOCK_??? */, {1881, 234011080}) = 0
3660  08:04:43 read(3, "\325\235{K\322\243\273A\203\312\254/gT\234\251x\237\223A\3R\324\332\207\5\23\247\f0\207\263"..., 8192) = 84
3660  08:04:43 clock_gettime(0x7 /* CLOCK_??? */, {1881, 234071253}) = 0
3660  08:04:43 clock_gettime(0x7 /* CLOCK_??? */, {1881, 234091268}) = 0
3660  08:04:43 select(7, [3 4], [5], NULL, NULL) = 1 (out [5])
3660  08:04:43 clock_gettime(0x7 /* CLOCK_??? */, {1881, 234138334}) = 0
3660  08:04:43 write(5, "\r\n\33]0;root@localhost:~\7[root@loc"..., 43) = 43
3660  08:04:43 clock_gettime(0x7 /* CLOCK_??? */, {1881, 234398978}) = 0
3660  08:04:43 clock_gettime(0x7 /* CLOCK_??? */, {1881, 234420855}) = 0
3660  08:04:43 select(7, [3 4], [], NULL, NULL) = 1 (in [4])
3660  08:04:44 clock_gettime(0x7 /* CLOCK_??? */, {1882, 449182844}) = 0
3660  08:04:44 read(4, "l", 16384)      = 1
3660  08:04:44 clock_gettime(0x7 /* CLOCK_??? */, {1882, 449244178}) = 0
3660  08:04:44 clock_gettime(0x7 /* CLOCK_??? */, {1882, 449264091}) = 0
3660  08:04:44 select(7, [3 4], [3], NULL, NULL) = 1 (out [3])
3660  08:04:44 clock_gettime(0x7 /* CLOCK_??? */, {1882, 449310401}) = 0
3660  08:04:44 write(3, "\214\266\336\312\307\30E\5^\3549\26j2\26\353*M\26\376*\326\356\206\\\267h2E\233O?"..., 36) = 36
3660  08:04:44 clock_gettime(0x7 /* CLOCK_??? */, {1882, 449907794}) = 0
3660  08:04:44 clock_gettime(0x7 /* CLOCK_??? */, {1882, 449932344}) = 0
3660  08:04:44 select(7, [3 4], [], NULL, NULL) = 1 (in [3])
3660  08:04:44 clock_gettime(0x7 /* CLOCK_??? */, {1882, 449981953}) = 0
3660  08:04:44 read(3, "\346t]n\344\205>\36j\320\357Y\21\316\261\25\213\325\202\217/b\363af7\37\356\267kz\7"..., 8192) = 36
3660  08:04:44 clock_gettime(0x7 /* CLOCK_??? */, {1882, 450035321}) = 0
3660  08:04:44 clock_gettime(0x7 /* CLOCK_??? */, {1882, 450055130}) = 0
3660  08:04:44 select(7, [3 4], [5], NULL, NULL) = 1 (out [5])
3660  08:04:44 clock_gettime(0x7 /* CLOCK_??? */, {1882, 450100424}) = 0
3660  08:04:44 write(5, "l", 1)         = 1
3660  08:04:44 clock_gettime(0x7 /* CLOCK_??? */, {1882, 450406016}) = 0
3660  08:04:44 clock_gettime(0x7 /* CLOCK_??? */, {1882, 450428814}) = 0
3660  08:04:44 select(7, [3 4], [], NULL, NULL) = 1 (in [4])
3660  08:04:45 clock_gettime(0x7 /* CLOCK_??? */, {1882, 600563295}) = 0
3660  08:04:45 read(4, "l", 16384)      = 1
3660  08:04:45 clock_gettime(0x7 /* CLOCK_??? */, {1882, 600626993}) = 0
3660  08:04:45 clock_gettime(0x7 /* CLOCK_??? */, {1882, 600647412}) = 0
3660  08:04:45 select(7, [3 4], [3], NULL, NULL) = 1 (out [3])
3660  08:04:45 clock_gettime(0x7 /* CLOCK_??? */, {1882, 600694688}) = 0
3660  08:04:45 write(3, "\275\35-\rG\214\30?K\20\0\310\7\231\271\34\265\320\200\244\343\271\364qS\355\356g\2329\36\242"..., 36) = 36
3660  08:04:45 clock_gettime(0x7 /* CLOCK_??? */, {1882, 600818369}) = 0
3660  08:04:45 clock_gettime(0x7 /* CLOCK_??? */, {1882, 600839378}) = 0
3660  08:04:45 select(7, [3 4], [], NULL, NULL) = 1 (in [3])
3660  08:04:45 clock_gettime(0x7 /* CLOCK_??? */, {1882, 601552269}) = 0
3660  08:04:45 read(3, "\233r\372\17\31\305\373\2713\310\266\330\343\213OHU1d\223\210\261R\361\230\370\211P2\242\24P"..., 8192) = 36
3660  08:04:45 clock_gettime(0x7 /* CLOCK_??? */, {1882, 601614197}) = 0
3660  08:04:45 clock_gettime(0x7 /* CLOCK_??? */, {1882, 601634975}) = 0
3660  08:04:45 select(7, [3 4], [5], NULL, NULL) = 1 (out [5])
3660  08:04:45 clock_gettime(0x7 /* CLOCK_??? */, {1882, 601683009}) = 0
3660  08:04:45 write(5, "l", 1)         = 1
3660  08:04:45 clock_gettime(0x7 /* CLOCK_??? */, {1882, 601934127}) = 0
3660  08:04:45 clock_gettime(0x7 /* CLOCK_??? */, {1882, 601956651}) = 0
3660  08:04:45 select(7, [3 4], [], NULL, NULL) = 1 (in [4])
3660  08:04:45 clock_gettime(0x7 /* CLOCK_??? */, {1882, 816685027}) = 0
3660  08:04:45 read(4, "s", 16384)      = 1
3660  08:04:45 clock_gettime(0x7 /* CLOCK_??? */, {1882, 816747845}) = 0
3660  08:04:45 clock_gettime(0x7 /* CLOCK_??? */, {1882, 816768050}) = 0
3660  08:04:45 select(7, [3 4], [3], NULL, NULL) = 1 (out [3])
3660  08:04:45 clock_gettime(0x7 /* CLOCK_??? */, {1882, 816815376}) = 0
3660  08:04:45 write(3, "\276\350z\271Y6J^U\270b0[\213HX\342\327c,\2417FH\356\36G\275`\250\307\305"..., 36) = 36
3660  08:04:45 clock_gettime(0x7 /* CLOCK_??? */, {1882, 816929524}) = 0
3660  08:04:45 clock_gettime(0x7 /* CLOCK_??? */, {1882, 816950559}) = 0
3660  08:04:45 select(7, [3 4], [], NULL, NULL) = 1 (in [3])
3660  08:04:45 clock_gettime(0x7 /* CLOCK_??? */, {1882, 818204145}) = 0
3660  08:04:45 read(3, "\253|\"\n\262a\215,\326\317<x\311\277\37\35\244\202-\202\240r>\34\357\331\27\347\355\355\265\360"..., 8192) = 36
3660  08:04:45 clock_gettime(0x7 /* CLOCK_??? */, {1882, 818266568}) = 0
3660  08:04:45 clock_gettime(0x7 /* CLOCK_??? */, {1882, 818286653}) = 0
3660  08:04:45 select(7, [3 4], [5], NULL, NULL) = 1 (out [5])
3660  08:04:45 clock_gettime(0x7 /* CLOCK_??? */, {1882, 818334515}) = 0
3660  08:04:45 write(5, "s", 1)         = 1
3660  08:04:45 clock_gettime(0x7 /* CLOCK_??? */, {1882, 818645924}) = 0
3660  08:04:45 clock_gettime(0x7 /* CLOCK_??? */, {1882, 818668646}) = 0
3660  08:04:45 select(7, [3 4], [], NULL, NULL) = 1 (in [4])
3660  08:04:45 clock_gettime(0x7 /* CLOCK_??? */, {1883, 280735034}) = 0
3660  08:04:45 read(4, "\177", 16384)   = 1
3660  08:04:45 clock_gettime(0x7 /* CLOCK_??? */, {1883, 280801088}) = 0
3660  08:04:45 clock_gettime(0x7 /* CLOCK_??? */, {1883, 280821640}) = 0
3660  08:04:45 select(7, [3 4], [3], NULL, NULL) = 1 (out [3])
3660  08:04:45 clock_gettime(0x7 /* CLOCK_??? */, {1883, 280870567}) = 0
3660  08:04:45 write(3, "\6\233\25\354\216\316W\240#\331Hn\t\2632\212%\327Y\24\220\2316@ \226c\250\3162\f7"..., 36) = 36
3660  08:04:45 clock_gettime(0x7 /* CLOCK_??? */, {1883, 280997074}) = 0
3660  08:04:45 clock_gettime(0x7 /* CLOCK_??? */, {1883, 281018046}) = 0
3660  08:04:45 select(7, [3 4], [], NULL, NULL) = 1 (in [3])
3660  08:04:45 clock_gettime(0x7 /* CLOCK_??? */, {1883, 282267994}) = 0
3660  08:04:45 read(3, "J\337q\333\346\245A\306c\17\20X\247\327X\30/\200\33\241s\1\346\364\247`\25\23r\341\310\255"..., 8192) = 44
3660  08:04:45 clock_gettime(0x7 /* CLOCK_??? */, {1883, 282338120}) = 0
3660  08:04:45 clock_gettime(0x7 /* CLOCK_??? */, {1883, 282359650}) = 0
3660  08:04:45 select(7, [3 4], [5], NULL, NULL) = 1 (out [5])
3660  08:04:45 clock_gettime(0x7 /* CLOCK_??? */, {1883, 282410308}) = 0
3660  08:04:45 write(5, "\10\33[K", 4)  = 4
3660  08:04:45 clock_gettime(0x7 /* CLOCK_??? */, {1883, 282729828}) = 0
3660  08:04:45 clock_gettime(0x7 /* CLOCK_??? */, {1883, 282752995}) = 0
3660  08:04:45 select(7, [3 4], [], NULL, NULL) = 1 (in [4])
3660  08:04:45 clock_gettime(0x7 /* CLOCK_??? */, {1883, 520679422}) = 0
3660  08:04:45 read(4, "\r", 16384)     = 1
3660  08:04:45 clock_gettime(0x7 /* CLOCK_??? */, {1883, 520801118}) = 0
3660  08:04:45 clock_gettime(0x7 /* CLOCK_??? */, {1883, 520842451}) = 0
3660  08:04:45 select(7, [3 4], [3], NULL, NULL) = 1 (out [3])
3660  08:04:45 clock_gettime(0x7 /* CLOCK_??? */, {1883, 520972828}) = 0
3660  08:04:45 write(3, "\260\"P\310U\270iB\\>\375\226\3060\214\236V\240\363\2660\2\224\316\224\367\352\34\313\301\217\32"..., 36) = 36
3660  08:04:45 clock_gettime(0x7 /* CLOCK_??? */, {1883, 521242268}) = 0
3660  08:04:45 clock_gettime(0x7 /* CLOCK_??? */, {1883, 521284377}) = 0
3660  08:04:45 select(7, [3 4], [], NULL, NULL) = 1 (in [3])
3660  08:04:45 clock_gettime(0x7 /* CLOCK_??? */, {1883, 522256403}) = 0
3660  08:04:45 read(3, "a\363\0\f\216`i\333\265@>!\27$k\325XZ\244\221\221\351\353E#\322b\270\264RP\230"..., 8192) = 36
3660  08:04:45 clock_gettime(0x7 /* CLOCK_??? */, {1883, 522369303}) = 0
3660  08:04:45 clock_gettime(0x7 /* CLOCK_??? */, {1883, 522410429}) = 0
3660  08:04:45 select(7, [3 4], [5], NULL, NULL) = 1 (out [5])
3660  08:04:45 clock_gettime(0x7 /* CLOCK_??? */, {1883, 522508020}) = 0
3660  08:04:45 write(5, "\r\n", 2)      = 2
3660  08:04:45 clock_gettime(0x7 /* CLOCK_??? */, {1883, 522929030}) = 0
3660  08:04:45 clock_gettime(0x7 /* CLOCK_??? */, {1883, 522974917}) = 0
3660  08:04:45 select(7, [3 4], [], NULL, NULL) = 1 (in [3])
3660  08:04:46 clock_gettime(0x7 /* CLOCK_??? */, {1883, 526184765}) = 0
3660  08:04:46 read(3, "rD\313e\333\255E\3022\376\214_\207\25[\5s\236\237#\305\16LP\22\27\215b}\205\240p"..., 8192) = 148
3660  08:04:46 clock_gettime(0x7 /* CLOCK_??? */, {1883, 526267536}) = 0
3660  08:04:46 clock_gettime(0x7 /* CLOCK_??? */, {1883, 526292124}) = 0
3660  08:04:46 select(7, [3 4], [5], NULL, NULL) = 1 (out [5])
3660  08:04:46 clock_gettime(0x7 /* CLOCK_??? */, {1883, 526348785}) = 0
3660  08:04:46 write(5, "total 4\r\n-rw-------. 1 root root"..., 109) = 109
3660  08:04:46 clock_gettime(0x7 /* CLOCK_??? */, {1883, 526780570}) = 0
3660  08:04:46 clock_gettime(0x7 /* CLOCK_??? */, {1883, 526807672}) = 0
3660  08:04:46 select(7, [3 4], [], NULL, NULL) = 1 (in [4])
3660  08:04:46 clock_gettime(0x7 /* CLOCK_??? */, {1884, 288851592}) = 0
3660  08:04:46 read(4, "v", 16384)      = 1
3660  08:04:46 clock_gettime(0x7 /* CLOCK_??? */, {1884, 288913821}) = 0
3660  08:04:46 clock_gettime(0x7 /* CLOCK_??? */, {1884, 288933700}) = 0
3660  08:04:46 select(7, [3 4], [3], NULL, NULL) = 1 (out [3])
3660  08:04:46 clock_gettime(0x7 /* CLOCK_??? */, {1884, 288980530}) = 0
3660  08:04:46 write(3, "\3\255$2v\22_\240\224\4k\333\3656\221sb\263x\354/y}a\262)\335\354O6R\376"..., 36) = 36
3660  08:04:46 clock_gettime(0x7 /* CLOCK_??? */, {1884, 289107235}) = 0
3660  08:04:46 clock_gettime(0x7 /* CLOCK_??? */, {1884, 289128181}) = 0
3660  08:04:46 select(7, [3 4], [], NULL, NULL) = 1 (in [3])
3660  08:04:46 clock_gettime(0x7 /* CLOCK_??? */, {1884, 290308578}) = 0
3660  08:04:46 read(3, "i~z\254\355o05\25\332!\31YWg\311\20/4\344\2468p\32\4\261\317\3f\264i\312"..., 8192) = 36
3660  08:04:46 clock_gettime(0x7 /* CLOCK_??? */, {1884, 290369223}) = 0
3660  08:04:46 clock_gettime(0x7 /* CLOCK_??? */, {1884, 290389738}) = 0
3660  08:04:46 select(7, [3 4], [5], NULL, NULL) = 1 (out [5])
3660  08:04:46 clock_gettime(0x7 /* CLOCK_??? */, {1884, 290437559}) = 0
3660  08:04:46 write(5, "v", 1)         = 1
3660  08:04:46 clock_gettime(0x7 /* CLOCK_??? */, {1884, 290811678}) = 0
3660  08:04:46 clock_gettime(0x7 /* CLOCK_??? */, {1884, 290835875}) = 0
3660  08:04:46 select(7, [3 4], [], NULL, NULL) = 1 (in [4])
3660  08:04:46 clock_gettime(0x7 /* CLOCK_??? */, {1884, 336882508}) = 0
3660  08:04:46 read(4, "i", 16384)      = 1
3660  08:04:46 clock_gettime(0x7 /* CLOCK_??? */, {1884, 336944568}) = 0
3660  08:04:46 clock_gettime(0x7 /* CLOCK_??? */, {1884, 336964655}) = 0
3660  08:04:46 select(7, [3 4], [3], NULL, NULL) = 1 (out [3])
3660  08:04:46 clock_gettime(0x7 /* CLOCK_??? */, {1884, 337011189}) = 0
3660  08:04:46 write(3, "\272\307\215\301\34#\305\374&\260\345\26\207\311\303\266\353\343\341\26Z\225\377\36v\244\232-v\271\325\3"..., 36) = 36
3660  08:04:46 clock_gettime(0x7 /* CLOCK_??? */, {1884, 337146083}) = 0
3660  08:04:46 clock_gettime(0x7 /* CLOCK_??? */, {1884, 337168278}) = 0
3660  08:04:46 select(7, [3 4], [], NULL, NULL) = 1 (in [3])
3660  08:04:46 clock_gettime(0x7 /* CLOCK_??? */, {1884, 337638871}) = 0
3660  08:04:46 read(3, "[\227\nL\267`\221h\372\374b\231\316\301\0215KV\177\206\237\274\20\2ncu\310\230\35\2n"..., 8192) = 36
3660  08:04:46 clock_gettime(0x7 /* CLOCK_??? */, {1884, 337711768}) = 0
3660  08:04:46 clock_gettime(0x7 /* CLOCK_??? */, {1884, 337731762}) = 0
3660  08:04:46 select(7, [3 4], [5], NULL, NULL) = 1 (out [5])
3660  08:04:46 clock_gettime(0x7 /* CLOCK_??? */, {1884, 337778620}) = 0
3660  08:04:46 write(5, "i", 1)         = 1
3660  08:04:46 clock_gettime(0x7 /* CLOCK_??? */, {1884, 338005138}) = 0
3660  08:04:46 clock_gettime(0x7 /* CLOCK_??? */, {1884, 338026393}) = 0
3660  08:04:46 select(7, [3 4], [], NULL, NULL) = 1 (in [4])
3660  08:04:47 clock_gettime(0x7 /* CLOCK_??? */, {1884, 545298838}) = 0
3660  08:04:47 read(4, "m ", 16384)     = 2
3660  08:04:47 clock_gettime(0x7 /* CLOCK_??? */, {1884, 545360799}) = 0
3660  08:04:47 clock_gettime(0x7 /* CLOCK_??? */, {1884, 545381103}) = 0
3660  08:04:47 select(7, [3 4], [3], NULL, NULL) = 1 (out [3])
3660  08:04:47 clock_gettime(0x7 /* CLOCK_??? */, {1884, 545428156}) = 0
3660  08:04:47 write(3, "M\221\375=\216\10$\250sJ\367\337\215\307\326w\244Y\3128eE\275\320YV\236\212Ar=H"..., 36) = 36
3660  08:04:47 clock_gettime(0x7 /* CLOCK_??? */, {1884, 545523703}) = 0
3660  08:04:47 clock_gettime(0x7 /* CLOCK_??? */, {1884, 545544358}) = 0
3660  08:04:47 select(7, [3 4], [], NULL, NULL) = 1 (in [3])
3660  08:04:47 clock_gettime(0x7 /* CLOCK_??? */, {1884, 546120094}) = 0
3660  08:04:47 read(3, "\254b\r\7\304\300C\300\246\25\25\366(x^Z\251N]\35322\327\4\25\23\0F(e\243t"..., 8192) = 36
3660  08:04:47 clock_gettime(0x7 /* CLOCK_??? */, {1884, 546177167}) = 0
3660  08:04:47 clock_gettime(0x7 /* CLOCK_??? */, {1884, 546197330}) = 0
3660  08:04:47 select(7, [3 4], [5], NULL, NULL) = 1 (out [5])
3660  08:04:47 clock_gettime(0x7 /* CLOCK_??? */, {1884, 546244434}) = 0
3660  08:04:47 write(5, "m ", 2)        = 2
3660  08:04:47 clock_gettime(0x7 /* CLOCK_??? */, {1884, 546513695}) = 0
3660  08:04:47 clock_gettime(0x7 /* CLOCK_??? */, {1884, 546536186}) = 0
3660  08:04:47 select(7, [3 4], [], NULL, NULL) = 1 (in [4])
3660  08:04:47 clock_gettime(0x7 /* CLOCK_??? */, {1885, 289007171}) = 0
3660  08:04:47 read(4, "\r", 16384)     = 1
3660  08:04:47 clock_gettime(0x7 /* CLOCK_??? */, {1885, 289122969}) = 0
3660  08:04:47 clock_gettime(0x7 /* CLOCK_??? */, {1885, 289173046}) = 0
3660  08:04:47 select(7, [3 4], [3], NULL, NULL) = 1 (out [3])
3660  08:04:47 clock_gettime(0x7 /* CLOCK_??? */, {1885, 289229592}) = 0
3660  08:04:47 write(3, "\355\\~\16K\331\356\274*n\244o\340\32\341\237\322T2\27*?\2064\214 i\311\316\264\225\207"..., 36) = 36
3660  08:04:47 clock_gettime(0x7 /* CLOCK_??? */, {1885, 289355114}) = 0
3660  08:04:47 clock_gettime(0x7 /* CLOCK_??? */, {1885, 289376645}) = 0
3660  08:04:47 select(7, [3 4], [], NULL, NULL) = 1 (in [3])
3660  08:04:47 clock_gettime(0x7 /* CLOCK_??? */, {1885, 290763474}) = 0
3660  08:04:47 read(3, "\323\257\220\225:\212\n\365\224x\241\27\370\330x\360\230\251\1[[\261\370\200\6e\34\17B\240_\16"..., 8192) = 36
3660  08:04:47 clock_gettime(0x7 /* CLOCK_??? */, {1885, 290833689}) = 0
3660  08:04:47 clock_gettime(0x7 /* CLOCK_??? */, {1885, 290856107}) = 0
3660  08:04:47 select(7, [3 4], [5], NULL, NULL) = 1 (out [5])
3660  08:04:47 clock_gettime(0x7 /* CLOCK_??? */, {1885, 290908967}) = 0
3660  08:04:47 write(5, "\r\n", 2)      = 2
3660  08:04:47 clock_gettime(0x7 /* CLOCK_??? */, {1885, 291215672}) = 0
3660  08:04:47 clock_gettime(0x7 /* CLOCK_??? */, {1885, 291239695}) = 0
3660  08:04:47 select(7, [3 4], [], NULL, NULL) = 1 (in [3])
3660  08:04:47 clock_gettime(0x7 /* CLOCK_??? */, {1885, 496108627}) = 0
3660  08:04:47 read(3, "\34`\370\230\340\345+\6\253j\371\204\205\322y\335\5\202\237\221\264]6\177^\2161\264%\376`\30"..., 8192) = 4124
3660  08:04:47 clock_gettime(0x7 /* CLOCK_??? */, {1885, 496220592}) = 0
3660  08:04:47 clock_gettime(0x7 /* CLOCK_??? */, {1885, 496244541}) = 0
3660  08:04:47 select(7, [3 4], [5], NULL, NULL) = 1 (out [5])
3660  08:04:47 clock_gettime(0x7 /* CLOCK_??? */, {1885, 496297468}) = 0
3660  08:04:47 write(5, "\33[?1049h\33[?1h\33=\33[2;1H\342\226\275\33[6n\33[1;"..., 4083) = 4083
3660  08:04:47 clock_gettime(0x7 /* CLOCK_??? */, {1885, 496955818}) = 0
3660  08:04:47 clock_gettime(0x7 /* CLOCK_??? */, {1885, 496983188}) = 0
3660  08:04:47 select(7, [3 4], [], NULL, NULL) = 1 (in [4])
3660  08:04:47 clock_gettime(0x7 /* CLOCK_??? */, {1885, 497882767}) = 0
3660  08:04:47 read(4, "\33[2;2R\33[>0;136;0c", 16384) = 17
3660  08:04:47 clock_gettime(0x7 /* CLOCK_??? */, {1885, 498012157}) = 0
3660  08:04:47 clock_gettime(0x7 /* CLOCK_??? */, {1885, 498034352}) = 0
3660  08:04:47 select(7, [3 4], [3], NULL, NULL) = 1 (out [3])
3660  08:04:47 clock_gettime(0x7 /* CLOCK_??? */, {1885, 498086580}) = 0
3660  08:04:47 write(3, "\267\327\354\t\25\353\2349\360\4\230\2062\212#\356\3308-\340\364\207\205\v7\2n9\223S\363\316"..., 52) = 52
3660  08:04:47 clock_gettime(0x7 /* CLOCK_??? */, {1885, 498210118}) = 0
3660  08:04:47 clock_gettime(0x7 /* CLOCK_??? */, {1885, 498233254}) = 0
3660  08:04:47 select(7, [3 4], [], NULL, NULL) = 1 (in [4])
3660  08:04:48 clock_gettime(0x7 /* CLOCK_??? */, {1886, 155274509}) = 0
3660  08:04:48 read(4, ":", 16384)      = 1
3660  08:04:48 clock_gettime(0x7 /* CLOCK_??? */, {1886, 155374717}) = 0
3660  08:04:48 clock_gettime(0x7 /* CLOCK_??? */, {1886, 155412463}) = 0
3660  08:04:48 select(7, [3 4], [3], NULL, NULL) = 1 (out [3])
3660  08:04:48 clock_gettime(0x7 /* CLOCK_??? */, {1886, 155496807}) = 0
3660  08:04:48 write(3, "t\251ojNuy\24\fvA\316\371(\365]o\237J*\325Z\237\225+\205&\3\371\215Y/"..., 36) = 36
3660  08:04:48 clock_gettime(0x7 /* CLOCK_??? */, {1886, 155666139}) = 0
3660  08:04:48 clock_gettime(0x7 /* CLOCK_??? */, {1886, 155699889}) = 0
3660  08:04:48 select(7, [3 4], [], NULL, NULL) = 1 (in [3])
3660  08:04:48 clock_gettime(0x7 /* CLOCK_??? */, {1886, 162657377}) = 0
3660  08:04:48 read(3, "1\31\313\263\5\257@\301.\353\26\332\316\37\346v\312[\274.\205\267\361\36\263\237\22\232+\215\221\371"..., 8192) = 76
3660  08:04:48 clock_gettime(0x7 /* CLOCK_??? */, {1886, 162780389}) = 0
3660  08:04:48 clock_gettime(0x7 /* CLOCK_??? */, {1886, 162819753}) = 0
3660  08:04:48 select(7, [3 4], [5], NULL, NULL) = 1 (out [5])
3660  08:04:48 clock_gettime(0x7 /* CLOCK_??? */, {1886, 162911782}) = 0
3660  08:04:48 write(5, "\33[?25l\33[39;70H\33[K\33[39;1H:\33[?12l\33"..., 37) = 37
3660  08:04:48 clock_gettime(0x7 /* CLOCK_??? */, {1886, 163277463}) = 0
3660  08:04:48 clock_gettime(0x7 /* CLOCK_??? */, {1886, 163316997}) = 0
3660  08:04:48 select(7, [3 4], [], NULL, NULL) = 1 (in [4])
3660  08:04:49 clock_gettime(0x7 /* CLOCK_??? */, {1886, 736858840}) = 0
3660  08:04:49 read(4, "q", 16384)      = 1
3660  08:04:49 clock_gettime(0x7 /* CLOCK_??? */, {1886, 736955762}) = 0
3660  08:04:49 clock_gettime(0x7 /* CLOCK_??? */, {1886, 736976783}) = 0
3660  08:04:49 select(7, [3 4], [3], NULL, NULL) = 1 (out [3])
3660  08:04:49 clock_gettime(0x7 /* CLOCK_??? */, {1886, 737024644}) = 0
3660  08:04:49 write(3, "\314\354lDW\332\316s=\303\\\224\3'\346%\231\350\267\1D\254=\310\304\303;)\203\264C\320"..., 36) = 36
3660  08:04:49 clock_gettime(0x7 /* CLOCK_??? */, {1886, 737163076}) = 0
3660  08:04:49 clock_gettime(0x7 /* CLOCK_??? */, {1886, 737184682}) = 0
3660  08:04:49 select(7, [3 4], [], NULL, NULL) = 1 (in [3])
3660  08:04:49 clock_gettime(0x7 /* CLOCK_??? */, {1886, 739046882}) = 0
3660  08:04:49 read(3, "\234\377FVr\371B\4,2Z\213\373\205\347\235\265\215?\\M(C7&\16\302b\2662\221r"..., 8192) = 60
3660  08:04:49 clock_gettime(0x7 /* CLOCK_??? */, {1886, 739108762}) = 0
3660  08:04:49 clock_gettime(0x7 /* CLOCK_??? */, {1886, 739128749}) = 0
3660  08:04:49 select(7, [3 4], [5], NULL, NULL) = 1 (out [5])
3660  08:04:49 clock_gettime(0x7 /* CLOCK_??? */, {1886, 739175958}) = 0
3660  08:04:49 write(5, "q\33[?25l\33[?12l\33[?25h", 19) = 19
3660  08:04:49 clock_gettime(0x7 /* CLOCK_??? */, {1886, 739456241}) = 0
3660  08:04:49 clock_gettime(0x7 /* CLOCK_??? */, {1886, 739479831}) = 0
3660  08:04:49 select(7, [3 4], [], NULL, NULL) = 1 (in [4])
3660  08:04:49 clock_gettime(0x7 /* CLOCK_??? */, {1886, 977090318}) = 0
3660  08:04:49 read(4, "!", 16384)      = 1
3660  08:04:49 clock_gettime(0x7 /* CLOCK_??? */, {1886, 977152494}) = 0
3660  08:04:49 clock_gettime(0x7 /* CLOCK_??? */, {1886, 977172740}) = 0
3660  08:04:49 select(7, [3 4], [3], NULL, NULL) = 1 (out [3])
3660  08:04:49 clock_gettime(0x7 /* CLOCK_??? */, {1886, 977219900}) = 0
3660  08:04:49 write(3, "\345\r\24787fc\333\"26PW\177\7\321\307\301\343\\\36\212w\24\352\v\266>\317\351\207|"..., 36) = 36
3660  08:04:49 clock_gettime(0x7 /* CLOCK_??? */, {1886, 977350973}) = 0
3660  08:04:49 clock_gettime(0x7 /* CLOCK_??? */, {1886, 977372072}) = 0
3660  08:04:49 select(7, [3 4], [], NULL, NULL) = 1 (in [3])
3660  08:04:49 clock_gettime(0x7 /* CLOCK_??? */, {1886, 977924682}) = 0
3660  08:04:49 read(3, "=F\245H\216\275T)v\24+\267`\353&H\375\4A@\320\4\207\223\270\314\263Z\277\245M\242"..., 8192) = 60
3660  08:04:49 clock_gettime(0x7 /* CLOCK_??? */, {1886, 977979628}) = 0
3660  08:04:49 clock_gettime(0x7 /* CLOCK_??? */, {1886, 977999906}) = 0
3660  08:04:49 select(7, [3 4], [5], NULL, NULL) = 1 (out [5])
3660  08:04:49 clock_gettime(0x7 /* CLOCK_??? */, {1886, 978046532}) = 0
3660  08:04:49 write(5, "!\33[?25l\33[?12l\33[?25h", 19) = 19
3660  08:04:49 clock_gettime(0x7 /* CLOCK_??? */, {1886, 978334667}) = 0
3660  08:04:49 clock_gettime(0x7 /* CLOCK_??? */, {1886, 978357421}) = 0
3660  08:04:49 select(7, [3 4], [], NULL, NULL) = 1 (in [4])
3660  08:04:49 clock_gettime(0x7 /* CLOCK_??? */, {1887, 234399952}) = 0
3660  08:04:49 read(4, "\r", 16384)     = 1
3660  08:04:49 clock_gettime(0x7 /* CLOCK_??? */, {1887, 234461709}) = 0
3660  08:04:49 clock_gettime(0x7 /* CLOCK_??? */, {1887, 234481817}) = 0
3660  08:04:49 select(7, [3 4], [3], NULL, NULL) = 1 (out [3])
3660  08:04:49 clock_gettime(0x7 /* CLOCK_??? */, {1887, 234528651}) = 0
3660  08:04:49 write(3, "\24ooU\1\304\313\25`\220\"\264\303\221\335\347-:\344R\223\375\231n\2Jq\265Mcih"..., 36) = 36
3660  08:04:49 clock_gettime(0x7 /* CLOCK_??? */, {1887, 234636969}) = 0
3660  08:04:49 clock_gettime(0x7 /* CLOCK_??? */, {1887, 234657469}) = 0
3660  08:04:49 select(7, [3 4], [], NULL, NULL) = 1 (in [3])
3660  08:04:49 clock_gettime(0x7 /* CLOCK_??? */, {1887, 236613032}) = 0
3660  08:04:49 read(3, "Y\314nq\300]J\272.S+\204\10N\253\231\270\337\4\310D\22\235\370\321\"\rV\374~>4"..., 8192) = 132
3660  08:04:49 clock_gettime(0x7 /* CLOCK_??? */, {1887, 236676626}) = 0
3660  08:04:49 clock_gettime(0x7 /* CLOCK_??? */, {1887, 236696785}) = 0
3660  08:04:49 select(7, [3 4], [5], NULL, NULL) = 1 (out [5])
3660  08:04:49 clock_gettime(0x7 /* CLOCK_??? */, {1887, 236744550}) = 0
3660  08:04:49 write(5, "\r\33[?25l\33[39;1H\33[K\33[39;1H\33[?1l\33>\33"..., 92) = 92
3660  08:04:49 clock_gettime(0x7 /* CLOCK_??? */, {1887, 237004828}) = 0
3660  08:04:49 clock_gettime(0x7 /* CLOCK_??? */, {1887, 237025893}) = 0
3660  08:04:49 select(7, [3 4], [], NULL, NULL) = 1 (in [4])
3660  08:04:54 clock_gettime(0x7 /* CLOCK_??? */, {1892, 155483273}) = 0
3660  08:04:54 read(4, "\4", 16384)     = 1
3660  08:04:54 clock_gettime(0x7 /* CLOCK_??? */, {1892, 155547895}) = 0
3660  08:04:54 clock_gettime(0x7 /* CLOCK_??? */, {1892, 155567932}) = 0
3660  08:04:54 select(7, [3 4], [3], NULL, NULL) = 1 (out [3])
3660  08:04:54 clock_gettime(0x7 /* CLOCK_??? */, {1892, 155616343}) = 0
3660  08:04:54 write(3, "\377\271m\373Q\327\350\252r\37\326\307\374.\261\207!J\265)\374[E\3255\210\3\353\v\255\247\325"..., 36) = 36
3660  08:04:54 clock_gettime(0x7 /* CLOCK_??? */, {1892, 156814002}) = 0
3660  08:04:54 clock_gettime(0x7 /* CLOCK_??? */, {1892, 156836338}) = 0
3660  08:04:54 select(7, [3 4], [], NULL, NULL) = 1 (in [3])
3660  08:04:54 clock_gettime(0x7 /* CLOCK_??? */, {1892, 157983248}) = 0
3660  08:04:54 read(3, "l?\273q\377Q\316\200qc;M\\c\207_\341p=0\31T\272=\336\252\30\v\205\232\337\226"..., 8192) = 44
3660  08:04:54 clock_gettime(0x7 /* CLOCK_??? */, {1892, 158060320}) = 0
3660  08:04:54 clock_gettime(0x7 /* CLOCK_??? */, {1892, 158081797}) = 0
3660  08:04:54 select(7, [3 4], [5], NULL, NULL) = 1 (out [5])
3660  08:04:54 clock_gettime(0x7 /* CLOCK_??? */, {1892, 158130228}) = 0
3660  08:04:54 write(5, "logout\r\n", 8) = 8
3660  08:04:54 clock_gettime(0x7 /* CLOCK_??? */, {1892, 158412175}) = 0
3660  08:04:54 clock_gettime(0x7 /* CLOCK_??? */, {1892, 158434121}) = 0
3660  08:04:54 select(7, [3 4], [], NULL, NULL) = 1 (in [3])
3660  08:04:54 clock_gettime(0x7 /* CLOCK_??? */, {1892, 177013494}) = 0
3660  08:04:54 read(3, "4\221\254\263\334_\6\247\3\233\263\223\20y\205\335\322*A/\325w\271\327\230Nw1p'\226\264"..., 8192) = 176
3660  08:04:54 close(4)                 = 0
3660  08:04:54 close(5)                 = 0
3660  08:04:54 clock_gettime(0x7 /* CLOCK_??? */, {1892, 177303576}) = 0
3660  08:04:54 clock_gettime(0x7 /* CLOCK_??? */, {1892, 177346878}) = 0
3660  08:04:54 ioctl(0, SNDCTL_TMR_STOP or SNDRV_TIMER_IOCTL_GINFO or TCSETSW, {B38400 opost isig icanon echo ...}) = 0
3660  08:04:54 close(6)                 = 0
3660  08:04:54 select(7, [3], [3], NULL, NULL) = 1 (out [3])
3660  08:04:54 clock_gettime(0x7 /* CLOCK_??? */, {1892, 177612413}) = 0
3660  08:04:54 write(3, "\247X.\243<lWU\256\\\302\30Rm)\32|\244r\232\264\177\262*X\370r%\25\1dw"..., 36) = 36
3660  08:04:54 rt_sigaction(SIGWINCH, NULL, {0x7f5c00d8f6a0, [], SA_RESTORER, 0x7f5bff8fd670}, 8) = 0
3660  08:04:54 rt_sigaction(SIGWINCH, {SIG_DFL, [], SA_RESTORER, 0x7f5bff8fd670}, NULL, 8) = 0
3660  08:04:54 write(3, ",q]S1\340kw\231\0w\267y\253s\360\373\303$\263\242\10\7kz\242\360\262\10\272\364\332"..., 60) = 60
3660  08:04:54 ioctl(0, SNDCTL_TMR_TIMEBASE or SNDRV_TIMER_IOCTL_NEXT_DEVICE or TCGETS, {B38400 opost isig icanon echo ...}) = 0
3660  08:04:54 ioctl(1, SNDCTL_TMR_TIMEBASE or SNDRV_TIMER_IOCTL_NEXT_DEVICE or TCGETS, {B38400 opost isig icanon echo ...}) = 0
3660  08:04:54 ioctl(2, SNDCTL_TMR_TIMEBASE or SNDRV_TIMER_IOCTL_NEXT_DEVICE or TCGETS, {B38400 opost isig icanon echo ...}) = 0
3660  08:04:54 write(2, "Connection to 192.168.0.10 close"..., 36) = 36
3660  08:04:54 close(3)                 = 0
3660  08:04:54 write(1, "random tag: x01am", 17) = 17
3660  08:04:54 exit_group(0)            = ?
3660  08:04:54 +++ exited with 0 +++
