62581 13:52:33 select(4, [3], NULL, NULL, NULL) = 1 (in [3])
62581 13:52:42 read(3, "\244g\5\310\201f\375H\315^Z\323\203Bt\243W\272\25!\270\205\3220\244`\17P#C\252\222"..., 8192) = 84
62581 13:52:42 stat("/root/.ssh/id_rsa", 0x7ffd490d0b70) = -1 ENOENT (No such file or directory)
62581 13:52:42 stat("/root/.ssh/id_dsa", 0x7ffd490d0b70) = -1 ENOENT (No such file or directory)
62581 13:52:42 stat("/root/.ssh/id_ecdsa", 0x7ffd490d0b70) = -1 ENOENT (No such file or directory)
62581 13:52:42 stat("/root/.ssh/id_ed25519", 0x7ffd490d0b70) = -1 ENOENT (No such file or directory)
62581 13:52:42 open("/dev/tty", O_RDWR) = 4
62581 13:52:42 close(4)                 = 0
62581 13:52:42 open("/dev/tty", O_RDWR) = 4
62581 13:52:42 ioctl(4, SNDCTL_TMR_TIMEBASE or SNDRV_TIMER_IOCTL_NEXT_DEVICE or TCGETS, {B38400 opost isig icanon echo ...}) = 0
62581 13:52:42 ioctl(4, SNDCTL_TMR_CONTINUE or SNDRV_TIMER_IOCTL_GPARAMS or TCSETSF, {B38400 opost isig icanon -echo ...}) = 0
62581 13:52:42 rt_sigaction(SIGALRM, {0x7f1eeedb4370, [], SA_RESTORER, 0x7f1eed8cc670}, {SIG_DFL, [], 0}, 8) = 0
62581 13:52:42 rt_sigaction(SIGHUP, {0x7f1eeedb4370, [], SA_RESTORER, 0x7f1eed8cc670}, {SIG_DFL, [], 0}, 8) = 0
62581 13:52:42 rt_sigaction(SIGINT, {0x7f1eeedb4370, [], SA_RESTORER, 0x7f1eed8cc670}, {SIG_DFL, [], 0}, 8) = 0
62581 13:52:42 rt_sigaction(SIGPIPE, {0x7f1eeedb4370, [], SA_RESTORER, 0x7f1eed8cc670}, {SIG_IGN, [], SA_RESTORER, 0x7f1eed8cc670}, 8) = 0
62581 13:52:42 rt_sigaction(SIGQUIT, {0x7f1eeedb4370, [], SA_RESTORER, 0x7f1eed8cc670}, {SIG_DFL, [], 0}, 8) = 0
62581 13:52:42 rt_sigaction(SIGTERM, {0x7f1eeedb4370, [], SA_RESTORER, 0x7f1eed8cc670}, {SIG_DFL, [], 0}, 8) = 0
62581 13:52:42 rt_sigaction(SIGTSTP, {0x7f1eeedb4370, [], SA_RESTORER, 0x7f1eed8cc670}, {SIG_DFL, [], 0}, 8) = 0
62581 13:52:42 rt_sigaction(SIGTTIN, {0x7f1eeedb4370, [], SA_RESTORER, 0x7f1eed8cc670}, {SIG_DFL, [], 0}, 8) = 0
62581 13:52:42 rt_sigaction(SIGTTOU, {0x7f1eeedb4370, [], SA_RESTORER, 0x7f1eed8cc670}, {SIG_DFL, [], 0}, 8) = 0
62581 13:52:42 write(4, "root@192.168.0.10's password: ", 30) = 30
62581 13:52:42 read(4, "q", 1)          = 1
62581 13:52:42 read(4, "w", 1)          = 1
62581 13:52:42 read(4, "e", 1)          = 1
62581 13:52:42 read(4, "r", 1)          = 1
62581 13:52:42 read(4, "t", 1)          = 1
62581 13:52:42 read(4, "\n", 1)         = 1
62581 13:52:42 write(4, "\n", 1)        = 1
62581 13:52:42 ioctl(4, SNDCTL_TMR_CONTINUE or SNDRV_TIMER_IOCTL_GPARAMS or TCSETSF, {B38400 opost isig icanon echo ...}) = 0
62581 13:52:42 rt_sigaction(SIGALRM, {SIG_DFL, [], SA_RESTORER, 0x7f1eed8cc670}, NULL, 8) = 0
62581 13:52:42 rt_sigaction(SIGHUP, {SIG_DFL, [], SA_RESTORER, 0x7f1eed8cc670}, NULL, 8) = 0
62581 13:52:42 rt_sigaction(SIGINT, {SIG_DFL, [], SA_RESTORER, 0x7f1eed8cc670}, NULL, 8) = 0
62581 13:52:42 rt_sigaction(SIGQUIT, {SIG_DFL, [], SA_RESTORER, 0x7f1eed8cc670}, NULL, 8) = 0
62581 13:52:42 rt_sigaction(SIGPIPE, {SIG_IGN, [], SA_RESTORER, 0x7f1eed8cc670}, NULL, 8) = 0
62581 13:52:42 rt_sigaction(SIGTERM, {SIG_DFL, [], SA_RESTORER, 0x7f1eed8cc670}, NULL, 8) = 0
62581 13:52:42 rt_sigaction(SIGTSTP, {SIG_DFL, [], SA_RESTORER, 0x7f1eed8cc670}, NULL, 8) = 0
62581 13:52:42 rt_sigaction(SIGTTIN, {SIG_DFL, [], SA_RESTORER, 0x7f1eed8cc670}, NULL, 8) = 0
62581 13:52:42 rt_sigaction(SIGTTOU, {SIG_DFL, [], SA_RESTORER, 0x7f1eed8cc670}, NULL, 8) = 0
62581 13:52:42 close(4)                 = 0
62581 13:52:42 write(3, "\264\242\214\341\311`\342\3077\213D\326(i\347&\23\323\351&-\3226\353\234\376\273\6\n\211k\36"..., 84) = 84
62581 13:52:42 select(4, [3], NULL, NULL, NULL) = 1 (in [3])
62581 13:52:42 read(3, "V\200\230\366\341D\313\357\234\21\205\5\266\275\240\314\\\3133\313\261\324\36\262\0q`\355", 8192) = 28
62581 13:52:42 dup(0)                   = 4
62581 13:52:42 dup(1)                   = 5
62581 13:52:42 dup(2)                   = 6
62581 13:52:42 ioctl(4, SNDCTL_TMR_TIMEBASE or SNDRV_TIMER_IOCTL_NEXT_DEVICE or TCGETS, {B38400 opost isig icanon echo ...}) = 0
62581 13:52:42 ioctl(5, SNDCTL_TMR_TIMEBASE or SNDRV_TIMER_IOCTL_NEXT_DEVICE or TCGETS, {B38400 opost isig icanon echo ...}) = 0
62581 13:52:42 ioctl(6, SNDCTL_TMR_TIMEBASE or SNDRV_TIMER_IOCTL_NEXT_DEVICE or TCGETS, {B38400 opost isig icanon echo ...}) = 0
62581 13:52:42 fcntl(4, F_SETFD, FD_CLOEXEC) = 0
62581 13:52:42 fcntl(5, F_SETFD, FD_CLOEXEC) = 0
62581 13:52:42 fcntl(6, F_SETFD, FD_CLOEXEC) = 0
62581 13:52:42 rt_sigaction(SIGHUP, NULL, {SIG_DFL, [], SA_RESTORER, 0x7f1eed8cc670}, 8) = 0
62581 13:52:42 rt_sigaction(SIGHUP, {SIG_IGN, [], SA_RESTORER, 0x7f1eed8cc670}, NULL, 8) = 0
62581 13:52:42 rt_sigaction(SIGHUP, NULL, {SIG_IGN, [], SA_RESTORER, 0x7f1eed8cc670}, 8) = 0
62581 13:52:42 rt_sigaction(SIGHUP, {0x7f1eeed5e410, [], SA_RESTORER, 0x7f1eed8cc670}, NULL, 8) = 0
62581 13:52:42 rt_sigaction(SIGINT, NULL, {SIG_DFL, [], SA_RESTORER, 0x7f1eed8cc670}, 8) = 0
62581 13:52:42 rt_sigaction(SIGINT, {SIG_IGN, [], SA_RESTORER, 0x7f1eed8cc670}, NULL, 8) = 0
62581 13:52:42 rt_sigaction(SIGINT, NULL, {SIG_IGN, [], SA_RESTORER, 0x7f1eed8cc670}, 8) = 0
62581 13:52:42 rt_sigaction(SIGINT, {0x7f1eeed5e410, [], SA_RESTORER, 0x7f1eed8cc670}, NULL, 8) = 0
62581 13:52:42 rt_sigaction(SIGQUIT, NULL, {SIG_DFL, [], SA_RESTORER, 0x7f1eed8cc670}, 8) = 0
62581 13:52:42 rt_sigaction(SIGQUIT, {SIG_IGN, [], SA_RESTORER, 0x7f1eed8cc670}, NULL, 8) = 0
62581 13:52:42 rt_sigaction(SIGQUIT, NULL, {SIG_IGN, [], SA_RESTORER, 0x7f1eed8cc670}, 8) = 0
62581 13:52:42 rt_sigaction(SIGQUIT, {0x7f1eeed5e410, [], SA_RESTORER, 0x7f1eed8cc670}, NULL, 8) = 0
62581 13:52:42 rt_sigaction(SIGTERM, NULL, {SIG_DFL, [], SA_RESTORER, 0x7f1eed8cc670}, 8) = 0
62581 13:52:42 rt_sigaction(SIGTERM, {SIG_IGN, [], SA_RESTORER, 0x7f1eed8cc670}, NULL, 8) = 0
62581 13:52:42 rt_sigaction(SIGTERM, NULL, {SIG_IGN, [], SA_RESTORER, 0x7f1eed8cc670}, 8) = 0
62581 13:52:42 rt_sigaction(SIGTERM, {0x7f1eeed5e410, [], SA_RESTORER, 0x7f1eed8cc670}, NULL, 8) = 0
62581 13:52:42 rt_sigaction(SIGWINCH, NULL, {SIG_DFL, [], 0}, 8) = 0
62581 13:52:42 rt_sigaction(SIGWINCH, {0x7f1eeed5e6a0, [], SA_RESTORER, 0x7f1eed8cc670}, NULL, 8) = 0
62581 13:52:42 ioctl(0, SNDCTL_TMR_TIMEBASE or SNDRV_TIMER_IOCTL_NEXT_DEVICE or TCGETS, {B38400 opost isig icanon echo ...}) = 0
62581 13:52:42 ioctl(0, SNDCTL_TMR_STOP or SNDRV_TIMER_IOCTL_GINFO or TCSETSW, {B38400 -opost -isig -icanon -echo ...}) = 0
62581 13:52:42 clock_gettime(0x7 /* CLOCK_??? */, {23234, 80923594}) = 0
62581 13:52:42 clock_gettime(0x7 /* CLOCK_??? */, {23234, 80952677}) = 0
62581 13:52:42 select(7, [3], [3], NULL, NULL) = 1 (out [3])
62581 13:52:42 clock_gettime(0x7 /* CLOCK_??? */, {23234, 81010190}) = 0
62581 13:52:42 write(3, "B\305V\266\365\21;<\211\346 \220`m\372\37\"\241\321\232\0274\"\332\324\16\352\201\24s\246}"..., 112) = 112
62581 13:52:42 clock_gettime(0x7 /* CLOCK_??? */, {23234, 81160480}) = 0
62581 13:52:42 clock_gettime(0x7 /* CLOCK_??? */, {23234, 81186322}) = 0
62581 13:52:42 select(7, [3], [], NULL, NULL) = 1 (in [3])
62581 13:52:43 clock_gettime(0x7 /* CLOCK_??? */, {23234, 419915082}) = 0
62581 13:52:43 read(3, "\322\301\257\224\376\327\3676_j\203\215\204\205\321\364\353\302\265\305\271;\21r\322v\34S\303\242\305-"..., 8192) = 44
62581 13:52:43 getsockopt(3, SOL_TCP, TCP_NODELAY, [0], [4]) = 0
62581 13:52:43 setsockopt(3, SOL_TCP, TCP_NODELAY, [1], 4) = 0
62581 13:52:43 getsockname(3, {sa_family=AF_INET, sin_port=htons(38105), sin_addr=inet_addr("192.168.0.150")}, [16]) = 0
62581 13:52:43 setsockopt(3, SOL_IP, IP_TOS, [16], 4) = 0
62581 13:52:43 ioctl(0, TIOCGWINSZ, {ws_row=39, ws_col=87, ws_xpixel=0, ws_ypixel=0}) = 0
62581 13:52:43 clock_gettime(0x7 /* CLOCK_??? */, {23234, 420448890}) = 0
62581 13:52:43 clock_gettime(0x7 /* CLOCK_??? */, {23234, 420496156}) = 0
62581 13:52:43 select(7, [3], [3], NULL, NULL) = 1 (out [3])
62581 13:52:43 clock_gettime(0x7 /* CLOCK_??? */, {23234, 420607278}) = 0
62581 13:52:43 write(3, "\370i\r\305{\316\351\334\267lp\352%\7?Q\300\1Os\356VXw\3249<\23420\302\276"..., 376) = 376
62581 13:52:43 clock_gettime(0x7 /* CLOCK_??? */, {23234, 420789448}) = 0
62581 13:52:43 clock_gettime(0x7 /* CLOCK_??? */, {23234, 420832936}) = 0
62581 13:52:43 select(7, [3], [], NULL, NULL) = 1 (in [3])
62581 13:52:43 clock_gettime(0x7 /* CLOCK_??? */, {23234, 460855375}) = 0
62581 13:52:43 read(3, "\240\235\216FIj\236\375\334!v`\16z\362\367\305\257\23\272)Ar\34\223%4\276\271\330\271\""..., 8192) = 108
62581 13:52:43 clock_gettime(0x7 /* CLOCK_??? */, {23234, 460935534}) = 0
62581 13:52:43 clock_gettime(0x7 /* CLOCK_??? */, {23234, 460958023}) = 0
62581 13:52:43 select(7, [3 4], [], NULL, NULL) = 1 (in [3])
62581 13:52:43 clock_gettime(0x7 /* CLOCK_??? */, {23234, 471808830}) = 0
62581 13:52:43 read(3, "'{0\27W\240\277\23ZOX@\21\231\323!\223\2270\216L\301\237\261\326\20\321RB\335\224\212"..., 8192) = 92
62581 13:52:43 clock_gettime(0x7 /* CLOCK_??? */, {23234, 471928724}) = 0
62581 13:52:43 clock_gettime(0x7 /* CLOCK_??? */, {23234, 471951536}) = 0
62581 13:52:43 select(7, [3 4], [5], NULL, NULL) = 1 (out [5])
62581 13:52:43 clock_gettime(0x7 /* CLOCK_??? */, {23234, 472003999}) = 0
62581 13:52:43 write(5, "Last login: Sat Oct 21 06:47:32 "..., 58) = 58
62581 13:52:43 clock_gettime(0x7 /* CLOCK_??? */, {23234, 472304231}) = 0
62581 13:52:43 clock_gettime(0x7 /* CLOCK_??? */, {23234, 472328815}) = 0
62581 13:52:43 select(7, [3 4], [], NULL, NULL) = 1 (in [3])
62581 13:52:43 clock_gettime(0x7 /* CLOCK_??? */, {23234, 877827172}) = 0
62581 13:52:43 read(3, "D\316\203)\330)\354i\202\2,\276\215\350\206rB\347oY\374\n\276\3419M1\260\230\30\204\377"..., 8192) = 84
62581 13:52:43 clock_gettime(0x7 /* CLOCK_??? */, {23234, 877920035}) = 0
62581 13:52:43 clock_gettime(0x7 /* CLOCK_??? */, {23234, 877945144}) = 0
62581 13:52:43 select(7, [3 4], [5], NULL, NULL) = 1 (out [5])
62581 13:52:43 clock_gettime(0x7 /* CLOCK_??? */, {23234, 878011288}) = 0
62581 13:52:43 write(5, "\33]0;root@localhost:~\7\33[?1034h[ro"..., 49) = 49
62581 13:52:43 clock_gettime(0x7 /* CLOCK_??? */, {23234, 878578531}) = 0
62581 13:52:43 clock_gettime(0x7 /* CLOCK_??? */, {23234, 878613258}) = 0
62581 13:52:43 select(7, [3 4], [], NULL, NULL) = 1 (in [4])
62581 13:52:45 clock_gettime(0x7 /* CLOCK_??? */, {23236, 483712119}) = 0
62581 13:52:45 read(4, "l", 16384)      = 1
62581 13:52:45 clock_gettime(0x7 /* CLOCK_??? */, {23236, 483786968}) = 0
62581 13:52:45 clock_gettime(0x7 /* CLOCK_??? */, {23236, 483821017}) = 0
62581 13:52:45 select(7, [3 4], [3], NULL, NULL) = 1 (out [3])
62581 13:52:45 clock_gettime(0x7 /* CLOCK_??? */, {23236, 483875427}) = 0
62581 13:52:45 write(3, "\211\256\342\241\367\7Q\370\251M6%L(\371\276\4\317M@\0236wC$Nn\302#\214\253u"..., 36) = 36
62581 13:52:45 clock_gettime(0x7 /* CLOCK_??? */, {23236, 483993650}) = 0
62581 13:52:45 clock_gettime(0x7 /* CLOCK_??? */, {23236, 484016452}) = 0
62581 13:52:45 select(7, [3 4], [], NULL, NULL) = 1 (in [3])
62581 13:52:45 clock_gettime(0x7 /* CLOCK_??? */, {23236, 484763042}) = 0
62581 13:52:45 read(3, "|\2069Y\362\336\0\0230\232\253\201\2070\371_,?-\t\261\t%\371(\t\242\v\303h)G"..., 8192) = 36
62581 13:52:45 clock_gettime(0x7 /* CLOCK_??? */, {23236, 484841466}) = 0
62581 13:52:45 clock_gettime(0x7 /* CLOCK_??? */, {23236, 484864059}) = 0
62581 13:52:45 select(7, [3 4], [5], NULL, NULL) = 1 (out [5])
62581 13:52:45 clock_gettime(0x7 /* CLOCK_??? */, {23236, 484915559}) = 0
62581 13:52:45 write(5, "l", 1)         = 1
62581 13:52:45 clock_gettime(0x7 /* CLOCK_??? */, {23236, 485163851}) = 0
62581 13:52:45 clock_gettime(0x7 /* CLOCK_??? */, {23236, 485187725}) = 0
62581 13:52:45 select(7, [3 4], [], NULL, NULL) = 1 (in [4])
62581 13:52:45 clock_gettime(0x7 /* CLOCK_??? */, {23236, 635707315}) = 0
62581 13:52:45 read(4, "l", 16384)      = 1
62581 13:52:45 clock_gettime(0x7 /* CLOCK_??? */, {23236, 635776173}) = 0
62581 13:52:45 clock_gettime(0x7 /* CLOCK_??? */, {23236, 635798725}) = 0
62581 13:52:45 select(7, [3 4], [3], NULL, NULL) = 1 (out [3])
62581 13:52:45 clock_gettime(0x7 /* CLOCK_??? */, {23236, 635849718}) = 0
62581 13:52:45 write(3, "7\260?\260\236D\211\364t\257A\300\322>g\305\312?\3\327C\277\251\32\0261\34|\205\2\230$"..., 36) = 36
62581 13:52:45 clock_gettime(0x7 /* CLOCK_??? */, {23236, 636026622}) = 0
62581 13:52:45 clock_gettime(0x7 /* CLOCK_??? */, {23236, 636049465}) = 0
62581 13:52:45 select(7, [3 4], [], NULL, NULL) = 1 (in [3])
62581 13:52:45 clock_gettime(0x7 /* CLOCK_??? */, {23236, 636436937}) = 0
62581 13:52:45 read(3, "\240\350\350\241\24\25\10\256\352P\331\1774\334`\217;\257O\223\vwi\320\321\330_\v\346\23\246\313"..., 8192) = 36
62581 13:52:45 clock_gettime(0x7 /* CLOCK_??? */, {23236, 636494920}) = 0
62581 13:52:45 clock_gettime(0x7 /* CLOCK_??? */, {23236, 636516613}) = 0
62581 13:52:45 select(7, [3 4], [5], NULL, NULL) = 1 (out [5])
62581 13:52:45 clock_gettime(0x7 /* CLOCK_??? */, {23236, 636566347}) = 0
62581 13:52:45 write(5, "l", 1)         = 1
62581 13:52:45 clock_gettime(0x7 /* CLOCK_??? */, {23236, 636820120}) = 0
62581 13:52:45 clock_gettime(0x7 /* CLOCK_??? */, {23236, 636861472}) = 0
62581 13:52:45 select(7, [3 4], [], NULL, NULL) = 1 (in [4])
62581 13:52:45 clock_gettime(0x7 /* CLOCK_??? */, {23236, 715705740}) = 0
62581 13:52:45 read(4, "\r", 16384)     = 1
62581 13:52:45 clock_gettime(0x7 /* CLOCK_??? */, {23236, 715777616}) = 0
62581 13:52:45 clock_gettime(0x7 /* CLOCK_??? */, {23236, 715799921}) = 0
62581 13:52:45 select(7, [3 4], [3], NULL, NULL) = 1 (out [3])
62581 13:52:45 clock_gettime(0x7 /* CLOCK_??? */, {23236, 715866706}) = 0
62581 13:52:45 write(3, "QT\344z\263U\343W^\5\377z\201Pr:\301\2542D\5\3233\232\351\356\215js\271Jy"..., 36) = 36
62581 13:52:45 clock_gettime(0x7 /* CLOCK_??? */, {23236, 715985528}) = 0
62581 13:52:45 clock_gettime(0x7 /* CLOCK_??? */, {23236, 716008317}) = 0
62581 13:52:45 select(7, [3 4], [], NULL, NULL) = 1 (in [3])
62581 13:52:45 clock_gettime(0x7 /* CLOCK_??? */, {23236, 718832281}) = 0
62581 13:52:45 read(3, "\200\243\353,\270\201\207\237\343\226\242\343&\336)!\27\27w\257\256)\202]!\343\371\177\376\245r_"..., 8192) = 36
62581 13:52:45 clock_gettime(0x7 /* CLOCK_??? */, {23236, 718922690}) = 0
62581 13:52:45 clock_gettime(0x7 /* CLOCK_??? */, {23236, 718944887}) = 0
62581 13:52:45 select(7, [3 4], [5], NULL, NULL) = 1 (out [5])
62581 13:52:45 clock_gettime(0x7 /* CLOCK_??? */, {23236, 718997856}) = 0
62581 13:52:45 write(5, "\r\n", 2)      = 2
62581 13:52:45 clock_gettime(0x7 /* CLOCK_??? */, {23236, 719319085}) = 0
62581 13:52:45 clock_gettime(0x7 /* CLOCK_??? */, {23236, 719357603}) = 0
62581 13:52:45 select(7, [3 4], [], NULL, NULL) = 1 (in [3])
62581 13:52:45 clock_gettime(0x7 /* CLOCK_??? */, {23236, 723752451}) = 0
62581 13:52:45 read(3, "\342\251\244\315J\306d\r\247\271\254\34\350\215\250\212i\373\2641O]\215\234\305\360\340-L{\345\214"..., 8192) = 148
62581 13:52:45 clock_gettime(0x7 /* CLOCK_??? */, {23236, 725021312}) = 0
62581 13:52:45 clock_gettime(0x7 /* CLOCK_??? */, {23236, 725045652}) = 0
62581 13:52:45 select(7, [3 4], [5], NULL, NULL) = 1 (out [5])
62581 13:52:45 clock_gettime(0x7 /* CLOCK_??? */, {23236, 725104824}) = 0
62581 13:52:45 write(5, "total 4\r\n-rw-------. 1 root root"..., 109) = 109
62581 13:52:45 clock_gettime(0x7 /* CLOCK_??? */, {23236, 726283173}) = 0
62581 13:52:45 clock_gettime(0x7 /* CLOCK_??? */, {23236, 726317383}) = 0
62581 13:52:45 select(7, [3 4], [], NULL, NULL) = 1 (in [4])
62581 13:52:45 clock_gettime(0x7 /* CLOCK_??? */, {23237, 11719927}) = 0
62581 13:52:45 read(4, "l", 16384)      = 1
62581 13:52:45 clock_gettime(0x7 /* CLOCK_??? */, {23237, 11788788}) = 0
62581 13:52:45 clock_gettime(0x7 /* CLOCK_??? */, {23237, 11811593}) = 0
62581 13:52:45 select(7, [3 4], [3], NULL, NULL) = 1 (out [3])
62581 13:52:45 clock_gettime(0x7 /* CLOCK_??? */, {23237, 11863163}) = 0
62581 13:52:45 write(3, "{\v\223\274A0\36\335\257q\314/\r\271\226\316T\2024D\4]\334\n\212\22\324\203N\v\324\266"..., 36) = 36
62581 13:52:45 clock_gettime(0x7 /* CLOCK_??? */, {23237, 11987194}) = 0
62581 13:52:45 clock_gettime(0x7 /* CLOCK_??? */, {23237, 12010055}) = 0
62581 13:52:45 select(7, [3 4], [], NULL, NULL) = 1 (in [3])
62581 13:52:45 clock_gettime(0x7 /* CLOCK_??? */, {23237, 12549061}) = 0
62581 13:52:45 read(3, "j}B]\206\340\225\220\7\252!\323\245^#\3134\222&o\313\310\32\33\21Iy\243\3730I\270"..., 8192) = 36
62581 13:52:45 clock_gettime(0x7 /* CLOCK_??? */, {23237, 12611298}) = 0
62581 13:52:45 clock_gettime(0x7 /* CLOCK_??? */, {23237, 12633094}) = 0
62581 13:52:45 select(7, [3 4], [5], NULL, NULL) = 1 (out [5])
62581 13:52:45 clock_gettime(0x7 /* CLOCK_??? */, {23237, 12699767}) = 0
62581 13:52:45 write(5, "l", 1)         = 1
62581 13:52:45 clock_gettime(0x7 /* CLOCK_??? */, {23237, 12943268}) = 0
62581 13:52:45 clock_gettime(0x7 /* CLOCK_??? */, {23237, 12967535}) = 0
62581 13:52:45 select(7, [3 4], [], NULL, NULL) = 1 (in [4])
62581 13:52:45 clock_gettime(0x7 /* CLOCK_??? */, {23237, 147682092}) = 0
62581 13:52:45 read(4, "s", 16384)      = 1
62581 13:52:45 clock_gettime(0x7 /* CLOCK_??? */, {23237, 147750870}) = 0
62581 13:52:45 clock_gettime(0x7 /* CLOCK_??? */, {23237, 147773340}) = 0
62581 13:52:45 select(7, [3 4], [3], NULL, NULL) = 1 (out [3])
62581 13:52:45 clock_gettime(0x7 /* CLOCK_??? */, {23237, 147824180}) = 0
62581 13:52:45 write(3, "\310\207\360\235l\326\353\f3\356\365\252\362\370\t4\360\357/\305~,1\341\30\6\350\333\17\30\231|"..., 36) = 36
62581 13:52:45 clock_gettime(0x7 /* CLOCK_??? */, {23237, 147953638}) = 0
62581 13:52:45 clock_gettime(0x7 /* CLOCK_??? */, {23237, 147976115}) = 0
62581 13:52:45 select(7, [3 4], [], NULL, NULL) = 1 (in [3])
62581 13:52:45 clock_gettime(0x7 /* CLOCK_??? */, {23237, 148487043}) = 0
62581 13:52:45 read(3, "\340m%\334\323\240}\277\241\263\364\363\341K\2074\333BV\22\310\354_G+\321\20\331\303\205\257W"..., 8192) = 36
62581 13:52:45 clock_gettime(0x7 /* CLOCK_??? */, {23237, 148545027}) = 0
62581 13:52:45 clock_gettime(0x7 /* CLOCK_??? */, {23237, 148566756}) = 0
62581 13:52:45 select(7, [3 4], [5], NULL, NULL) = 1 (out [5])
62581 13:52:45 clock_gettime(0x7 /* CLOCK_??? */, {23237, 148616593}) = 0
62581 13:52:45 write(5, "s", 1)         = 1
62581 13:52:45 clock_gettime(0x7 /* CLOCK_??? */, {23237, 150200751}) = 0
62581 13:52:45 clock_gettime(0x7 /* CLOCK_??? */, {23237, 150231415}) = 0
62581 13:52:45 select(7, [3 4], [], NULL, NULL) = 1 (in [4])
62581 13:52:46 clock_gettime(0x7 /* CLOCK_??? */, {23237, 235848800}) = 0
62581 13:52:46 read(4, "\r", 16384)     = 1
62581 13:52:46 clock_gettime(0x7 /* CLOCK_??? */, {23237, 235963430}) = 0
62581 13:52:46 clock_gettime(0x7 /* CLOCK_??? */, {23237, 235987314}) = 0
62581 13:52:46 select(7, [3 4], [3], NULL, NULL) = 1 (out [3])
62581 13:52:46 clock_gettime(0x7 /* CLOCK_??? */, {23237, 236040899}) = 0
62581 13:52:46 write(3, "%&\301[\207\334\373\0\340\375\273\30\235c\361dR'7\230'$m\351]\216\5\314\3542\245\312"..., 36) = 36
62581 13:52:46 clock_gettime(0x7 /* CLOCK_??? */, {23237, 236177835}) = 0
62581 13:52:46 clock_gettime(0x7 /* CLOCK_??? */, {23237, 236201427}) = 0
62581 13:52:46 select(7, [3 4], [], NULL, NULL) = 1 (in [3])
62581 13:52:46 clock_gettime(0x7 /* CLOCK_??? */, {23237, 236973834}) = 0
62581 13:52:46 read(3, "\365k\311\344\f\341]\226\1\276\227\1779\34\252r\215\221&\350\33\247\373<^\230\31O\350\336`*"..., 8192) = 36
62581 13:52:46 clock_gettime(0x7 /* CLOCK_??? */, {23237, 237036853}) = 0
62581 13:52:46 clock_gettime(0x7 /* CLOCK_??? */, {23237, 237058676}) = 0
62581 13:52:46 select(7, [3 4], [5], NULL, NULL) = 1 (out [5])
62581 13:52:46 clock_gettime(0x7 /* CLOCK_??? */, {23237, 237109635}) = 0
62581 13:52:46 write(5, "\r\n", 2)      = 2
62581 13:52:46 clock_gettime(0x7 /* CLOCK_??? */, {23237, 239550458}) = 0
62581 13:52:46 clock_gettime(0x7 /* CLOCK_??? */, {23237, 239581781}) = 0
62581 13:52:46 select(7, [3 4], [], NULL, NULL) = 1 (in [3])
62581 13:52:46 clock_gettime(0x7 /* CLOCK_??? */, {23237, 239637568}) = 0
62581 13:52:46 read(3, "\342~\223\340\317\250[\206\351m\373\255'\206\207x#Qw\250\306\35:\376\37\341\334\276L\205\365w"..., 8192) = 92
62581 13:52:46 clock_gettime(0x7 /* CLOCK_??? */, {23237, 239700500}) = 0
62581 13:52:46 clock_gettime(0x7 /* CLOCK_??? */, {23237, 239722291}) = 0
62581 13:52:46 select(7, [3 4], [5], NULL, NULL) = 1 (out [5])
62581 13:52:46 clock_gettime(0x7 /* CLOCK_??? */, {23237, 239772228}) = 0
62581 13:52:46 write(5, "anaconda-ks.cfg\r\n\33]0;root@localh"..., 58) = 58
62581 13:52:46 clock_gettime(0x7 /* CLOCK_??? */, {23237, 239828009}) = 0
62581 13:52:46 clock_gettime(0x7 /* CLOCK_??? */, {23237, 239850479}) = 0
62581 13:52:46 select(7, [3 4], [], NULL, NULL) = 1 (in [4])
62581 13:52:46 clock_gettime(0x7 /* CLOCK_??? */, {23237, 908621864}) = 0
62581 13:52:46 read(4, "c", 16384)      = 1
62581 13:52:46 clock_gettime(0x7 /* CLOCK_??? */, {23237, 908694403}) = 0
62581 13:52:46 clock_gettime(0x7 /* CLOCK_??? */, {23237, 908717788}) = 0
62581 13:52:46 select(7, [3 4], [3], NULL, NULL) = 1 (out [3])
62581 13:52:46 clock_gettime(0x7 /* CLOCK_??? */, {23237, 908771402}) = 0
62581 13:52:46 write(3, "|7\236\231>\352\20O\275\251\364\236%G\221\316R#\222\235\364\277.%\0\325L(\301\263xq"..., 36) = 36
62581 13:52:46 clock_gettime(0x7 /* CLOCK_??? */, {23237, 908892462}) = 0
62581 13:52:46 clock_gettime(0x7 /* CLOCK_??? */, {23237, 908915340}) = 0
62581 13:52:46 select(7, [3 4], [], NULL, NULL) = 1 (in [3])
62581 13:52:46 clock_gettime(0x7 /* CLOCK_??? */, {23237, 909569993}) = 0
62581 13:52:46 read(3, "\205V\271\322n>\205d\210!\256\2\373F\351\350\236\373:\230\247\224\6\36\n\273:\177\216oD\21"..., 8192) = 36
62581 13:52:46 clock_gettime(0x7 /* CLOCK_??? */, {23237, 909637848}) = 0
62581 13:52:46 clock_gettime(0x7 /* CLOCK_??? */, {23237, 909659932}) = 0
62581 13:52:46 select(7, [3 4], [5], NULL, NULL) = 1 (out [5])
62581 13:52:46 clock_gettime(0x7 /* CLOCK_??? */, {23237, 909712049}) = 0
62581 13:52:46 write(5, "c", 1)         = 1
62581 13:52:46 clock_gettime(0x7 /* CLOCK_??? */, {23237, 911474816}) = 0
62581 13:52:46 clock_gettime(0x7 /* CLOCK_??? */, {23237, 911532575}) = 0
62581 13:52:46 select(7, [3 4], [], NULL, NULL) = 1 (in [4])
62581 13:52:46 clock_gettime(0x7 /* CLOCK_??? */, {23238, 3699057}) = 0
62581 13:52:46 read(4, "d", 16384)      = 1
62581 13:52:46 clock_gettime(0x7 /* CLOCK_??? */, {23238, 3768386}) = 0
62581 13:52:46 clock_gettime(0x7 /* CLOCK_??? */, {23238, 3791173}) = 0
62581 13:52:46 select(7, [3 4], [3], NULL, NULL) = 1 (out [3])
62581 13:52:46 clock_gettime(0x7 /* CLOCK_??? */, {23238, 3843021}) = 0
62581 13:52:46 write(3, "0y\341z'\316\242\241\35\236\275\342\226\250\275\215\241o\24U\10\272\225\364\377\316@Ds\343&F"..., 36) = 36
62581 13:52:46 clock_gettime(0x7 /* CLOCK_??? */, {23238, 3952336}) = 0
62581 13:52:46 clock_gettime(0x7 /* CLOCK_??? */, {23238, 3975211}) = 0
62581 13:52:46 select(7, [3 4], [], NULL, NULL) = 1 (in [3])
62581 13:52:46 clock_gettime(0x7 /* CLOCK_??? */, {23238, 4476071}) = 0
62581 13:52:46 read(3, "=\3Cv\344\16<Y\355O\24\0346\36U\231Ac\345\257QQ\320=w\1\252#\1L\364:"..., 8192) = 36
62581 13:52:46 clock_gettime(0x7 /* CLOCK_??? */, {23238, 4572568}) = 0
62581 13:52:46 clock_gettime(0x7 /* CLOCK_??? */, {23238, 4595219}) = 0
62581 13:52:46 select(7, [3 4], [5], NULL, NULL) = 1 (out [5])
62581 13:52:46 clock_gettime(0x7 /* CLOCK_??? */, {23238, 4647148}) = 0
62581 13:52:46 write(5, "d", 1)         = 1
62581 13:52:46 clock_gettime(0x7 /* CLOCK_??? */, {23238, 4700688}) = 0
62581 13:52:46 clock_gettime(0x7 /* CLOCK_??? */, {23238, 4722661}) = 0
62581 13:52:46 select(7, [3 4], [], NULL, NULL) = 1 (in [4])
62581 13:52:47 clock_gettime(0x7 /* CLOCK_??? */, {23238, 363776414}) = 0
62581 13:52:47 read(4, "\r", 16384)     = 1
62581 13:52:47 clock_gettime(0x7 /* CLOCK_??? */, {23238, 363847319}) = 0
62581 13:52:47 clock_gettime(0x7 /* CLOCK_??? */, {23238, 363869740}) = 0
62581 13:52:47 select(7, [3 4], [3], NULL, NULL) = 1 (out [3])
62581 13:52:47 clock_gettime(0x7 /* CLOCK_??? */, {23238, 363921292}) = 0
62581 13:52:47 write(3, "\372Y\236\340M\n\363\362a\36eZa\226ti+\226\200\37\374\fD\235\310Do_N\325\20\353"..., 36) = 36
62581 13:52:47 clock_gettime(0x7 /* CLOCK_??? */, {23238, 364866016}) = 0
62581 13:52:47 clock_gettime(0x7 /* CLOCK_??? */, {23238, 364895307}) = 0
62581 13:52:47 select(7, [3 4], [], NULL, NULL) = 1 (in [3])
62581 13:52:47 clock_gettime(0x7 /* CLOCK_??? */, {23238, 364952774}) = 0
62581 13:52:47 read(3, "\337\246G?\246\264H\10\326\202\222-mW\251\204\37\344~P\347\332\21\372\346\216\27 '\344kf"..., 8192) = 84
62581 13:52:47 clock_gettime(0x7 /* CLOCK_??? */, {23238, 365015181}) = 0
62581 13:52:47 clock_gettime(0x7 /* CLOCK_??? */, {23238, 365037299}) = 0
62581 13:52:47 select(7, [3 4], [5], NULL, NULL) = 1 (out [5])
62581 13:52:47 clock_gettime(0x7 /* CLOCK_??? */, {23238, 365133112}) = 0
62581 13:52:47 write(5, "\r\n\33]0;root@localhost:~\7[root@loc"..., 43) = 43
62581 13:52:47 clock_gettime(0x7 /* CLOCK_??? */, {23238, 368299445}) = 0
62581 13:52:47 clock_gettime(0x7 /* CLOCK_??? */, {23238, 368330689}) = 0
62581 13:52:47 select(7, [3 4], [], NULL, NULL) = 1 (in [4])
62581 13:52:47 clock_gettime(0x7 /* CLOCK_??? */, {23239, 91727019}) = 0
62581 13:52:47 read(4, "p", 16384)      = 1
62581 13:52:47 clock_gettime(0x7 /* CLOCK_??? */, {23239, 91822340}) = 0
62581 13:52:47 clock_gettime(0x7 /* CLOCK_??? */, {23239, 91845159}) = 0
62581 13:52:47 select(7, [3 4], [3], NULL, NULL) = 1 (out [3])
62581 13:52:47 clock_gettime(0x7 /* CLOCK_??? */, {23239, 91897376}) = 0
62581 13:52:47 write(3, "j_zB\246\2\2174\214u\365\355^\254\262\244\225\2\352jz\6% \214`\27\223\333*\365\343"..., 36) = 36
62581 13:52:47 clock_gettime(0x7 /* CLOCK_??? */, {23239, 92007612}) = 0
62581 13:52:47 clock_gettime(0x7 /* CLOCK_??? */, {23239, 92030574}) = 0
62581 13:52:47 select(7, [3 4], [], NULL, NULL) = 1 (in [3])
62581 13:52:47 clock_gettime(0x7 /* CLOCK_??? */, {23239, 92396451}) = 0
62581 13:52:47 read(3, "\212)Y\312\271\2\312R`\244\250\251/9\327o\251\30a\374\353\32t\364\346\24\323\307\245Q\314\34"..., 8192) = 36
62581 13:52:47 clock_gettime(0x7 /* CLOCK_??? */, {23239, 92456050}) = 0
62581 13:52:47 clock_gettime(0x7 /* CLOCK_??? */, {23239, 92478328}) = 0
62581 13:52:47 select(7, [3 4], [5], NULL, NULL) = 1 (out [5])
62581 13:52:47 clock_gettime(0x7 /* CLOCK_??? */, {23239, 92528814}) = 0
62581 13:52:47 write(5, "p", 1)         = 1
62581 13:52:47 clock_gettime(0x7 /* CLOCK_??? */, {23239, 92576789}) = 0
62581 13:52:47 clock_gettime(0x7 /* CLOCK_??? */, {23239, 92598453}) = 0
62581 13:52:47 select(7, [3 4], [], NULL, NULL) = 1 (in [4])
62581 13:52:48 clock_gettime(0x7 /* CLOCK_??? */, {23239, 275994434}) = 0
62581 13:52:48 read(4, "w", 16384)      = 1
62581 13:52:48 clock_gettime(0x7 /* CLOCK_??? */, {23239, 276062561}) = 0
62581 13:52:48 clock_gettime(0x7 /* CLOCK_??? */, {23239, 276084894}) = 0
62581 13:52:48 select(7, [3 4], [3], NULL, NULL) = 1 (out [3])
62581 13:52:48 clock_gettime(0x7 /* CLOCK_??? */, {23239, 276136084}) = 0
62581 13:52:48 write(3, "\255\323\323\320\225\222\365\206\vqO\321\204\20B\227\353\211\24//o\237\357\302G\251\361\33\21\27p"..., 36) = 36
62581 13:52:48 clock_gettime(0x7 /* CLOCK_??? */, {23239, 276269917}) = 0
62581 13:52:48 clock_gettime(0x7 /* CLOCK_??? */, {23239, 276293179}) = 0
62581 13:52:48 select(7, [3 4], [], NULL, NULL) = 1 (in [3])
62581 13:52:48 clock_gettime(0x7 /* CLOCK_??? */, {23239, 276799877}) = 0
62581 13:52:48 read(3, "^\325\352j\220mp\35\341\34\240\220\261\215M;E\32\364}\210|\224'\252t\221\1\r\0341\261"..., 8192) = 36
62581 13:52:48 clock_gettime(0x7 /* CLOCK_??? */, {23239, 276860308}) = 0
62581 13:52:48 clock_gettime(0x7 /* CLOCK_??? */, {23239, 276882404}) = 0
62581 13:52:48 select(7, [3 4], [5], NULL, NULL) = 1 (out [5])
62581 13:52:48 clock_gettime(0x7 /* CLOCK_??? */, {23239, 276932577}) = 0
62581 13:52:48 write(5, "w", 1)         = 1
62581 13:52:48 clock_gettime(0x7 /* CLOCK_??? */, {23239, 276981844}) = 0
62581 13:52:48 clock_gettime(0x7 /* CLOCK_??? */, {23239, 277003334}) = 0
62581 13:52:48 select(7, [3 4], [], NULL, NULL) = 1 (in [4])
62581 13:52:48 clock_gettime(0x7 /* CLOCK_??? */, {23239, 443311795}) = 0
62581 13:52:48 read(4, "d", 16384)      = 1
62581 13:52:48 clock_gettime(0x7 /* CLOCK_??? */, {23239, 443381513}) = 0
62581 13:52:48 clock_gettime(0x7 /* CLOCK_??? */, {23239, 443403831}) = 0
62581 13:52:48 select(7, [3 4], [3], NULL, NULL) = 1 (out [3])
62581 13:52:48 clock_gettime(0x7 /* CLOCK_??? */, {23239, 443454930}) = 0
62581 13:52:48 write(3, ";r\5\370 \251r\4\260#\264\227\302\2\325\354Y\205\304\240p9\215>\16\222Kk\324?}\274"..., 36) = 36
62581 13:52:48 clock_gettime(0x7 /* CLOCK_??? */, {23239, 443565095}) = 0
62581 13:52:48 clock_gettime(0x7 /* CLOCK_??? */, {23239, 443588055}) = 0
62581 13:52:48 select(7, [3 4], [], NULL, NULL) = 1 (in [3])
62581 13:52:48 clock_gettime(0x7 /* CLOCK_??? */, {23239, 444072694}) = 0
62581 13:52:48 read(3, "\\\30\3\254O\255\361\372|\355R@sW%\r\4\226!\234\344\227E\366wIo\330H\252g\222"..., 8192) = 36
62581 13:52:48 clock_gettime(0x7 /* CLOCK_??? */, {23239, 444135531}) = 0
62581 13:52:48 clock_gettime(0x7 /* CLOCK_??? */, {23239, 444157665}) = 0
62581 13:52:48 select(7, [3 4], [5], NULL, NULL) = 1 (out [5])
62581 13:52:48 clock_gettime(0x7 /* CLOCK_??? */, {23239, 444251912}) = 0
62581 13:52:48 write(5, "d", 1)         = 1
62581 13:52:48 clock_gettime(0x7 /* CLOCK_??? */, {23239, 444303671}) = 0
62581 13:52:48 clock_gettime(0x7 /* CLOCK_??? */, {23239, 444325361}) = 0
62581 13:52:48 select(7, [3 4], [], NULL, NULL) = 1 (in [4])
62581 13:52:48 clock_gettime(0x7 /* CLOCK_??? */, {23239, 563958910}) = 0
62581 13:52:48 read(4, "\r", 16384)     = 1
62581 13:52:48 clock_gettime(0x7 /* CLOCK_??? */, {23239, 564029374}) = 0
62581 13:52:48 clock_gettime(0x7 /* CLOCK_??? */, {23239, 564051701}) = 0
62581 13:52:48 select(7, [3 4], [3], NULL, NULL) = 1 (out [3])
62581 13:52:48 clock_gettime(0x7 /* CLOCK_??? */, {23239, 564103875}) = 0
62581 13:52:48 write(3, "qcy5\316\367 \254\2604R\3570\305|\226\320^\235K\2\257\237\35)\325\362\4\272L\266\276"..., 36) = 36
62581 13:52:48 clock_gettime(0x7 /* CLOCK_??? */, {23239, 564245942}) = 0
62581 13:52:48 clock_gettime(0x7 /* CLOCK_??? */, {23239, 564268916}) = 0
62581 13:52:48 select(7, [3 4], [], NULL, NULL) = 1 (in [3])
62581 13:52:48 clock_gettime(0x7 /* CLOCK_??? */, {23239, 564921636}) = 0
62581 13:52:48 read(3, "\225\340\36\251\361\245{\252\5\no\32\10V\371\375j\304\220\212\255\256\256\322\211Y\317s\264\22\316\362"..., 8192) = 84
62581 13:52:48 clock_gettime(0x7 /* CLOCK_??? */, {23239, 564985120}) = 0
62581 13:52:48 clock_gettime(0x7 /* CLOCK_??? */, {23239, 565007643}) = 0
62581 13:52:48 select(7, [3 4], [5], NULL, NULL) = 1 (out [5])
62581 13:52:48 clock_gettime(0x7 /* CLOCK_??? */, {23239, 565059129}) = 0
62581 13:52:48 write(5, "\r\n/root\r\n\33]0;root@localhost:~\7[r"..., 50) = 50
62581 13:52:48 clock_gettime(0x7 /* CLOCK_??? */, {23239, 565330489}) = 0
62581 13:52:48 clock_gettime(0x7 /* CLOCK_??? */, {23239, 565354602}) = 0
62581 13:52:48 select(7, [3 4], [], NULL, NULL) = 1 (in [4])
62581 13:52:49 clock_gettime(0x7 /* CLOCK_??? */, {23240, 515675411}) = 0
62581 13:52:49 read(4, "e", 16384)      = 1
62581 13:52:49 clock_gettime(0x7 /* CLOCK_??? */, {23240, 515744440}) = 0
62581 13:52:49 clock_gettime(0x7 /* CLOCK_??? */, {23240, 515766656}) = 0
62581 13:52:49 select(7, [3 4], [3], NULL, NULL) = 1 (out [3])
62581 13:52:49 clock_gettime(0x7 /* CLOCK_??? */, {23240, 515817768}) = 0
62581 13:52:49 write(3, "\4\5\225\232f\344\3Up\r\1\202U3\314Y\377\210\2600r\244I\272\315i`\271\201\34\265\327"..., 36) = 36
62581 13:52:49 clock_gettime(0x7 /* CLOCK_??? */, {23240, 515957542}) = 0
62581 13:52:49 clock_gettime(0x7 /* CLOCK_??? */, {23240, 515980496}) = 0
62581 13:52:49 select(7, [3 4], [], NULL, NULL) = 1 (in [3])
62581 13:52:49 clock_gettime(0x7 /* CLOCK_??? */, {23240, 516503022}) = 0
62581 13:52:49 read(3, "\340\202\205\337\311\311f\10\357\250\213\362\276\303h8P)0=\343\344S\250\341\356\222\355\312\366h\356"..., 8192) = 36
62581 13:52:49 clock_gettime(0x7 /* CLOCK_??? */, {23240, 516563991}) = 0
62581 13:52:49 clock_gettime(0x7 /* CLOCK_??? */, {23240, 516586043}) = 0
62581 13:52:49 select(7, [3 4], [5], NULL, NULL) = 1 (out [5])
62581 13:52:49 clock_gettime(0x7 /* CLOCK_??? */, {23240, 516636760}) = 0
62581 13:52:49 write(5, "e", 1)         = 1
62581 13:52:49 clock_gettime(0x7 /* CLOCK_??? */, {23240, 516875573}) = 0
62581 13:52:49 clock_gettime(0x7 /* CLOCK_??? */, {23240, 516899796}) = 0
62581 13:52:49 select(7, [3 4], [], NULL, NULL) = 1 (in [4])
62581 13:52:49 clock_gettime(0x7 /* CLOCK_??? */, {23240, 699406508}) = 0
62581 13:52:49 read(4, "x", 16384)      = 1
62581 13:52:49 clock_gettime(0x7 /* CLOCK_??? */, {23240, 699476831}) = 0
62581 13:52:49 clock_gettime(0x7 /* CLOCK_??? */, {23240, 699499146}) = 0
62581 13:52:49 select(7, [3 4], [3], NULL, NULL) = 1 (out [3])
62581 13:52:49 clock_gettime(0x7 /* CLOCK_??? */, {23240, 699550515}) = 0
62581 13:52:49 write(3, "\263r\333[\222\247\331\300\216=Xf\33\320]\0363S\241\256\251.Y}\346\210\264\243h\272jO"..., 36) = 36
62581 13:52:49 clock_gettime(0x7 /* CLOCK_??? */, {23240, 699708211}) = 0
62581 13:52:49 clock_gettime(0x7 /* CLOCK_??? */, {23240, 699731356}) = 0
62581 13:52:49 select(7, [3 4], [], NULL, NULL) = 1 (in [3])
62581 13:52:49 clock_gettime(0x7 /* CLOCK_??? */, {23240, 700136113}) = 0
62581 13:52:49 read(3, "\31:V\203\323\24\201P\211\v\31dy\354\303:\250\214c\337\333tQ\364\261\302\275N\2342\343\227"..., 8192) = 36
62581 13:52:49 clock_gettime(0x7 /* CLOCK_??? */, {23240, 700195853}) = 0
62581 13:52:49 clock_gettime(0x7 /* CLOCK_??? */, {23240, 700217666}) = 0
62581 13:52:49 select(7, [3 4], [5], NULL, NULL) = 1 (out [5])
62581 13:52:49 clock_gettime(0x7 /* CLOCK_??? */, {23240, 700268007}) = 0
62581 13:52:49 write(5, "x", 1)         = 1
62581 13:52:49 clock_gettime(0x7 /* CLOCK_??? */, {23240, 700491162}) = 0
62581 13:52:49 clock_gettime(0x7 /* CLOCK_??? */, {23240, 700515893}) = 0
62581 13:52:49 select(7, [3 4], [], NULL, NULL) = 1 (in [4])
62581 13:52:49 clock_gettime(0x7 /* CLOCK_??? */, {23240, 851758885}) = 0
62581 13:52:49 read(4, "i", 16384)      = 1
62581 13:52:49 clock_gettime(0x7 /* CLOCK_??? */, {23240, 851829096}) = 0
62581 13:52:49 clock_gettime(0x7 /* CLOCK_??? */, {23240, 851851476}) = 0
62581 13:52:49 select(7, [3 4], [3], NULL, NULL) = 1 (out [3])
62581 13:52:49 clock_gettime(0x7 /* CLOCK_??? */, {23240, 851929657}) = 0
62581 13:52:49 write(3, "\311a\252\204\342o\362W\242\324>c<\246\211\241#\206b\335s9I\344\300OAL\302\31\231\n"..., 36) = 36
62581 13:52:49 clock_gettime(0x7 /* CLOCK_??? */, {23240, 852043187}) = 0
62581 13:52:49 clock_gettime(0x7 /* CLOCK_??? */, {23240, 852066013}) = 0
62581 13:52:49 select(7, [3 4], [], NULL, NULL) = 1 (in [3])
62581 13:52:49 clock_gettime(0x7 /* CLOCK_??? */, {23240, 852610963}) = 0
62581 13:52:49 read(3, "H[#\266P9\263GD`\261x\17n\322N\332n\252\\\217\354_\306\254\206[\204u\257\20v"..., 8192) = 36
62581 13:52:49 clock_gettime(0x7 /* CLOCK_??? */, {23240, 852671761}) = 0
62581 13:52:49 clock_gettime(0x7 /* CLOCK_??? */, {23240, 852693806}) = 0
62581 13:52:49 select(7, [3 4], [5], NULL, NULL) = 1 (out [5])
62581 13:52:49 clock_gettime(0x7 /* CLOCK_??? */, {23240, 852743988}) = 0
62581 13:52:49 write(5, "i", 1)         = 1
62581 13:52:49 clock_gettime(0x7 /* CLOCK_??? */, {23240, 854432409}) = 0
62581 13:52:49 clock_gettime(0x7 /* CLOCK_??? */, {23240, 854463571}) = 0
62581 13:52:49 select(7, [3 4], [], NULL, NULL) = 1 (in [4])
62581 13:52:49 clock_gettime(0x7 /* CLOCK_??? */, {23240, 971663986}) = 0
62581 13:52:49 read(4, "t", 16384)      = 1
62581 13:52:49 clock_gettime(0x7 /* CLOCK_??? */, {23240, 971777661}) = 0
62581 13:52:49 clock_gettime(0x7 /* CLOCK_??? */, {23240, 971821368}) = 0
62581 13:52:49 select(7, [3 4], [3], NULL, NULL) = 1 (out [3])
62581 13:52:49 clock_gettime(0x7 /* CLOCK_??? */, {23240, 971927832}) = 0
62581 13:52:49 write(3, "^\3343w|\237M\302;\2524\34YS\315B\375\264%#\351\325w\357t\216\305\36\25\364;\237"..., 36) = 36
62581 13:52:49 clock_gettime(0x7 /* CLOCK_??? */, {23240, 972110081}) = 0
62581 13:52:49 clock_gettime(0x7 /* CLOCK_??? */, {23240, 972133861}) = 0
62581 13:52:49 select(7, [3 4], [], NULL, NULL) = 1 (in [3])
62581 13:52:49 clock_gettime(0x7 /* CLOCK_??? */, {23240, 972354914}) = 0
62581 13:52:49 read(3, "\v\237\5*\371\322\32d\242\0262\213\366;t\10\330\372\352\7\204\274\32\0\322Qp\v\363\374\332\323"..., 8192) = 36
62581 13:52:49 clock_gettime(0x7 /* CLOCK_??? */, {23240, 972430442}) = 0
62581 13:52:49 clock_gettime(0x7 /* CLOCK_??? */, {23240, 972458724}) = 0
62581 13:52:49 select(7, [3 4], [5], NULL, NULL) = 1 (out [5])
62581 13:52:49 clock_gettime(0x7 /* CLOCK_??? */, {23240, 972510270}) = 0
62581 13:52:49 write(5, "t", 1)         = 1
62581 13:52:49 clock_gettime(0x7 /* CLOCK_??? */, {23240, 972739317}) = 0
62581 13:52:49 clock_gettime(0x7 /* CLOCK_??? */, {23240, 972781080}) = 0
62581 13:52:49 select(7, [3 4], [], NULL, NULL) = 1 (in [4])
62581 13:52:49 clock_gettime(0x7 /* CLOCK_??? */, {23241, 123781339}) = 0
62581 13:52:49 read(4, "\r", 16384)     = 1
62581 13:52:49 clock_gettime(0x7 /* CLOCK_??? */, {23241, 123973334}) = 0
62581 13:52:49 clock_gettime(0x7 /* CLOCK_??? */, {23241, 124014642}) = 0
62581 13:52:49 select(7, [3 4], [3], NULL, NULL) = 1 (out [3])
62581 13:52:49 clock_gettime(0x7 /* CLOCK_??? */, {23241, 124108079}) = 0
62581 13:52:49 write(3, "\271\374`\237\2203\227\242\246W\34F\222+\260z(\307\271\367\216R\22`\254\3011\237\201\2138\360"..., 36) = 36
62581 13:52:49 clock_gettime(0x7 /* CLOCK_??? */, {23241, 124287493}) = 0
62581 13:52:49 clock_gettime(0x7 /* CLOCK_??? */, {23241, 124327604}) = 0
62581 13:52:49 select(7, [3 4], [], NULL, NULL) = 1 (in [3])
62581 13:52:49 clock_gettime(0x7 /* CLOCK_??? */, {23241, 125808848}) = 0
62581 13:52:49 read(3, "\343sX\235\341\204\261:\2.\26P}\241\275\30\307\372|.\20\274\242\205Z\322s4\257\232\245\207"..., 8192) = 220
62581 13:52:49 close(4)                 = 0
62581 13:52:49 clock_gettime(0x7 /* CLOCK_??? */, {23241, 125912122}) = 0
62581 13:52:49 clock_gettime(0x7 /* CLOCK_??? */, {23241, 125934543}) = 0
62581 13:52:49 select(7, [3], [5], NULL, NULL) = 1 (out [5])
62581 13:52:49 clock_gettime(0x7 /* CLOCK_??? */, {23241, 126021137}) = 0
62581 13:52:49 write(5, "\r\nlogout\r\n", 10) = 10
62581 13:52:49 clock_gettime(0x7 /* CLOCK_??? */, {23241, 126282310}) = 0
62581 13:52:49 clock_gettime(0x7 /* CLOCK_??? */, {23241, 126306354}) = 0
62581 13:52:49 close(5)                 = 0
62581 13:52:49 ioctl(0, SNDCTL_TMR_STOP or SNDRV_TIMER_IOCTL_GINFO or TCSETSW, {B38400 opost isig icanon echo ...}) = 0
62581 13:52:49 close(6)                 = 0
62581 13:52:49 select(7, [3], [3], NULL, NULL) = 1 (out [3])
62581 13:52:49 clock_gettime(0x7 /* CLOCK_??? */, {23241, 126467433}) = 0
62581 13:52:49 write(3, ")F\24n\377\201\270\22[Rw4\235\21\34\\/>\373\247|\351\266\266\304\5<f\25\2212\261"..., 36) = 36
62581 13:52:49 rt_sigaction(SIGWINCH, NULL, {0x7f1eeed5e6a0, [], SA_RESTORER, 0x7f1eed8cc670}, 8) = 0
62581 13:52:49 rt_sigaction(SIGWINCH, {SIG_DFL, [], SA_RESTORER, 0x7f1eed8cc670}, NULL, 8) = 0
62581 13:52:49 write(3, "|-7\0t\177kh\350p\364HU(\255\222\321\223\316i\247\342bQf\277\276k\336#\355\270"..., 60) = 60
62581 13:52:49 ioctl(0, SNDCTL_TMR_TIMEBASE or SNDRV_TIMER_IOCTL_NEXT_DEVICE or TCGETS, {B38400 opost isig icanon echo ...}) = 0
62581 13:52:49 ioctl(1, SNDCTL_TMR_TIMEBASE or SNDRV_TIMER_IOCTL_NEXT_DEVICE or TCGETS, {B38400 opost isig icanon echo ...}) = 0
62581 13:52:49 ioctl(2, SNDCTL_TMR_TIMEBASE or SNDRV_TIMER_IOCTL_NEXT_DEVICE or TCGETS, {B38400 opost isig icanon echo ...}) = 0
62581 13:52:49 write(2, "Connection to 192.168.0.10 close"..., 36) = 36
62581 13:52:49 close(3)                 = 0
62581 13:52:49 write(1, "random tag: 25wgp", 17) = 17
62581 13:52:49 exit_group(0)            = ?
62581 13:52:49 +++ exited with 0 +++
