2918  23:42:34 select(4, [3], NULL, NULL, NULL) = 1 (in [3])
2918  23:42:34 read(3, "\0\0\1\4\n\37\0\0\0h\0\0\0\23ecdsa-sha2-nistp25"..., 8192) = 280
2918  23:42:34 open("/home/matt/.ssh/known_hosts", O_RDONLY) = 4
2918  23:42:34 fstat(4, {st_mode=S_IFREG|0644, st_size=348, ...}) = 0
2918  23:42:34 mmap(NULL, 4096, PROT_READ|PROT_WRITE, MAP_PRIVATE|MAP_ANONYMOUS, -1, 0) = 0x7fccdcad0000
2918  23:42:34 read(4, "192.168.1.10 ecdsa-sha2-nistp256"..., 4096) = 348
2918  23:42:34 read(4, "", 4096)        = 0
2918  23:42:34 close(4)                 = 0
2918  23:42:34 munmap(0x7fccdcad0000, 4096) = 0
2918  23:42:34 open("/home/matt/.ssh/known_hosts2", O_RDONLY) = -1 ENOENT (No such file or directory)
2918  23:42:34 open("/usr/local/openssh/etc/ssh_known_hosts", O_RDONLY) = -1 ENOENT (No such file or directory)
2918  23:42:34 open("/usr/local/openssh/etc/ssh_known_hosts2", O_RDONLY) = -1 ENOENT (No such file or directory)
2918  23:42:34 clock_gettime(0x7 /* CLOCK_??? */, {756, 967030097}) = 0
2918  23:42:34 write(3, "\0\0\0\f\n\25\0\0\0\0\0\0\0\0\0\0", 16) = 16
2918  23:42:34 write(3, "\345\256\346\\\277[\310hP\331\321\233\211\31\330?^\n\221K\212\17\363!\204\3443\26\361\245\263\5"..., 44) = 44
2918  23:42:34 select(4, [3], NULL, NULL, NULL) = 1 (in [3])
2918  23:42:34 read(3, "<T\224O\217\0036y6\370K\260o^\313\336\216\205\201`\316;\210#\4\375\242sjD$\350"..., 8192) = 44
2918  23:42:34 write(3, "o\215'i\340Lv\212r\7\206\4\357\0259\370)@\232\240mE\356>\232g\17\275\2\326\200X"..., 60) = 60
2918  23:42:34 select(4, [3], NULL, NULL, NULL) = 1 (in [3])
2918  23:42:44 read(3, "D^\323\242\235M\16\223\237\206\242a\242\241!9\306\334TR\261h\5h.\252k\327\306\34\316\317"..., 8192) = 84
2918  23:42:44 stat("/home/matt/.ssh/id_rsa", 0x7ffcaa82ba00) = -1 ENOENT (No such file or directory)
2918  23:42:44 stat("/home/matt/.ssh/id_dsa", 0x7ffcaa82ba00) = -1 ENOENT (No such file or directory)
2918  23:42:44 stat("/home/matt/.ssh/id_ecdsa", 0x7ffcaa82ba00) = -1 ENOENT (No such file or directory)
2918  23:42:44 stat("/home/matt/.ssh/id_ed25519", 0x7ffcaa82ba00) = -1 ENOENT (No such file or directory)
2918  23:42:44 open("/dev/tty", O_RDWR) = 4
2918  23:42:44 close(4)                 = 0
2918  23:42:44 open("/dev/tty", O_RDWR) = 4
2918  23:42:44 ioctl(4, SNDCTL_TMR_TIMEBASE or SNDRV_TIMER_IOCTL_NEXT_DEVICE or TCGETS, {B38400 opost isig icanon echo ...}) = 0
2918  23:42:44 ioctl(4, SNDCTL_TMR_CONTINUE or SNDRV_TIMER_IOCTL_GPARAMS or TCSETSF, {B38400 opost isig icanon -echo ...}) = 0
2918  23:42:44 rt_sigaction(SIGALRM, {0x7fccdcb3f370, [], SA_RESTORER, 0x7fccdb657670}, {SIG_DFL, [], 0}, 8) = 0
2918  23:42:44 rt_sigaction(SIGHUP, {0x7fccdcb3f370, [], SA_RESTORER, 0x7fccdb657670}, {SIG_DFL, [], 0}, 8) = 0
2918  23:42:44 rt_sigaction(SIGINT, {0x7fccdcb3f370, [], SA_RESTORER, 0x7fccdb657670}, {SIG_DFL, [], 0}, 8) = 0
2918  23:42:44 rt_sigaction(SIGPIPE, {0x7fccdcb3f370, [], SA_RESTORER, 0x7fccdb657670}, {SIG_IGN, [], SA_RESTORER, 0x7fccdb657670}, 8) = 0
2918  23:42:44 rt_sigaction(SIGQUIT, {0x7fccdcb3f370, [], SA_RESTORER, 0x7fccdb657670}, {SIG_DFL, [], 0}, 8) = 0
2918  23:42:44 rt_sigaction(SIGTERM, {0x7fccdcb3f370, [], SA_RESTORER, 0x7fccdb657670}, {SIG_DFL, [], 0}, 8) = 0
2918  23:42:44 rt_sigaction(SIGTSTP, {0x7fccdcb3f370, [], SA_RESTORER, 0x7fccdb657670}, {SIG_DFL, [], 0}, 8) = 0
2918  23:42:44 rt_sigaction(SIGTTIN, {0x7fccdcb3f370, [], SA_RESTORER, 0x7fccdb657670}, {SIG_DFL, [], 0}, 8) = 0
2918  23:42:44 rt_sigaction(SIGTTOU, {0x7fccdcb3f370, [], SA_RESTORER, 0x7fccdb657670}, {SIG_DFL, [], 0}, 8) = 0
2918  23:42:44 write(4, "root@192.168.0.10's password: ", 30) = 30
2918  23:42:44 read(4, "q", 1)          = 1
2918  23:42:44 read(4, "w", 1)          = 1
2918  23:42:44 read(4, "e", 1)          = 1
2918  23:42:44 read(4, "r", 1)          = 1
2918  23:42:44 read(4, "t", 1)          = 1
2918  23:42:44 read(4, "\n", 1)         = 1
2918  23:42:44 write(4, "\n", 1)        = 1
2918  23:42:44 ioctl(4, SNDCTL_TMR_CONTINUE or SNDRV_TIMER_IOCTL_GPARAMS or TCSETSF, {B38400 opost isig icanon echo ...}) = 0
2918  23:42:44 rt_sigaction(SIGALRM, {SIG_DFL, [], SA_RESTORER, 0x7fccdb657670}, NULL, 8) = 0
2918  23:42:44 rt_sigaction(SIGHUP, {SIG_DFL, [], SA_RESTORER, 0x7fccdb657670}, NULL, 8) = 0
2918  23:42:44 rt_sigaction(SIGINT, {SIG_DFL, [], SA_RESTORER, 0x7fccdb657670}, NULL, 8) = 0
2918  23:42:44 rt_sigaction(SIGQUIT, {SIG_DFL, [], SA_RESTORER, 0x7fccdb657670}, NULL, 8) = 0
2918  23:42:44 rt_sigaction(SIGPIPE, {SIG_IGN, [], SA_RESTORER, 0x7fccdb657670}, NULL, 8) = 0
2918  23:42:44 rt_sigaction(SIGTERM, {SIG_DFL, [], SA_RESTORER, 0x7fccdb657670}, NULL, 8) = 0
2918  23:42:44 rt_sigaction(SIGTSTP, {SIG_DFL, [], SA_RESTORER, 0x7fccdb657670}, NULL, 8) = 0
2918  23:42:44 rt_sigaction(SIGTTIN, {SIG_DFL, [], SA_RESTORER, 0x7fccdb657670}, NULL, 8) = 0
2918  23:42:44 rt_sigaction(SIGTTOU, {SIG_DFL, [], SA_RESTORER, 0x7fccdb657670}, NULL, 8) = 0
2918  23:42:44 close(4)                 = 0
2918  23:42:44 write(3, "\212\372\271o\374(+\27\337\v\226/z\33\224\321x*\204\3473\300X\4\"\267T\226\265k\31\202"..., 84) = 84
2918  23:42:44 select(4, [3], NULL, NULL, NULL) = 1 (in [3])
2918  23:42:44 read(3, ";\t\335f\354.\227\210\177\353\fHf\220\361 `6<\23\37\221\2\205t\364[\374", 8192) = 28
2918  23:42:44 dup(0)                   = 4
2918  23:42:44 dup(1)                   = 5
2918  23:42:44 dup(2)                   = 6
2918  23:42:44 ioctl(4, SNDCTL_TMR_TIMEBASE or SNDRV_TIMER_IOCTL_NEXT_DEVICE or TCGETS, {B38400 opost isig icanon echo ...}) = 0
2918  23:42:44 ioctl(5, SNDCTL_TMR_TIMEBASE or SNDRV_TIMER_IOCTL_NEXT_DEVICE or TCGETS, {B38400 opost isig icanon echo ...}) = 0
2918  23:42:44 ioctl(6, SNDCTL_TMR_TIMEBASE or SNDRV_TIMER_IOCTL_NEXT_DEVICE or TCGETS, {B38400 opost isig icanon echo ...}) = 0
2918  23:42:44 fcntl(4, F_SETFD, FD_CLOEXEC) = 0
2918  23:42:44 fcntl(5, F_SETFD, FD_CLOEXEC) = 0
2918  23:42:44 fcntl(6, F_SETFD, FD_CLOEXEC) = 0
2918  23:42:44 rt_sigaction(SIGHUP, NULL, {SIG_DFL, [], SA_RESTORER, 0x7fccdb657670}, 8) = 0
2918  23:42:44 rt_sigaction(SIGHUP, {SIG_IGN, [], SA_RESTORER, 0x7fccdb657670}, NULL, 8) = 0
2918  23:42:44 rt_sigaction(SIGHUP, NULL, {SIG_IGN, [], SA_RESTORER, 0x7fccdb657670}, 8) = 0
2918  23:42:44 rt_sigaction(SIGHUP, {0x7fccdcae9410, [], SA_RESTORER, 0x7fccdb657670}, NULL, 8) = 0
2918  23:42:44 rt_sigaction(SIGINT, NULL, {SIG_DFL, [], SA_RESTORER, 0x7fccdb657670}, 8) = 0
2918  23:42:44 rt_sigaction(SIGINT, {SIG_IGN, [], SA_RESTORER, 0x7fccdb657670}, NULL, 8) = 0
2918  23:42:44 rt_sigaction(SIGINT, NULL, {SIG_IGN, [], SA_RESTORER, 0x7fccdb657670}, 8) = 0
2918  23:42:44 rt_sigaction(SIGINT, {0x7fccdcae9410, [], SA_RESTORER, 0x7fccdb657670}, NULL, 8) = 0
2918  23:42:44 rt_sigaction(SIGQUIT, NULL, {SIG_DFL, [], SA_RESTORER, 0x7fccdb657670}, 8) = 0
2918  23:42:44 rt_sigaction(SIGQUIT, {SIG_IGN, [], SA_RESTORER, 0x7fccdb657670}, NULL, 8) = 0
2918  23:42:44 rt_sigaction(SIGQUIT, NULL, {SIG_IGN, [], SA_RESTORER, 0x7fccdb657670}, 8) = 0
2918  23:42:44 rt_sigaction(SIGQUIT, {0x7fccdcae9410, [], SA_RESTORER, 0x7fccdb657670}, NULL, 8) = 0
2918  23:42:44 rt_sigaction(SIGTERM, NULL, {SIG_DFL, [], SA_RESTORER, 0x7fccdb657670}, 8) = 0
2918  23:42:44 rt_sigaction(SIGTERM, {SIG_IGN, [], SA_RESTORER, 0x7fccdb657670}, NULL, 8) = 0
2918  23:42:44 rt_sigaction(SIGTERM, NULL, {SIG_IGN, [], SA_RESTORER, 0x7fccdb657670}, 8) = 0
2918  23:42:44 rt_sigaction(SIGTERM, {0x7fccdcae9410, [], SA_RESTORER, 0x7fccdb657670}, NULL, 8) = 0
2918  23:42:44 rt_sigaction(SIGWINCH, NULL, {SIG_DFL, [], 0}, 8) = 0
2918  23:42:44 rt_sigaction(SIGWINCH, {0x7fccdcae96a0, [], SA_RESTORER, 0x7fccdb657670}, NULL, 8) = 0
2918  23:42:44 ioctl(0, SNDCTL_TMR_TIMEBASE or SNDRV_TIMER_IOCTL_NEXT_DEVICE or TCGETS, {B38400 opost isig icanon echo ...}) = 0
2918  23:42:44 ioctl(0, SNDCTL_TMR_STOP or SNDRV_TIMER_IOCTL_GINFO or TCSETSW, {B38400 -opost -isig -icanon -echo ...}) = 0
2918  23:42:44 clock_gettime(0x7 /* CLOCK_??? */, {767, 24327265}) = 0
2918  23:42:44 clock_gettime(0x7 /* CLOCK_??? */, {767, 24387124}) = 0
2918  23:42:44 select(7, [3], [3], NULL, NULL) = 1 (out [3])
2918  23:42:44 clock_gettime(0x7 /* CLOCK_??? */, {767, 24433560}) = 0
2918  23:42:44 write(3, "TJ\340y\213.J\212\273`g^\207Zcy\312=\316\353\30\213w:#\250By\304\300P0"..., 112) = 112
2918  23:42:44 clock_gettime(0x7 /* CLOCK_??? */, {767, 24570843}) = 0
2918  23:42:44 clock_gettime(0x7 /* CLOCK_??? */, {767, 24590945}) = 0
2918  23:42:44 select(7, [3], [], NULL, NULL) = 1 (in [3])
2918  23:42:44 clock_gettime(0x7 /* CLOCK_??? */, {767, 357805464}) = 0
2918  23:42:44 read(3, "\4\203\220&\30C\262.r\376\317\200v\233\36\376\225[I\201\371z:\276\323\36\262\20\326\321\27\33"..., 8192) = 44
2918  23:42:44 getsockopt(3, SOL_TCP, TCP_NODELAY, [0], [4]) = 0
2918  23:42:44 setsockopt(3, SOL_TCP, TCP_NODELAY, [1], 4) = 0
2918  23:42:44 getsockname(3, {sa_family=AF_INET, sin_port=htons(44404), sin_addr=inet_addr("192.168.0.150")}, [16]) = 0
2918  23:42:44 setsockopt(3, SOL_IP, IP_TOS, [16], 4) = 0
2918  23:42:44 ioctl(0, TIOCGWINSZ, {ws_row=39, ws_col=87, ws_xpixel=0, ws_ypixel=0}) = 0
2918  23:42:44 clock_gettime(0x7 /* CLOCK_??? */, {767, 358339948}) = 0
2918  23:42:44 clock_gettime(0x7 /* CLOCK_??? */, {767, 358385222}) = 0
2918  23:42:44 select(7, [3], [3], NULL, NULL) = 1 (out [3])
2918  23:42:44 clock_gettime(0x7 /* CLOCK_??? */, {767, 358486918}) = 0
2918  23:42:44 write(3, "\206\376\256\373\244|\224\311\324\2709_\235\33\335y\217I\2\26611=\350\377\317b\217\254d\24G"..., 376) = 376
2918  23:42:44 clock_gettime(0x7 /* CLOCK_??? */, {767, 358702181}) = 0
2918  23:42:44 clock_gettime(0x7 /* CLOCK_??? */, {767, 358742136}) = 0
2918  23:42:44 select(7, [3], [], NULL, NULL) = 1 (in [3])
2918  23:42:44 clock_gettime(0x7 /* CLOCK_??? */, {767, 371015412}) = 0
2918  23:42:44 read(3, "\230kkV\0\f/\356/-\361,L6b\254\215\205;\312s\320\314\305\377Ze\363\331\353\266\232"..., 8192) = 108
2918  23:42:44 clock_gettime(0x7 /* CLOCK_??? */, {767, 371088545}) = 0
2918  23:42:44 clock_gettime(0x7 /* CLOCK_??? */, {767, 371110784}) = 0
2918  23:42:44 select(7, [3 4], [], NULL, NULL) = 1 (in [3])
2918  23:42:44 clock_gettime(0x7 /* CLOCK_??? */, {767, 393854000}) = 0
2918  23:42:44 read(3, "}\3\1\317\244\3344h\n\256\372\222]\271z\267\366\277v2\322=\226&!\254<\352J\265\241\f"..., 8192) = 92
2918  23:42:44 clock_gettime(0x7 /* CLOCK_??? */, {767, 393986198}) = 0
2918  23:42:44 clock_gettime(0x7 /* CLOCK_??? */, {767, 394006255}) = 0
2918  23:42:44 select(7, [3 4], [5], NULL, NULL) = 1 (out [5])
2918  23:42:44 clock_gettime(0x7 /* CLOCK_??? */, {767, 394053428}) = 0
2918  23:42:44 write(5, "Last login: Sun Oct 22 01:59:21 "..., 58) = 58
2918  23:42:44 clock_gettime(0x7 /* CLOCK_??? */, {767, 395130235}) = 0
2918  23:42:44 clock_gettime(0x7 /* CLOCK_??? */, {767, 395157949}) = 0
2918  23:42:44 select(7, [3 4], [], NULL, NULL) = 1 (in [3])
2918  23:42:45 clock_gettime(0x7 /* CLOCK_??? */, {767, 844097184}) = 0
2918  23:42:45 read(3, "\"&6\374\204\317a:\346\302\377m(\335\20!G\307?\247\321]j\24\343\377h(e#\n\207"..., 8192) = 84
2918  23:42:45 clock_gettime(0x7 /* CLOCK_??? */, {767, 844168674}) = 0
2918  23:42:45 clock_gettime(0x7 /* CLOCK_??? */, {767, 844191537}) = 0
2918  23:42:45 select(7, [3 4], [5], NULL, NULL) = 1 (out [5])
2918  23:42:45 clock_gettime(0x7 /* CLOCK_??? */, {767, 844278450}) = 0
2918  23:42:45 write(5, "\33]0;root@localhost:~\7\33[?1034h[ro"..., 49) = 49
2918  23:42:45 clock_gettime(0x7 /* CLOCK_??? */, {767, 844579812}) = 0
2918  23:42:45 clock_gettime(0x7 /* CLOCK_??? */, {767, 844602792}) = 0
2918  23:42:45 select(7, [3 4], [], NULL, NULL) = 1 (in [4])
2918  23:42:45 clock_gettime(0x7 /* CLOCK_??? */, {768, 655590403}) = 0
2918  23:42:45 read(4, "i", 16384)      = 1
2918  23:42:45 clock_gettime(0x7 /* CLOCK_??? */, {768, 655658880}) = 0
2918  23:42:45 clock_gettime(0x7 /* CLOCK_??? */, {768, 655678920}) = 0
2918  23:42:45 select(7, [3 4], [3], NULL, NULL) = 1 (out [3])
2918  23:42:45 clock_gettime(0x7 /* CLOCK_??? */, {768, 655724950}) = 0
2918  23:42:45 write(3, "\274\352\213{aq\224]\231m=yS\272Q\220\212;\212\317\237\220r\344\25\256\310\17Q-\315w"..., 36) = 36
2918  23:42:45 clock_gettime(0x7 /* CLOCK_??? */, {768, 655841634}) = 0
2918  23:42:45 clock_gettime(0x7 /* CLOCK_??? */, {768, 655861461}) = 0
2918  23:42:45 select(7, [3 4], [], NULL, NULL) = 1 (in [3])
2918  23:42:45 clock_gettime(0x7 /* CLOCK_??? */, {768, 656523725}) = 0
2918  23:42:45 read(3, "\244]\335\254\315W\0341:\203'\236\36!\256\225\32lP\252eJ`5\207#\304p\7\307\372\256"..., 8192) = 36
2918  23:42:45 clock_gettime(0x7 /* CLOCK_??? */, {768, 656582540}) = 0
2918  23:42:45 clock_gettime(0x7 /* CLOCK_??? */, {768, 656602023}) = 0
2918  23:42:45 select(7, [3 4], [5], NULL, NULL) = 1 (out [5])
2918  23:42:45 clock_gettime(0x7 /* CLOCK_??? */, {768, 656647743}) = 0
2918  23:42:45 write(5, "i", 1)         = 1
2918  23:42:45 clock_gettime(0x7 /* CLOCK_??? */, {768, 656898305}) = 0
2918  23:42:45 clock_gettime(0x7 /* CLOCK_??? */, {768, 656920082}) = 0
2918  23:42:45 select(7, [3 4], [], NULL, NULL) = 1 (in [4])
2918  23:42:46 clock_gettime(0x7 /* CLOCK_??? */, {768, 831568425}) = 0
2918  23:42:46 read(4, "f", 16384)      = 1
2918  23:42:46 clock_gettime(0x7 /* CLOCK_??? */, {768, 831628824}) = 0
2918  23:42:46 clock_gettime(0x7 /* CLOCK_??? */, {768, 831648640}) = 0
2918  23:42:46 select(7, [3 4], [3], NULL, NULL) = 1 (out [3])
2918  23:42:46 clock_gettime(0x7 /* CLOCK_??? */, {768, 831694127}) = 0
2918  23:42:46 write(3, "\341\322\366E\335e\16F+\307\327N\34\216\16\265,\262\223\276\364\374\t\322\34\312\3[9A\6\247"..., 36) = 36
2918  23:42:46 clock_gettime(0x7 /* CLOCK_??? */, {768, 831805210}) = 0
2918  23:42:46 clock_gettime(0x7 /* CLOCK_??? */, {768, 831825177}) = 0
2918  23:42:46 select(7, [3 4], [], NULL, NULL) = 1 (in [3])
2918  23:42:46 clock_gettime(0x7 /* CLOCK_??? */, {768, 832139748}) = 0
2918  23:42:46 read(3, "\3\347\24\203\301\272A\231E\351>\330\fi\215z6#\207\256\266\320\240f7\363\302\264\260\31\213\223"..., 8192) = 36
2918  23:42:46 clock_gettime(0x7 /* CLOCK_??? */, {768, 832193988}) = 0
2918  23:42:46 clock_gettime(0x7 /* CLOCK_??? */, {768, 832213607}) = 0
2918  23:42:46 select(7, [3 4], [5], NULL, NULL) = 1 (out [5])
2918  23:42:46 clock_gettime(0x7 /* CLOCK_??? */, {768, 832259393}) = 0
2918  23:42:46 write(5, "f", 1)         = 1
2918  23:42:46 clock_gettime(0x7 /* CLOCK_??? */, {768, 832475608}) = 0
2918  23:42:46 clock_gettime(0x7 /* CLOCK_??? */, {768, 832496205}) = 0
2918  23:42:46 select(7, [3 4], [], NULL, NULL) = 1 (in [4])
2918  23:42:46 clock_gettime(0x7 /* CLOCK_??? */, {769, 55590645}) = 0
2918  23:42:46 read(4, "c", 16384)      = 1
2918  23:42:46 clock_gettime(0x7 /* CLOCK_??? */, {769, 55651764}) = 0
2918  23:42:46 clock_gettime(0x7 /* CLOCK_??? */, {769, 55671567}) = 0
2918  23:42:46 select(7, [3 4], [3], NULL, NULL) = 1 (out [3])
2918  23:42:46 clock_gettime(0x7 /* CLOCK_??? */, {769, 55717459}) = 0
2918  23:42:46 write(3, "0\204WK);e\10\306\321\357V\fz=\27\320\323Ky\6\242\\\346\2406\341aZ\274\311\244"..., 36) = 36
2918  23:42:46 clock_gettime(0x7 /* CLOCK_??? */, {769, 55830770}) = 0
2918  23:42:46 clock_gettime(0x7 /* CLOCK_??? */, {769, 55850762}) = 0
2918  23:42:46 select(7, [3 4], [], NULL, NULL) = 1 (in [3])
2918  23:42:46 clock_gettime(0x7 /* CLOCK_??? */, {769, 56746953}) = 0
2918  23:42:46 read(3, "\3471\320\37*[\337{9V\216\234~\307\352wT\360\1\36\261\362\222\10\274ZM\350\331b\274>"..., 8192) = 36
2918  23:42:46 clock_gettime(0x7 /* CLOCK_??? */, {769, 56805543}) = 0
2918  23:42:46 clock_gettime(0x7 /* CLOCK_??? */, {769, 56825174}) = 0
2918  23:42:46 select(7, [3 4], [5], NULL, NULL) = 1 (out [5])
2918  23:42:46 clock_gettime(0x7 /* CLOCK_??? */, {769, 56871221}) = 0
2918  23:42:46 write(5, "c", 1)         = 1
2918  23:42:46 clock_gettime(0x7 /* CLOCK_??? */, {769, 57161067}) = 0
2918  23:42:46 clock_gettime(0x7 /* CLOCK_??? */, {769, 57182883}) = 0
2918  23:42:46 select(7, [3 4], [], NULL, NULL) = 1 (in [4])
2918  23:42:46 clock_gettime(0x7 /* CLOCK_??? */, {769, 175379148}) = 0
2918  23:42:46 read(4, "o", 16384)      = 1
2918  23:42:46 clock_gettime(0x7 /* CLOCK_??? */, {769, 175484467}) = 0
2918  23:42:46 clock_gettime(0x7 /* CLOCK_??? */, {769, 175520187}) = 0
2918  23:42:46 select(7, [3 4], [3], NULL, NULL) = 1 (out [3])
2918  23:42:46 clock_gettime(0x7 /* CLOCK_??? */, {769, 175608987}) = 0
2918  23:42:46 write(3, "\335O\342r\33.5\256.;=\320\224c\276\316}\255,>xro\212\\| \33>N\274t"..., 36) = 36
2918  23:42:46 clock_gettime(0x7 /* CLOCK_??? */, {769, 175847363}) = 0
2918  23:42:46 clock_gettime(0x7 /* CLOCK_??? */, {769, 175869026}) = 0
2918  23:42:46 select(7, [3 4], [], NULL, NULL) = 1 (in [3])
2918  23:42:46 clock_gettime(0x7 /* CLOCK_??? */, {769, 176182232}) = 0
2918  23:42:46 read(3, "V\345?\310\25-\31\307\204\37\255hX`L\313\251S}=\201\325\231l\30\307\354\315<,n\335"..., 8192) = 36
2918  23:42:46 clock_gettime(0x7 /* CLOCK_??? */, {769, 176234685}) = 0
2918  23:42:46 clock_gettime(0x7 /* CLOCK_??? */, {769, 176253760}) = 0
2918  23:42:46 select(7, [3 4], [5], NULL, NULL) = 1 (out [5])
2918  23:42:46 clock_gettime(0x7 /* CLOCK_??? */, {769, 176298297}) = 0
2918  23:42:46 write(5, "o", 1)         = 1
2918  23:42:46 clock_gettime(0x7 /* CLOCK_??? */, {769, 176541510}) = 0
2918  23:42:46 clock_gettime(0x7 /* CLOCK_??? */, {769, 176577224}) = 0
2918  23:42:46 select(7, [3 4], [], NULL, NULL) = 1 (in [4])
2918  23:42:46 clock_gettime(0x7 /* CLOCK_??? */, {769, 279583130}) = 0
2918  23:42:46 read(4, "n", 16384)      = 1
2918  23:42:46 clock_gettime(0x7 /* CLOCK_??? */, {769, 279685450}) = 0
2918  23:42:46 clock_gettime(0x7 /* CLOCK_??? */, {769, 279718904}) = 0
2918  23:42:46 select(7, [3 4], [3], NULL, NULL) = 1 (out [3])
2918  23:42:46 clock_gettime(0x7 /* CLOCK_??? */, {769, 279805802}) = 0
2918  23:42:46 write(3, "e\215!\256'\366a\226z\374YJ\200F\241\t\261\336\200f\365\274\351N\240d\24\\\7\5\22\235"..., 36) = 36
2918  23:42:46 clock_gettime(0x7 /* CLOCK_??? */, {769, 279964797}) = 0
2918  23:42:46 clock_gettime(0x7 /* CLOCK_??? */, {769, 280002240}) = 0
2918  23:42:46 select(7, [3 4], [], NULL, NULL) = 1 (in [3])
2918  23:42:46 clock_gettime(0x7 /* CLOCK_??? */, {769, 280322297}) = 0
2918  23:42:46 read(3, "\236\301uh\260\242\4'\213DM)[\35G\316\211\373\337\257\377\252\311\242\217\377\334\266\320\224\241i"..., 8192) = 36
2918  23:42:46 clock_gettime(0x7 /* CLOCK_??? */, {769, 280376211}) = 0
2918  23:42:46 clock_gettime(0x7 /* CLOCK_??? */, {769, 280395497}) = 0
2918  23:42:46 select(7, [3 4], [5], NULL, NULL) = 1 (out [5])
2918  23:42:46 clock_gettime(0x7 /* CLOCK_??? */, {769, 280440319}) = 0
2918  23:42:46 write(5, "n", 1)         = 1
2918  23:42:46 clock_gettime(0x7 /* CLOCK_??? */, {769, 280683047}) = 0
2918  23:42:46 clock_gettime(0x7 /* CLOCK_??? */, {769, 280719694}) = 0
2918  23:42:46 select(7, [3 4], [], NULL, NULL) = 1 (in [4])
2918  23:42:47 clock_gettime(0x7 /* CLOCK_??? */, {769, 911360717}) = 0
2918  23:42:47 read(4, "\t", 16384)     = 1
2918  23:42:47 clock_gettime(0x7 /* CLOCK_??? */, {769, 911420685}) = 0
2918  23:42:47 clock_gettime(0x7 /* CLOCK_??? */, {769, 911440303}) = 0
2918  23:42:47 select(7, [3 4], [3], NULL, NULL) = 1 (out [3])
2918  23:42:47 clock_gettime(0x7 /* CLOCK_??? */, {769, 911485614}) = 0
2918  23:42:47 write(3, "-@\".\241\376\332\32_C\f\307\340\256.\324\234\370\317\27\246\242)o\226a\257\225|}\373\361"..., 36) = 36
2918  23:42:47 clock_gettime(0x7 /* CLOCK_??? */, {769, 911600624}) = 0
2918  23:42:47 clock_gettime(0x7 /* CLOCK_??? */, {769, 911620718}) = 0
2918  23:42:47 select(7, [3 4], [], NULL, NULL) = 1 (in [3])
2918  23:42:47 clock_gettime(0x7 /* CLOCK_??? */, {769, 925827269}) = 0
2918  23:42:47 read(3, "6\364\321\370\1\207K\325\255\301\32\33\204\355c?@\323eM\306\302\363\240%\t\36\206O\325.u"..., 8192) = 44
2918  23:42:47 clock_gettime(0x7 /* CLOCK_??? */, {769, 925890380}) = 0
2918  23:42:47 clock_gettime(0x7 /* CLOCK_??? */, {769, 925910106}) = 0
2918  23:42:47 select(7, [3 4], [5], NULL, NULL) = 1 (out [5])
2918  23:42:47 clock_gettime(0x7 /* CLOCK_??? */, {769, 925956597}) = 0
2918  23:42:47 write(5, "fig ", 4)      = 4
2918  23:42:47 clock_gettime(0x7 /* CLOCK_??? */, {769, 926238578}) = 0
2918  23:42:47 clock_gettime(0x7 /* CLOCK_??? */, {769, 926259736}) = 0
2918  23:42:47 select(7, [3 4], [], NULL, NULL) = 1 (in [4])
2918  23:42:47 clock_gettime(0x7 /* CLOCK_??? */, {770, 111357207}) = 0
2918  23:42:47 read(4, "\t", 16384)     = 1
2918  23:42:47 clock_gettime(0x7 /* CLOCK_??? */, {770, 111418331}) = 0
2918  23:42:47 clock_gettime(0x7 /* CLOCK_??? */, {770, 111437922}) = 0
2918  23:42:47 select(7, [3 4], [3], NULL, NULL) = 1 (out [3])
2918  23:42:47 clock_gettime(0x7 /* CLOCK_??? */, {770, 111543648}) = 0
2918  23:42:47 write(3, "\316\310\223\3046\220.\22\340W|\22^ \351\215\261\347\21\200o\t\17\6\205\335\365J\332\274\377\277"..., 36) = 36
2918  23:42:47 clock_gettime(0x7 /* CLOCK_??? */, {770, 111648629}) = 0
2918  23:42:47 clock_gettime(0x7 /* CLOCK_??? */, {770, 111668411}) = 0
2918  23:42:47 select(7, [3 4], [], NULL, NULL) = 1 (in [3])
2918  23:42:47 clock_gettime(0x7 /* CLOCK_??? */, {770, 128258095}) = 0
2918  23:42:47 read(3, "#>1\301\377\245\2557\216\272\374,Vc\272$/v:Kn\224\242\352\373g\33^2@\223\23"..., 8192) = 36
2918  23:42:47 clock_gettime(0x7 /* CLOCK_??? */, {770, 128322715}) = 0
2918  23:42:47 clock_gettime(0x7 /* CLOCK_??? */, {770, 128342458}) = 0
2918  23:42:47 select(7, [3 4], [5], NULL, NULL) = 1 (out [5])
2918  23:42:47 clock_gettime(0x7 /* CLOCK_??? */, {770, 128389071}) = 0
2918  23:42:47 write(5, "\7", 1)        = 1
2918  23:42:47 clock_gettime(0x7 /* CLOCK_??? */, {770, 128635239}) = 0
2918  23:42:47 clock_gettime(0x7 /* CLOCK_??? */, {770, 128655996}) = 0
2918  23:42:47 select(7, [3 4], [], NULL, NULL) = 1 (in [4])
2918  23:42:48 clock_gettime(0x7 /* CLOCK_??? */, {770, 815872163}) = 0
2918  23:42:48 read(4, "\r", 16384)     = 1
2918  23:42:48 clock_gettime(0x7 /* CLOCK_??? */, {770, 815961098}) = 0
2918  23:42:48 clock_gettime(0x7 /* CLOCK_??? */, {770, 815980674}) = 0
2918  23:42:48 select(7, [3 4], [3], NULL, NULL) = 1 (out [3])
2918  23:42:48 clock_gettime(0x7 /* CLOCK_??? */, {770, 816026449}) = 0
2918  23:42:48 write(3, "\306\243\341\177.qk\240\6\306ej\245\260};\256\221=\302i\360g\367\23\347(\357\232u\242\356"..., 36) = 36
2918  23:42:48 clock_gettime(0x7 /* CLOCK_??? */, {770, 816168624}) = 0
2918  23:42:48 clock_gettime(0x7 /* CLOCK_??? */, {770, 816189006}) = 0
2918  23:42:48 select(7, [3 4], [], NULL, NULL) = 1 (in [3])
2918  23:42:48 clock_gettime(0x7 /* CLOCK_??? */, {770, 817405716}) = 0
2918  23:42:48 read(3, "|\312Nb\241\371\3242\n\225\263@\316\263\234\25\234\2142\16L\217Fb`\360a8\202\221S\303"..., 8192) = 36
2918  23:42:48 clock_gettime(0x7 /* CLOCK_??? */, {770, 817468123}) = 0
2918  23:42:48 clock_gettime(0x7 /* CLOCK_??? */, {770, 817487799}) = 0
2918  23:42:48 select(7, [3 4], [5], NULL, NULL) = 1 (out [5])
2918  23:42:48 clock_gettime(0x7 /* CLOCK_??? */, {770, 817533948}) = 0
2918  23:42:48 write(5, "\r\n", 2)      = 2
2918  23:42:48 clock_gettime(0x7 /* CLOCK_??? */, {770, 817845744}) = 0
2918  23:42:48 clock_gettime(0x7 /* CLOCK_??? */, {770, 817868242}) = 0
2918  23:42:48 select(7, [3 4], [], NULL, NULL) = 1 (in [3])
2918  23:42:48 clock_gettime(0x7 /* CLOCK_??? */, {770, 839085237}) = 0
2918  23:42:48 read(3, "\210\364x\"@\235\334\314\243\206b-\364q\276^\344&\342x@R\300-!|a\216\\\270\257\317"..., 8192) = 1380
2918  23:42:48 clock_gettime(0x7 /* CLOCK_??? */, {770, 839194350}) = 0
2918  23:42:48 clock_gettime(0x7 /* CLOCK_??? */, {770, 839214707}) = 0
2918  23:42:48 select(7, [3 4], [5], NULL, NULL) = 1 (out [5])
2918  23:42:48 clock_gettime(0x7 /* CLOCK_??? */, {770, 839262700}) = 0
2918  23:42:48 write(5, "eno16777736: flags=4163<UP,BROAD"..., 1340) = 1340
2918  23:42:48 clock_gettime(0x7 /* CLOCK_??? */, {770, 839670735}) = 0
2918  23:42:48 clock_gettime(0x7 /* CLOCK_??? */, {770, 839693721}) = 0
2918  23:42:48 select(7, [3 4], [], NULL, NULL) = 1 (in [4])
2918  23:42:49 clock_gettime(0x7 /* CLOCK_??? */, {771, 935303726}) = 0
2918  23:42:49 read(4, "p", 16384)      = 1
2918  23:42:49 clock_gettime(0x7 /* CLOCK_??? */, {771, 935366042}) = 0
2918  23:42:49 clock_gettime(0x7 /* CLOCK_??? */, {771, 935385810}) = 0
2918  23:42:49 select(7, [3 4], [3], NULL, NULL) = 1 (out [3])
2918  23:42:49 clock_gettime(0x7 /* CLOCK_??? */, {771, 935431867}) = 0
2918  23:42:49 write(3, ").\205\237j\226\331\266\25\26\240\214FLQ=\327\350Ds\205I\257\21\3640Nn\32\4jR"..., 36) = 36
2918  23:42:49 clock_gettime(0x7 /* CLOCK_??? */, {771, 935542327}) = 0
2918  23:42:49 clock_gettime(0x7 /* CLOCK_??? */, {771, 935562385}) = 0
2918  23:42:49 select(7, [3 4], [], NULL, NULL) = 1 (in [3])
2918  23:42:49 clock_gettime(0x7 /* CLOCK_??? */, {771, 936106927}) = 0
2918  23:42:49 read(3, "/G\263e\367\233\344\347\255m\347U\0356B\277\10\\\370$\340&\214\t\257\363\374\336\320[\331\344"..., 8192) = 36
2918  23:42:49 clock_gettime(0x7 /* CLOCK_??? */, {771, 936164143}) = 0
2918  23:42:49 clock_gettime(0x7 /* CLOCK_??? */, {771, 936196190}) = 0
2918  23:42:49 select(7, [3 4], [5], NULL, NULL) = 1 (out [5])
2918  23:42:49 clock_gettime(0x7 /* CLOCK_??? */, {771, 936242690}) = 0
2918  23:42:49 write(5, "p", 1)         = 1
2918  23:42:49 clock_gettime(0x7 /* CLOCK_??? */, {771, 936482227}) = 0
2918  23:42:49 clock_gettime(0x7 /* CLOCK_??? */, {771, 936503129}) = 0
2918  23:42:49 select(7, [3 4], [], NULL, NULL) = 1 (in [4])
2918  23:42:49 clock_gettime(0x7 /* CLOCK_??? */, {772, 47471198}) = 0
2918  23:42:49 read(4, "w", 16384)      = 1
2918  23:42:49 clock_gettime(0x7 /* CLOCK_??? */, {772, 47531151}) = 0
2918  23:42:49 clock_gettime(0x7 /* CLOCK_??? */, {772, 47550673}) = 0
2918  23:42:49 select(7, [3 4], [3], NULL, NULL) = 1 (out [3])
2918  23:42:49 clock_gettime(0x7 /* CLOCK_??? */, {772, 47596363}) = 0
2918  23:42:49 write(3, "\31\345~9\200\0\225N~\343\36\214&w\323\354M#\366*T\2542\354*z\7k\tG\32`"..., 36) = 36
2918  23:42:49 clock_gettime(0x7 /* CLOCK_??? */, {772, 47703842}) = 0
2918  23:42:49 clock_gettime(0x7 /* CLOCK_??? */, {772, 47723951}) = 0
2918  23:42:49 select(7, [3 4], [], NULL, NULL) = 1 (in [3])
2918  23:42:49 clock_gettime(0x7 /* CLOCK_??? */, {772, 48243281}) = 0
2918  23:42:49 read(3, "$\v\301\t\0017\324Q9\332X\1FV\f\365Jb\236\312 4C\341\263\255\340@\333\21\31^"..., 8192) = 36
2918  23:42:49 clock_gettime(0x7 /* CLOCK_??? */, {772, 48299174}) = 0
2918  23:42:49 clock_gettime(0x7 /* CLOCK_??? */, {772, 48318850}) = 0
2918  23:42:49 select(7, [3 4], [5], NULL, NULL) = 1 (out [5])
2918  23:42:49 clock_gettime(0x7 /* CLOCK_??? */, {772, 48364550}) = 0
2918  23:42:49 write(5, "w", 1)         = 1
2918  23:42:49 clock_gettime(0x7 /* CLOCK_??? */, {772, 48591907}) = 0
2918  23:42:49 clock_gettime(0x7 /* CLOCK_??? */, {772, 48612579}) = 0
2918  23:42:49 select(7, [3 4], [], NULL, NULL) = 1 (in [4])
2918  23:42:49 clock_gettime(0x7 /* CLOCK_??? */, {772, 247560856}) = 0
2918  23:42:49 read(4, "d", 16384)      = 1
2918  23:42:49 clock_gettime(0x7 /* CLOCK_??? */, {772, 247621255}) = 0
2918  23:42:49 clock_gettime(0x7 /* CLOCK_??? */, {772, 247641017}) = 0
2918  23:42:49 select(7, [3 4], [3], NULL, NULL) = 1 (out [3])
2918  23:42:49 clock_gettime(0x7 /* CLOCK_??? */, {772, 247686212}) = 0
2918  23:42:49 write(3, "Q\353D\20\252\342\264k\244\225\306\207!\321\16\204aO\333\325\36B\6\342\301\244\223\214\35\20\272\244"..., 36) = 36
2918  23:42:49 clock_gettime(0x7 /* CLOCK_??? */, {772, 247791959}) = 0
2918  23:42:49 clock_gettime(0x7 /* CLOCK_??? */, {772, 247812196}) = 0
2918  23:42:49 select(7, [3 4], [], NULL, NULL) = 1 (in [3])
2918  23:42:49 clock_gettime(0x7 /* CLOCK_??? */, {772, 248333916}) = 0
2918  23:42:49 read(3, "\20\354\215\0235Q1\261\324\352\335E\253\213\343P\370\322mm\350=\312\225\247\"\217\37\0V\r\270"..., 8192) = 36
2918  23:42:49 clock_gettime(0x7 /* CLOCK_??? */, {772, 248386788}) = 0
2918  23:42:49 clock_gettime(0x7 /* CLOCK_??? */, {772, 248406285}) = 0
2918  23:42:49 select(7, [3 4], [5], NULL, NULL) = 1 (out [5])
2918  23:42:49 clock_gettime(0x7 /* CLOCK_??? */, {772, 248451957}) = 0
2918  23:42:49 write(5, "d", 1)         = 1
2918  23:42:49 clock_gettime(0x7 /* CLOCK_??? */, {772, 248974420}) = 0
2918  23:42:49 clock_gettime(0x7 /* CLOCK_??? */, {772, 249056590}) = 0
2918  23:42:49 select(7, [3 4], [], NULL, NULL) = 1 (in [4])
2918  23:42:49 clock_gettime(0x7 /* CLOCK_??? */, {772, 383570685}) = 0
2918  23:42:49 read(4, "\r", 16384)     = 1
2918  23:42:49 clock_gettime(0x7 /* CLOCK_??? */, {772, 383632439}) = 0
2918  23:42:49 clock_gettime(0x7 /* CLOCK_??? */, {772, 383652211}) = 0
2918  23:42:49 select(7, [3 4], [3], NULL, NULL) = 1 (out [3])
2918  23:42:49 clock_gettime(0x7 /* CLOCK_??? */, {772, 383697700}) = 0
2918  23:42:49 write(3, "mI\21\272K\264\25\257\345n\255\23 \266>r@\265G\253 3F\36\260\243\233\312\340L\20\351"..., 36) = 36
2918  23:42:49 clock_gettime(0x7 /* CLOCK_??? */, {772, 383854057}) = 0
2918  23:42:49 clock_gettime(0x7 /* CLOCK_??? */, {772, 383874406}) = 0
2918  23:42:49 select(7, [3 4], [], NULL, NULL) = 1 (in [3])
2918  23:42:49 clock_gettime(0x7 /* CLOCK_??? */, {772, 384533402}) = 0
2918  23:42:49 read(3, "[\275h\0273l\2611\356\245\250\372rF\22\303g\344\250B\213\254\4\234u\336\223\342\r\210\362m"..., 8192) = 84
2918  23:42:49 clock_gettime(0x7 /* CLOCK_??? */, {772, 384586874}) = 0
2918  23:42:49 clock_gettime(0x7 /* CLOCK_??? */, {772, 384605835}) = 0
2918  23:42:49 select(7, [3 4], [5], NULL, NULL) = 1 (out [5])
2918  23:42:49 clock_gettime(0x7 /* CLOCK_??? */, {772, 384650678}) = 0
2918  23:42:49 write(5, "\r\n/root\r\n\33]0;root@localhost:~\7[r"..., 50) = 50
2918  23:42:49 clock_gettime(0x7 /* CLOCK_??? */, {772, 384878183}) = 0
2918  23:42:49 clock_gettime(0x7 /* CLOCK_??? */, {772, 384899835}) = 0
2918  23:42:49 select(7, [3 4], [], NULL, NULL) = 1 (in [4])
2918  23:42:50 clock_gettime(0x7 /* CLOCK_??? */, {773, 559569429}) = 0
2918  23:42:50 read(4, "l", 16384)      = 1
2918  23:42:50 clock_gettime(0x7 /* CLOCK_??? */, {773, 559630085}) = 0
2918  23:42:50 clock_gettime(0x7 /* CLOCK_??? */, {773, 559649832}) = 0
2918  23:42:50 select(7, [3 4], [3], NULL, NULL) = 1 (out [3])
2918  23:42:50 clock_gettime(0x7 /* CLOCK_??? */, {773, 559695019}) = 0
2918  23:42:50 write(3, "I9N\274\v\251z\200\225\232\36<]#\323\315\353\37\302\321d\354uXt*A<\336I'\313"..., 36) = 36
2918  23:42:50 clock_gettime(0x7 /* CLOCK_??? */, {773, 559813571}) = 0
2918  23:42:50 clock_gettime(0x7 /* CLOCK_??? */, {773, 559833543}) = 0
2918  23:42:50 select(7, [3 4], [], NULL, NULL) = 1 (in [3])
2918  23:42:50 clock_gettime(0x7 /* CLOCK_??? */, {773, 560454034}) = 0
2918  23:42:50 read(3, "a\346K\211\230\275\347\364O\3`\206|0m\251\241\355\316*\7|\350\305\356\1\243}Y&\325\341"..., 8192) = 36
2918  23:42:50 clock_gettime(0x7 /* CLOCK_??? */, {773, 560509979}) = 0
2918  23:42:50 clock_gettime(0x7 /* CLOCK_??? */, {773, 560529391}) = 0
2918  23:42:50 select(7, [3 4], [5], NULL, NULL) = 1 (out [5])
2918  23:42:50 clock_gettime(0x7 /* CLOCK_??? */, {773, 560574767}) = 0
2918  23:42:50 write(5, "l", 1)         = 1
2918  23:42:50 clock_gettime(0x7 /* CLOCK_??? */, {773, 560819325}) = 0
2918  23:42:50 clock_gettime(0x7 /* CLOCK_??? */, {773, 560839958}) = 0
2918  23:42:50 select(7, [3 4], [], NULL, NULL) = 1 (in [4])
2918  23:42:51 clock_gettime(0x7 /* CLOCK_??? */, {773, 903592303}) = 0
2918  23:42:51 read(4, "\t", 16384)     = 1
2918  23:42:51 clock_gettime(0x7 /* CLOCK_??? */, {773, 903652834}) = 0
2918  23:42:51 clock_gettime(0x7 /* CLOCK_??? */, {773, 903672619}) = 0
2918  23:42:51 select(7, [3 4], [3], NULL, NULL) = 1 (out [3])
2918  23:42:51 clock_gettime(0x7 /* CLOCK_??? */, {773, 903718235}) = 0
2918  23:42:51 write(3, "\243\325\24V\222\270\334\321\36d\227\373\27;\236]\235;e\345\3437\233\10\373\2246\246\355\320E\242"..., 36) = 36
2918  23:42:51 clock_gettime(0x7 /* CLOCK_??? */, {773, 903832153}) = 0
2918  23:42:51 clock_gettime(0x7 /* CLOCK_??? */, {773, 903852121}) = 0
2918  23:42:51 select(7, [3 4], [], NULL, NULL) = 1 (in [3])
2918  23:42:51 clock_gettime(0x7 /* CLOCK_??? */, {773, 972844481}) = 0
2918  23:42:51 read(3, "\254\246\251~:\253p\304'\262\325\376\370\322\200gg\262\216?\210Bd\305\275\253\3544\311&{\364"..., 8192) = 36
2918  23:42:51 clock_gettime(0x7 /* CLOCK_??? */, {773, 972909873}) = 0
2918  23:42:51 clock_gettime(0x7 /* CLOCK_??? */, {773, 972929623}) = 0
2918  23:42:51 select(7, [3 4], [5], NULL, NULL) = 1 (out [5])
2918  23:42:51 clock_gettime(0x7 /* CLOCK_??? */, {773, 972976815}) = 0
2918  23:42:51 write(5, "\7", 1)        = 1
2918  23:42:51 clock_gettime(0x7 /* CLOCK_??? */, {773, 973263376}) = 0
2918  23:42:51 clock_gettime(0x7 /* CLOCK_??? */, {773, 973285009}) = 0
2918  23:42:51 select(7, [3 4], [], NULL, NULL) = 1 (in [4])
2918  23:42:51 clock_gettime(0x7 /* CLOCK_??? */, {774, 55268247}) = 0
2918  23:42:51 read(4, "\t", 16384)     = 1
2918  23:42:51 clock_gettime(0x7 /* CLOCK_??? */, {774, 55387488}) = 0
2918  23:42:51 clock_gettime(0x7 /* CLOCK_??? */, {774, 55409139}) = 0
2918  23:42:51 select(7, [3 4], [3], NULL, NULL) = 1 (out [3])
2918  23:42:51 clock_gettime(0x7 /* CLOCK_??? */, {774, 55455189}) = 0
2918  23:42:51 write(3, "D\316\34\312\302\f\r$z\326\2\373\236Af\2\250\265\237\232m\241\273\252B}\266\333\6\343A\261"..., 36) = 36
2918  23:42:51 clock_gettime(0x7 /* CLOCK_??? */, {774, 55553915}) = 0
2918  23:42:51 clock_gettime(0x7 /* CLOCK_??? */, {774, 55573700}) = 0
2918  23:42:51 select(7, [3 4], [], NULL, NULL) = 1 (in [3])
2918  23:42:51 clock_gettime(0x7 /* CLOCK_??? */, {774, 57554107}) = 0
2918  23:42:51 read(3, "\363\310j\223\26r\303\277B\322\335\237'\n%\245f\374H{\215C\211`\211\224\222\0235\273 $"..., 8192) = 76
2918  23:42:51 clock_gettime(0x7 /* CLOCK_??? */, {774, 57613549}) = 0
2918  23:42:51 clock_gettime(0x7 /* CLOCK_??? */, {774, 57633079}) = 0
2918  23:42:51 select(7, [3 4], [5], NULL, NULL) = 1 (out [5])
2918  23:42:51 clock_gettime(0x7 /* CLOCK_??? */, {774, 57679696}) = 0
2918  23:42:51 write(5, "\r\nDisplay all 156 possibilities?"..., 41) = 41
2918  23:42:51 clock_gettime(0x7 /* CLOCK_??? */, {774, 57960630}) = 0
2918  23:42:51 clock_gettime(0x7 /* CLOCK_??? */, {774, 57994701}) = 0
2918  23:42:51 select(7, [3 4], [], NULL, NULL) = 1 (in [4])
2918  23:42:52 clock_gettime(0x7 /* CLOCK_??? */, {775, 496130015}) = 0
2918  23:42:52 read(4, "n", 16384)      = 1
2918  23:42:52 clock_gettime(0x7 /* CLOCK_??? */, {775, 496191603}) = 0
2918  23:42:52 clock_gettime(0x7 /* CLOCK_??? */, {775, 496211148}) = 0
2918  23:42:52 select(7, [3 4], [3], NULL, NULL) = 1 (out [3])
2918  23:42:52 clock_gettime(0x7 /* CLOCK_??? */, {775, 496256648}) = 0
2918  23:42:52 write(3, "\374n\371:\337.S\303\6\343V\351\20=9\35\370\330\325\22m\243\265\21\214,-RXB@\222"..., 36) = 36
2918  23:42:52 clock_gettime(0x7 /* CLOCK_??? */, {775, 496374477}) = 0
2918  23:42:52 clock_gettime(0x7 /* CLOCK_??? */, {775, 496426270}) = 0
2918  23:42:52 select(7, [3 4], [], NULL, NULL) = 1 (in [3])
2918  23:42:52 clock_gettime(0x7 /* CLOCK_??? */, {775, 496761065}) = 0
2918  23:42:52 read(3, "I\371\361\211\327\7w\254\\B\354\21\334\263f\222s\357\247\264\353\333\221\237\17\4\213)u\276\264*"..., 8192) = 60
2918  23:42:52 clock_gettime(0x7 /* CLOCK_??? */, {775, 496815709}) = 0
2918  23:42:52 clock_gettime(0x7 /* CLOCK_??? */, {775, 496840002}) = 0
2918  23:42:52 select(7, [3 4], [5], NULL, NULL) = 1 (out [5])
2918  23:42:52 clock_gettime(0x7 /* CLOCK_??? */, {775, 496915288}) = 0
2918  23:42:52 write(5, "\r\n[root@localhost ~]# l", 23) = 23
2918  23:42:52 clock_gettime(0x7 /* CLOCK_??? */, {775, 497194597}) = 0
2918  23:42:52 clock_gettime(0x7 /* CLOCK_??? */, {775, 497215595}) = 0
2918  23:42:52 select(7, [3 4], [], NULL, NULL) = 1 (in [4])
2918  23:42:54 clock_gettime(0x7 /* CLOCK_??? */, {776, 879563430}) = 0
2918  23:42:54 read(4, "\177", 16384)   = 1
2918  23:42:54 clock_gettime(0x7 /* CLOCK_??? */, {776, 879625016}) = 0
2918  23:42:54 clock_gettime(0x7 /* CLOCK_??? */, {776, 879644806}) = 0
2918  23:42:54 select(7, [3 4], [3], NULL, NULL) = 1 (out [3])
2918  23:42:54 clock_gettime(0x7 /* CLOCK_??? */, {776, 879690541}) = 0
2918  23:42:54 write(3, "R\313\330\v\336q\261\237\226R%;\26\335\16\10\242?\255\353\223\266\300V\353vH\24%\t\217}"..., 36) = 36
2918  23:42:54 clock_gettime(0x7 /* CLOCK_??? */, {776, 879828574}) = 0
2918  23:42:54 clock_gettime(0x7 /* CLOCK_??? */, {776, 879848678}) = 0
2918  23:42:54 select(7, [3 4], [], NULL, NULL) = 1 (in [3])
2918  23:42:54 clock_gettime(0x7 /* CLOCK_??? */, {776, 880415600}) = 0
2918  23:42:54 read(3, "\3244a\207\3745\374\327\253\36q\260\334{};\235\354(\327%\356\325\323\305r\336\302zi}\255"..., 8192) = 44
2918  23:42:54 clock_gettime(0x7 /* CLOCK_??? */, {776, 880491432}) = 0
2918  23:42:54 clock_gettime(0x7 /* CLOCK_??? */, {776, 880511584}) = 0
2918  23:42:54 select(7, [3 4], [5], NULL, NULL) = 1 (out [5])
2918  23:42:54 clock_gettime(0x7 /* CLOCK_??? */, {776, 880557386}) = 0
2918  23:42:54 write(5, "\10\33[K", 4)  = 4
2918  23:42:54 clock_gettime(0x7 /* CLOCK_??? */, {776, 880817307}) = 0
2918  23:42:54 clock_gettime(0x7 /* CLOCK_??? */, {776, 880840566}) = 0
2918  23:42:54 select(7, [3 4], [], NULL, NULL) = 1 (in [4])
2918  23:42:54 clock_gettime(0x7 /* CLOCK_??? */, {777, 407521700}) = 0
2918  23:42:54 read(4, "v", 16384)      = 1
2918  23:42:54 clock_gettime(0x7 /* CLOCK_??? */, {777, 407586430}) = 0
2918  23:42:54 clock_gettime(0x7 /* CLOCK_??? */, {777, 407605822}) = 0
2918  23:42:54 select(7, [3 4], [3], NULL, NULL) = 1 (out [3])
2918  23:42:54 clock_gettime(0x7 /* CLOCK_??? */, {777, 407651435}) = 0
2918  23:42:54 write(3, ")\315Lg@\36\242\325\274z\1g\201\37\v\275\234\342\255!~\315\247l\337\255\303\346]\316]\252"..., 36) = 36
2918  23:42:54 clock_gettime(0x7 /* CLOCK_??? */, {777, 407763833}) = 0
2918  23:42:54 clock_gettime(0x7 /* CLOCK_??? */, {777, 407783823}) = 0
2918  23:42:54 select(7, [3 4], [], NULL, NULL) = 1 (in [3])
2918  23:42:54 clock_gettime(0x7 /* CLOCK_??? */, {777, 408277890}) = 0
2918  23:42:54 read(3, "\324\t\212\273\366,WX\344\366cmb\244\207\24\365-\333\20k\236p\333\272\274\0\245^(\36 "..., 8192) = 36
2918  23:42:54 clock_gettime(0x7 /* CLOCK_??? */, {777, 408330832}) = 0
2918  23:42:54 clock_gettime(0x7 /* CLOCK_??? */, {777, 408350466}) = 0
2918  23:42:54 select(7, [3 4], [5], NULL, NULL) = 1 (out [5])
2918  23:42:54 clock_gettime(0x7 /* CLOCK_??? */, {777, 408395829}) = 0
2918  23:42:54 write(5, "v", 1)         = 1
2918  23:42:54 clock_gettime(0x7 /* CLOCK_??? */, {777, 408654430}) = 0
2918  23:42:54 clock_gettime(0x7 /* CLOCK_??? */, {777, 408676565}) = 0
2918  23:42:54 select(7, [3 4], [], NULL, NULL) = 1 (in [4])
2918  23:42:54 clock_gettime(0x7 /* CLOCK_??? */, {777, 471197065}) = 0
2918  23:42:54 read(4, "i", 16384)      = 1
2918  23:42:54 clock_gettime(0x7 /* CLOCK_??? */, {777, 471257181}) = 0
2918  23:42:54 clock_gettime(0x7 /* CLOCK_??? */, {777, 471276792}) = 0
2918  23:42:54 select(7, [3 4], [3], NULL, NULL) = 1 (out [3])
2918  23:42:54 clock_gettime(0x7 /* CLOCK_??? */, {777, 471322728}) = 0
2918  23:42:54 write(3, "\346\366\373O \27\351g\323\236K\\\354H\0R\2G\256\357\200\253\377\333|\253\207\363-c5Y"..., 36) = 36
2918  23:42:54 clock_gettime(0x7 /* CLOCK_??? */, {777, 471431042}) = 0
2918  23:42:54 clock_gettime(0x7 /* CLOCK_??? */, {777, 471451382}) = 0
2918  23:42:54 select(7, [3 4], [], NULL, NULL) = 1 (in [3])
2918  23:42:54 clock_gettime(0x7 /* CLOCK_??? */, {777, 472234643}) = 0
2918  23:42:54 read(3, "&\367Y\22t\27M9zg?\1\7\347\207\24\307/??\360\5\322o\275\235\213\0YQ!\r"..., 8192) = 36
2918  23:42:54 clock_gettime(0x7 /* CLOCK_??? */, {777, 472289548}) = 0
2918  23:42:54 clock_gettime(0x7 /* CLOCK_??? */, {777, 472309097}) = 0
2918  23:42:54 select(7, [3 4], [5], NULL, NULL) = 1 (out [5])
2918  23:42:54 clock_gettime(0x7 /* CLOCK_??? */, {777, 472354618}) = 0
2918  23:42:54 write(5, "i", 1)         = 1
2918  23:42:54 clock_gettime(0x7 /* CLOCK_??? */, {777, 472583418}) = 0
2918  23:42:54 clock_gettime(0x7 /* CLOCK_??? */, {777, 472604610}) = 0
2918  23:42:54 select(7, [3 4], [], NULL, NULL) = 1 (in [4])
2918  23:42:54 clock_gettime(0x7 /* CLOCK_??? */, {777, 671205324}) = 0
2918  23:42:54 read(4, "m", 16384)      = 1
2918  23:42:54 clock_gettime(0x7 /* CLOCK_??? */, {777, 671266577}) = 0
2918  23:42:54 clock_gettime(0x7 /* CLOCK_??? */, {777, 671286611}) = 0
2918  23:42:54 select(7, [3 4], [3], NULL, NULL) = 1 (out [3])
2918  23:42:54 clock_gettime(0x7 /* CLOCK_??? */, {777, 671333109}) = 0
2918  23:42:54 write(3, "~\264\272\376\377\316\331\256\33\235\341G\37v\271\3\240\206\312\27\272\314<T\234 \337\300.\7YW"..., 36) = 36
2918  23:42:54 clock_gettime(0x7 /* CLOCK_??? */, {777, 671445631}) = 0
2918  23:42:54 clock_gettime(0x7 /* CLOCK_??? */, {777, 671465714}) = 0
2918  23:42:54 select(7, [3 4], [], NULL, NULL) = 1 (in [3])
2918  23:42:54 clock_gettime(0x7 /* CLOCK_??? */, {777, 671978623}) = 0
2918  23:42:54 read(3, "\320V\4\3416\3141\273$\236D\2610D\340\17\203\277\357\355\272\236\253\354\20\\j\354\376\335\226W"..., 8192) = 36
2918  23:42:54 clock_gettime(0x7 /* CLOCK_??? */, {777, 672031556}) = 0
2918  23:42:54 clock_gettime(0x7 /* CLOCK_??? */, {777, 672065826}) = 0
2918  23:42:54 select(7, [3 4], [5], NULL, NULL) = 1 (out [5])
2918  23:42:54 clock_gettime(0x7 /* CLOCK_??? */, {777, 672112160}) = 0
2918  23:42:54 write(5, "m", 1)         = 1
2918  23:42:54 clock_gettime(0x7 /* CLOCK_??? */, {777, 672922604}) = 0
2918  23:42:54 clock_gettime(0x7 /* CLOCK_??? */, {777, 672946429}) = 0
2918  23:42:54 select(7, [3 4], [], NULL, NULL) = 1 (in [4])
2918  23:42:55 clock_gettime(0x7 /* CLOCK_??? */, {777, 815535142}) = 0
2918  23:42:55 read(4, " ", 16384)      = 1
2918  23:42:55 clock_gettime(0x7 /* CLOCK_??? */, {777, 815597777}) = 0
2918  23:42:55 clock_gettime(0x7 /* CLOCK_??? */, {777, 815617763}) = 0
2918  23:42:55 select(7, [3 4], [3], NULL, NULL) = 1 (out [3])
2918  23:42:55 clock_gettime(0x7 /* CLOCK_??? */, {777, 815663728}) = 0
2918  23:42:55 write(3, "\310\25\277p\261\277\216\r0\31\203\342\327&\225\317\321\352\t\f\214\34g\303\244\\c\350\354\323\4\201"..., 36) = 36
2918  23:42:55 clock_gettime(0x7 /* CLOCK_??? */, {777, 815774397}) = 0
2918  23:42:55 clock_gettime(0x7 /* CLOCK_??? */, {777, 815794442}) = 0
2918  23:42:55 select(7, [3 4], [], NULL, NULL) = 1 (in [3])
2918  23:42:55 clock_gettime(0x7 /* CLOCK_??? */, {777, 816148399}) = 0
2918  23:42:55 read(3, "|\202\263\376\247\300\276Xp\202\223h:\254\321\311bn\322)\345d\276I\5\376\241\250\316q-\234"..., 8192) = 36
2918  23:42:55 clock_gettime(0x7 /* CLOCK_??? */, {777, 816198432}) = 0
2918  23:42:55 clock_gettime(0x7 /* CLOCK_??? */, {777, 816217738}) = 0
2918  23:42:55 select(7, [3 4], [5], NULL, NULL) = 1 (out [5])
2918  23:42:55 clock_gettime(0x7 /* CLOCK_??? */, {777, 816262151}) = 0
2918  23:42:55 write(5, " ", 1)         = 1
2918  23:42:55 clock_gettime(0x7 /* CLOCK_??? */, {777, 816534202}) = 0
2918  23:42:55 clock_gettime(0x7 /* CLOCK_??? */, {777, 816559752}) = 0
2918  23:42:55 select(7, [3 4], [], NULL, NULL) = 1 (in [4])
2918  23:42:55 clock_gettime(0x7 /* CLOCK_??? */, {777, 935632275}) = 0
2918  23:42:55 read(4, "a", 16384)      = 1
2918  23:42:55 clock_gettime(0x7 /* CLOCK_??? */, {777, 935693645}) = 0
2918  23:42:55 clock_gettime(0x7 /* CLOCK_??? */, {777, 935713437}) = 0
2918  23:42:55 select(7, [3 4], [3], NULL, NULL) = 1 (out [3])
2918  23:42:55 clock_gettime(0x7 /* CLOCK_??? */, {777, 935759052}) = 0
2918  23:42:55 write(3, "\376\232\214\fw\236\6\250\201\274}sC\226C\336\177\231}nEp9cj\341@\333\320Z!*"..., 36) = 36
2918  23:42:55 clock_gettime(0x7 /* CLOCK_??? */, {777, 935870338}) = 0
2918  23:42:55 clock_gettime(0x7 /* CLOCK_??? */, {777, 935890439}) = 0
2918  23:42:55 select(7, [3 4], [], NULL, NULL) = 1 (in [3])
2918  23:42:55 clock_gettime(0x7 /* CLOCK_??? */, {777, 936256872}) = 0
2918  23:42:55 read(3, "\370\300\2\307\372\225\220\263\326>\250\274\254<K)\31\33\237\250\345\257\344~\320\30\244=?\355q?"..., 8192) = 36
2918  23:42:55 clock_gettime(0x7 /* CLOCK_??? */, {777, 936307488}) = 0
2918  23:42:55 clock_gettime(0x7 /* CLOCK_??? */, {777, 936326773}) = 0
2918  23:42:55 select(7, [3 4], [5], NULL, NULL) = 1 (out [5])
2918  23:42:55 clock_gettime(0x7 /* CLOCK_??? */, {777, 936371147}) = 0
2918  23:42:55 write(5, "a", 1)         = 1
2918  23:42:55 clock_gettime(0x7 /* CLOCK_??? */, {777, 936684617}) = 0
2918  23:42:55 clock_gettime(0x7 /* CLOCK_??? */, {777, 936708272}) = 0
2918  23:42:55 select(7, [3 4], [], NULL, NULL) = 1 (in [4])
2918  23:42:55 clock_gettime(0x7 /* CLOCK_??? */, {778, 591711148}) = 0
2918  23:42:55 read(4, "\r", 16384)     = 1
2918  23:42:55 clock_gettime(0x7 /* CLOCK_??? */, {778, 591808356}) = 0
2918  23:42:55 clock_gettime(0x7 /* CLOCK_??? */, {778, 591846999}) = 0
2918  23:42:55 select(7, [3 4], [3], NULL, NULL) = 1 (out [3])
2918  23:42:55 clock_gettime(0x7 /* CLOCK_??? */, {778, 591934284}) = 0
2918  23:42:55 write(3, "Q\337r\373[\236{\243\325s\376\274\254\343\350\250<\216\32a\"\306B\334\t\5\324dL\2\325\367"..., 36) = 36
2918  23:42:55 clock_gettime(0x7 /* CLOCK_??? */, {778, 592122177}) = 0
2918  23:42:55 clock_gettime(0x7 /* CLOCK_??? */, {778, 592162619}) = 0
2918  23:42:55 select(7, [3 4], [], NULL, NULL) = 1 (in [3])
2918  23:42:55 clock_gettime(0x7 /* CLOCK_??? */, {778, 593956143}) = 0
2918  23:42:55 read(3, "\237>ew\375q\220~\212s\1\325\277\363u\327\26\265_\255j\2647\276g\256\201\0010\10\312\367"..., 8192) = 36
2918  23:42:55 clock_gettime(0x7 /* CLOCK_??? */, {778, 594021907}) = 0
2918  23:42:55 clock_gettime(0x7 /* CLOCK_??? */, {778, 594041833}) = 0
2918  23:42:55 select(7, [3 4], [5], NULL, NULL) = 1 (out [5])
2918  23:42:55 clock_gettime(0x7 /* CLOCK_??? */, {778, 594089531}) = 0
2918  23:42:55 write(5, "\r\n", 2)      = 2
2918  23:42:55 clock_gettime(0x7 /* CLOCK_??? */, {778, 594380137}) = 0
2918  23:42:55 clock_gettime(0x7 /* CLOCK_??? */, {778, 594402148}) = 0
2918  23:42:55 select(7, [3 4], [], NULL, NULL) = 1 (in [3])
2918  23:42:56 clock_gettime(0x7 /* CLOCK_??? */, {778, 801274288}) = 0
2918  23:42:56 read(3, "\366 '\225\341\351\202\263ud\307UP\1\232EJ0\255\1\f\t\333\237\323j\222\337\267\303\3049"..., 8192) = 148
2918  23:42:56 clock_gettime(0x7 /* CLOCK_??? */, {778, 801338913}) = 0
2918  23:42:56 clock_gettime(0x7 /* CLOCK_??? */, {778, 801359056}) = 0
2918  23:42:56 select(7, [3 4], [5], NULL, NULL) = 1 (out [5])
2918  23:42:56 clock_gettime(0x7 /* CLOCK_??? */, {778, 801406488}) = 0
2918  23:42:56 write(5, "\33[?1049h\33[?1h\33=\33[2;1H\342\226\275\33[6n\33[1;"..., 112) = 112
2918  23:42:56 clock_gettime(0x7 /* CLOCK_??? */, {778, 801652200}) = 0
2918  23:42:56 clock_gettime(0x7 /* CLOCK_??? */, {778, 801673240}) = 0
2918  23:42:56 select(7, [3 4], [], NULL, NULL) = 1 (in [4])
2918  23:42:56 clock_gettime(0x7 /* CLOCK_??? */, {778, 803550369}) = 0
2918  23:42:56 read(4, "\33[2;2R", 16384) = 6
2918  23:42:56 clock_gettime(0x7 /* CLOCK_??? */, {778, 803623052}) = 0
2918  23:42:56 clock_gettime(0x7 /* CLOCK_??? */, {778, 803642894}) = 0
2918  23:42:56 select(7, [3 4], [3], NULL, NULL) = 1 (out [3])
2918  23:42:56 clock_gettime(0x7 /* CLOCK_??? */, {778, 803688397}) = 0
2918  23:42:56 write(3, "oX\244H\356\203\22\207\n\274rc\256\232\356t\375\352y\267\2\304c\323\341\264+^\270\27\371\230"..., 44) = 44
2918  23:42:56 clock_gettime(0x7 /* CLOCK_??? */, {778, 803787041}) = 0
2918  23:42:56 clock_gettime(0x7 /* CLOCK_??? */, {778, 803807067}) = 0
2918  23:42:56 select(7, [3 4], [], NULL, NULL) = 1 (in [3])
2918  23:42:56 clock_gettime(0x7 /* CLOCK_??? */, {778, 812012211}) = 0
2918  23:42:56 read(3, "\356\266\n\304a\207\346\345\22\340\324\276\202\3537A|f\274\325\374\270o\301\313\237\24\375\3266\354\303"..., 8192) = 3564
2918  23:42:56 clock_gettime(0x7 /* CLOCK_??? */, {778, 812108355}) = 0
2918  23:42:56 clock_gettime(0x7 /* CLOCK_??? */, {778, 812128627}) = 0
2918  23:42:56 select(7, [3 4], [5], NULL, NULL) = 1 (out [5])
2918  23:42:56 clock_gettime(0x7 /* CLOCK_??? */, {778, 812176315}) = 0
2918  23:42:56 write(5, "\33[>c\33[2;1H\33[1m\33[34m~            "..., 3524) = 3524
2918  23:42:56 clock_gettime(0x7 /* CLOCK_??? */, {778, 812733055}) = 0
2918  23:42:56 clock_gettime(0x7 /* CLOCK_??? */, {778, 812758448}) = 0
2918  23:42:56 select(7, [3 4], [], NULL, NULL) = 1 (in [4])
2918  23:42:56 clock_gettime(0x7 /* CLOCK_??? */, {778, 813401676}) = 0
2918  23:42:56 read(4, "\33[>0;136;0c", 16384) = 11
2918  23:42:56 clock_gettime(0x7 /* CLOCK_??? */, {778, 813459543}) = 0
2918  23:42:56 clock_gettime(0x7 /* CLOCK_??? */, {778, 813479507}) = 0
2918  23:42:56 select(7, [3 4], [3], NULL, NULL) = 1 (out [3])
2918  23:42:56 clock_gettime(0x7 /* CLOCK_??? */, {778, 813526373}) = 0
2918  23:42:56 write(3, "\255]\266\333\201\217\201Z\261\31\233/\376c7|\200.^\353o4\20\346D\0\331\322\212F\254\255"..., 52) = 52
2918  23:42:56 clock_gettime(0x7 /* CLOCK_??? */, {778, 813633294}) = 0
2918  23:42:56 clock_gettime(0x7 /* CLOCK_??? */, {778, 813653455}) = 0
2918  23:42:56 select(7, [3 4], [], NULL, NULL) = 1 (in [4])
2918  23:42:59 clock_gettime(0x7 /* CLOCK_??? */, {782, 159484549}) = 0
2918  23:42:59 read(4, "i", 16384)      = 1
2918  23:42:59 clock_gettime(0x7 /* CLOCK_??? */, {782, 159545055}) = 0
2918  23:42:59 clock_gettime(0x7 /* CLOCK_??? */, {782, 159564571}) = 0
2918  23:42:59 select(7, [3 4], [3], NULL, NULL) = 1 (out [3])
2918  23:42:59 clock_gettime(0x7 /* CLOCK_??? */, {782, 159626531}) = 0
2918  23:42:59 write(3, "\356\257r$(\27\266^\206z\367\365a!\34\34z\300\302p-\340j\367\275C8\3\24\214r\252"..., 36) = 36
2918  23:42:59 clock_gettime(0x7 /* CLOCK_??? */, {782, 159730159}) = 0
2918  23:42:59 clock_gettime(0x7 /* CLOCK_??? */, {782, 159750066}) = 0
2918  23:42:59 select(7, [3 4], [], NULL, NULL) = 1 (in [3])
2918  23:42:59 clock_gettime(0x7 /* CLOCK_??? */, {782, 160737297}) = 0
2918  23:42:59 read(3, "\277\25\236t\353c\35[\300\231\341\253n\302o\307\1\6\214\250\276in\20\320\323 x\271\371\237k"..., 8192) = 116
2918  23:42:59 clock_gettime(0x7 /* CLOCK_??? */, {782, 160830500}) = 0
2918  23:42:59 clock_gettime(0x7 /* CLOCK_??? */, {782, 160850286}) = 0
2918  23:42:59 select(7, [3 4], [5], NULL, NULL) = 1 (out [5])
2918  23:42:59 clock_gettime(0x7 /* CLOCK_??? */, {782, 160896691}) = 0
2918  23:42:59 write(5, "\33[?25l\33[39;1H\33[1m-- INSERT --\33[m"..., 80) = 80
2918  23:42:59 clock_gettime(0x7 /* CLOCK_??? */, {782, 161925545}) = 0
2918  23:42:59 clock_gettime(0x7 /* CLOCK_??? */, {782, 161953339}) = 0
2918  23:42:59 select(7, [3 4], [], NULL, NULL) = 1 (in [4])
2918  23:43:01 clock_gettime(0x7 /* CLOCK_??? */, {784, 263289204}) = 0
2918  23:43:01 read(4, "\33OA", 16384)  = 3
2918  23:43:01 clock_gettime(0x7 /* CLOCK_??? */, {784, 263351318}) = 0
2918  23:43:01 clock_gettime(0x7 /* CLOCK_??? */, {784, 263371085}) = 0
2918  23:43:01 select(7, [3 4], [3], NULL, NULL) = 1 (out [3])
2918  23:43:01 clock_gettime(0x7 /* CLOCK_??? */, {784, 263416958}) = 0
2918  23:43:01 write(3, "\243\267\355\372\312\206\177\267\"\335\343\367\276\236\333\253\2508\347w\253\366I#_\377\302\\#2-\216"..., 44) = 44
2918  23:43:01 clock_gettime(0x7 /* CLOCK_??? */, {784, 263529023}) = 0
2918  23:43:01 clock_gettime(0x7 /* CLOCK_??? */, {784, 263549081}) = 0
2918  23:43:01 select(7, [3 4], [], NULL, NULL) = 1 (in [3])
2918  23:43:01 clock_gettime(0x7 /* CLOCK_??? */, {784, 264088070}) = 0
2918  23:43:01 read(3, "\250\303\354N\322\214\226\254\215\277\2430\\)\3151\37\334\244\367\315WR\331\361\327\256O\331\252\1\267"..., 8192) = 36
2918  23:43:01 clock_gettime(0x7 /* CLOCK_??? */, {784, 264143091}) = 0
2918  23:43:01 clock_gettime(0x7 /* CLOCK_??? */, {784, 264162690}) = 0
2918  23:43:01 select(7, [3 4], [5], NULL, NULL) = 1 (out [5])
2918  23:43:01 clock_gettime(0x7 /* CLOCK_??? */, {784, 264208609}) = 0
2918  23:43:01 write(5, "\7", 1)        = 1
2918  23:43:01 clock_gettime(0x7 /* CLOCK_??? */, {784, 264450928}) = 0
2918  23:43:01 clock_gettime(0x7 /* CLOCK_??? */, {784, 264472087}) = 0
2918  23:43:01 select(7, [3 4], [], NULL, NULL) = 1 (in [4])
2918  23:43:01 clock_gettime(0x7 /* CLOCK_??? */, {784, 423129018}) = 0
2918  23:43:01 read(4, "\33OD", 16384)  = 3
2918  23:43:01 clock_gettime(0x7 /* CLOCK_??? */, {784, 423189666}) = 0
2918  23:43:01 clock_gettime(0x7 /* CLOCK_??? */, {784, 423209183}) = 0
2918  23:43:01 select(7, [3 4], [3], NULL, NULL) = 1 (out [3])
2918  23:43:01 clock_gettime(0x7 /* CLOCK_??? */, {784, 423254002}) = 0
2918  23:43:01 write(3, "\275\1R\263[\346w\236\32\376\316\247,\375{\235\277\332h4\253\253K\367\216\2F\r\246\343rD"..., 44) = 44
2918  23:43:01 clock_gettime(0x7 /* CLOCK_??? */, {784, 423373159}) = 0
2918  23:43:01 clock_gettime(0x7 /* CLOCK_??? */, {784, 423393187}) = 0
2918  23:43:01 select(7, [3 4], [], NULL, NULL) = 1 (in [3])
2918  23:43:01 clock_gettime(0x7 /* CLOCK_??? */, {784, 424005413}) = 0
2918  23:43:01 read(3, "\222\340\345\305\363oV\237I\224\226\33\316\300\266?\323+\247\2216\1\366\2133c=mr\236\340|"..., 8192) = 36
2918  23:43:01 clock_gettime(0x7 /* CLOCK_??? */, {784, 424062032}) = 0
2918  23:43:01 clock_gettime(0x7 /* CLOCK_??? */, {784, 424081688}) = 0
2918  23:43:01 select(7, [3 4], [5], NULL, NULL) = 1 (out [5])
2918  23:43:01 clock_gettime(0x7 /* CLOCK_??? */, {784, 424126736}) = 0
2918  23:43:01 write(5, "\7", 1)        = 1
2918  23:43:01 clock_gettime(0x7 /* CLOCK_??? */, {784, 424386799}) = 0
2918  23:43:01 clock_gettime(0x7 /* CLOCK_??? */, {784, 424408649}) = 0
2918  23:43:01 select(7, [3 4], [], NULL, NULL) = 1 (in [4])
2918  23:43:01 clock_gettime(0x7 /* CLOCK_??? */, {784, 743232865}) = 0
2918  23:43:01 read(4, "\33OB", 16384)  = 3
2918  23:43:01 clock_gettime(0x7 /* CLOCK_??? */, {784, 743293456}) = 0
2918  23:43:01 clock_gettime(0x7 /* CLOCK_??? */, {784, 743313157}) = 0
2918  23:43:01 select(7, [3 4], [3], NULL, NULL) = 1 (out [3])
2918  23:43:01 clock_gettime(0x7 /* CLOCK_??? */, {784, 743358624}) = 0
2918  23:43:01 write(3, "RD A\314v\266+\270V\221\2twoaM[\242\236\364\25\310\305\373\217\\\210\fY[n"..., 44) = 44
2918  23:43:01 clock_gettime(0x7 /* CLOCK_??? */, {784, 743488203}) = 0
2918  23:43:01 clock_gettime(0x7 /* CLOCK_??? */, {784, 743508540}) = 0
2918  23:43:01 select(7, [3 4], [], NULL, NULL) = 1 (in [3])
2918  23:43:01 clock_gettime(0x7 /* CLOCK_??? */, {784, 744026329}) = 0
2918  23:43:01 read(3, "\3276\311%\307\262]\346j\3428\300Y\252\v\30%Q\20h\3415J\231\246\353\323\204;g\7["..., 8192) = 36
2918  23:43:01 clock_gettime(0x7 /* CLOCK_??? */, {784, 744080966}) = 0
2918  23:43:01 clock_gettime(0x7 /* CLOCK_??? */, {784, 744100538}) = 0
2918  23:43:01 select(7, [3 4], [5], NULL, NULL) = 1 (out [5])
2918  23:43:01 clock_gettime(0x7 /* CLOCK_??? */, {784, 744145567}) = 0
2918  23:43:01 write(5, "\7", 1)        = 1
2918  23:43:01 clock_gettime(0x7 /* CLOCK_??? */, {784, 744406787}) = 0
2918  23:43:01 clock_gettime(0x7 /* CLOCK_??? */, {784, 744428583}) = 0
2918  23:43:01 select(7, [3 4], [], NULL, NULL) = 1 (in [4])
2918  23:43:02 clock_gettime(0x7 /* CLOCK_??? */, {784, 983023685}) = 0
2918  23:43:02 read(4, "\33OC", 16384)  = 3
2918  23:43:02 clock_gettime(0x7 /* CLOCK_??? */, {784, 983086683}) = 0
2918  23:43:02 clock_gettime(0x7 /* CLOCK_??? */, {784, 983106364}) = 0
2918  23:43:02 select(7, [3 4], [3], NULL, NULL) = 1 (out [3])
2918  23:43:02 clock_gettime(0x7 /* CLOCK_??? */, {784, 983151613}) = 0
2918  23:43:02 write(3, "\310\2\311\303Y\16\255\32\265\366'~Q\177H\34\35/\271\6v'\311c80\246\364\334\336xy"..., 44) = 44
2918  23:43:02 clock_gettime(0x7 /* CLOCK_??? */, {784, 983277184}) = 0
2918  23:43:02 clock_gettime(0x7 /* CLOCK_??? */, {784, 983297250}) = 0
2918  23:43:02 select(7, [3 4], [], NULL, NULL) = 1 (in [3])
2918  23:43:02 clock_gettime(0x7 /* CLOCK_??? */, {784, 983814698}) = 0
2918  23:43:02 read(3, "]``\323\265\205vM\342\251\324s3\203\244\323\373g3%\2\30t\6`\301?\346u\223u\220"..., 8192) = 36
2918  23:43:02 clock_gettime(0x7 /* CLOCK_??? */, {784, 983869163}) = 0
2918  23:43:02 clock_gettime(0x7 /* CLOCK_??? */, {784, 983888483}) = 0
2918  23:43:02 select(7, [3 4], [5], NULL, NULL) = 1 (out [5])
2918  23:43:02 clock_gettime(0x7 /* CLOCK_??? */, {784, 983947757}) = 0
2918  23:43:02 write(5, "\7", 1)        = 1
2918  23:43:02 clock_gettime(0x7 /* CLOCK_??? */, {784, 984196311}) = 0
2918  23:43:02 clock_gettime(0x7 /* CLOCK_??? */, {784, 984217211}) = 0
2918  23:43:02 select(7, [3 4], [], NULL, NULL) = 1 (in [4])
2918  23:43:04 clock_gettime(0x7 /* CLOCK_??? */, {787, 159259596}) = 0
2918  23:43:04 read(4, "q", 16384)      = 1
2918  23:43:04 clock_gettime(0x7 /* CLOCK_??? */, {787, 159322683}) = 0
2918  23:43:04 clock_gettime(0x7 /* CLOCK_??? */, {787, 159342455}) = 0
2918  23:43:04 select(7, [3 4], [3], NULL, NULL) = 1 (out [3])
2918  23:43:04 clock_gettime(0x7 /* CLOCK_??? */, {787, 159388486}) = 0
2918  23:43:04 write(3, "6&\337\232 \217{\v\337\24+\256\323\375\236\367\225\240\260\237\2247lC\r\352\216kiN\345\224"..., 36) = 36
2918  23:43:04 clock_gettime(0x7 /* CLOCK_??? */, {787, 159505564}) = 0
2918  23:43:04 clock_gettime(0x7 /* CLOCK_??? */, {787, 159525744}) = 0
2918  23:43:04 select(7, [3 4], [], NULL, NULL) = 1 (in [3])
2918  23:43:04 clock_gettime(0x7 /* CLOCK_??? */, {787, 160758802}) = 0
2918  23:43:04 read(3, "\251/\364\265#\240\356\0238\252\260\364:J^\214\244\241\272\377\334\360F\230y\322\274'W\22\337\2"..., 8192) = 76
2918  23:43:04 clock_gettime(0x7 /* CLOCK_??? */, {787, 160820319}) = 0
2918  23:43:04 clock_gettime(0x7 /* CLOCK_??? */, {787, 160839782}) = 0
2918  23:43:04 select(7, [3 4], [5], NULL, NULL) = 1 (out [5])
2918  23:43:04 clock_gettime(0x7 /* CLOCK_??? */, {787, 160885835}) = 0
2918  23:43:04 write(5, "\33[?25lq\33[39;70H1,2\33[1;2H\33[?12l\33["..., 36) = 36
2918  23:43:04 clock_gettime(0x7 /* CLOCK_??? */, {787, 161395063}) = 0
2918  23:43:04 clock_gettime(0x7 /* CLOCK_??? */, {787, 161421925}) = 0
2918  23:43:04 select(7, [3 4], [], NULL, NULL) = 1 (in [4])
2918  23:43:04 clock_gettime(0x7 /* CLOCK_??? */, {787, 247450521}) = 0
2918  23:43:04 read(4, "w", 16384)      = 1
2918  23:43:04 clock_gettime(0x7 /* CLOCK_??? */, {787, 247556716}) = 0
2918  23:43:04 clock_gettime(0x7 /* CLOCK_??? */, {787, 247594908}) = 0
2918  23:43:04 select(7, [3 4], [3], NULL, NULL) = 1 (out [3])
2918  23:43:04 clock_gettime(0x7 /* CLOCK_??? */, {787, 247681465}) = 0
2918  23:43:04 write(3, "\306!eG]\364,L\300\342\263\361T\304\27F\0\342\360\345\221g\1 \367xU\301b>\0\32"..., 36) = 36
2918  23:43:04 clock_gettime(0x7 /* CLOCK_??? */, {787, 247832652}) = 0
2918  23:43:04 clock_gettime(0x7 /* CLOCK_??? */, {787, 247872119}) = 0
2918  23:43:04 select(7, [3 4], [], NULL, NULL) = 1 (in [3])
2918  23:43:04 clock_gettime(0x7 /* CLOCK_??? */, {787, 248501397}) = 0
2918  23:43:04 read(3, "\32z\377\3\22\17^\362\356\310\232\\\"\271\367\362\201\21\322\332RF\311\23\\\200k\23\243+\311\207"..., 8192) = 68
2918  23:43:04 clock_gettime(0x7 /* CLOCK_??? */, {787, 248557692}) = 0
2918  23:43:04 clock_gettime(0x7 /* CLOCK_??? */, {787, 248577228}) = 0
2918  23:43:04 select(7, [3 4], [5], NULL, NULL) = 1 (out [5])
2918  23:43:04 clock_gettime(0x7 /* CLOCK_??? */, {787, 248623068}) = 0
2918  23:43:04 write(5, "\33[?25lw\33[39;72H3\33[1;3H\33[?12l\33[?2"..., 34) = 34
2918  23:43:04 clock_gettime(0x7 /* CLOCK_??? */, {787, 248877289}) = 0
2918  23:43:04 clock_gettime(0x7 /* CLOCK_??? */, {787, 248914981}) = 0
2918  23:43:04 select(7, [3 4], [], NULL, NULL) = 1 (in [4])
2918  23:43:04 clock_gettime(0x7 /* CLOCK_??? */, {787, 383401274}) = 0
2918  23:43:04 read(4, "e", 16384)      = 1
2918  23:43:04 clock_gettime(0x7 /* CLOCK_??? */, {787, 383507681}) = 0
2918  23:43:04 clock_gettime(0x7 /* CLOCK_??? */, {787, 383544063}) = 0
2918  23:43:04 select(7, [3 4], [3], NULL, NULL) = 1 (out [3])
2918  23:43:04 clock_gettime(0x7 /* CLOCK_??? */, {787, 383631214}) = 0
2918  23:43:04 write(3, "n&\267o@\35\334+\"\222\24\354C\342\20'\"\6\r\20$ d\2269\33K06v\233\240"..., 36) = 36
2918  23:43:04 clock_gettime(0x7 /* CLOCK_??? */, {787, 383786920}) = 0
2918  23:43:04 clock_gettime(0x7 /* CLOCK_??? */, {787, 383825586}) = 0
2918  23:43:04 select(7, [3 4], [], NULL, NULL) = 1 (in [3])
2918  23:43:04 clock_gettime(0x7 /* CLOCK_??? */, {787, 384430418}) = 0
2918  23:43:04 read(3, "v\375\353\00670\1\326\360\211\363\226T\351\32\nVp\3\2h\366}&\361\362\277\361\267\204v7"..., 8192) = 68
2918  23:43:04 clock_gettime(0x7 /* CLOCK_??? */, {787, 384487003}) = 0
2918  23:43:04 clock_gettime(0x7 /* CLOCK_??? */, {787, 384506628}) = 0
2918  23:43:04 select(7, [3 4], [5], NULL, NULL) = 1 (out [5])
2918  23:43:04 clock_gettime(0x7 /* CLOCK_??? */, {787, 384552129}) = 0
2918  23:43:04 write(5, "\33[?25le\33[39;72H4\33[1;4H\33[?12l\33[?2"..., 34) = 34
2918  23:43:04 clock_gettime(0x7 /* CLOCK_??? */, {787, 384805197}) = 0
2918  23:43:04 clock_gettime(0x7 /* CLOCK_??? */, {787, 384842398}) = 0
2918  23:43:04 select(7, [3 4], [], NULL, NULL) = 1 (in [4])
2918  23:43:05 clock_gettime(0x7 /* CLOCK_??? */, {788, 447944787}) = 0
2918  23:43:05 read(4, "\33", 16384)    = 1
2918  23:43:05 clock_gettime(0x7 /* CLOCK_??? */, {788, 448005434}) = 0
2918  23:43:05 clock_gettime(0x7 /* CLOCK_??? */, {788, 448025015}) = 0
2918  23:43:05 select(7, [3 4], [3], NULL, NULL) = 1 (out [3])
2918  23:43:05 clock_gettime(0x7 /* CLOCK_??? */, {788, 448070051}) = 0
2918  23:43:05 write(3, "_I\206R\2371t\353t\n\372\356\332\302\250\31\302\311\31\2035\374\303\321\324\252\311}F\3lC"..., 36) = 36
2918  23:43:05 clock_gettime(0x7 /* CLOCK_??? */, {788, 448590977}) = 0
2918  23:43:05 clock_gettime(0x7 /* CLOCK_??? */, {788, 448614082}) = 0
2918  23:43:05 select(7, [3 4], [], NULL, NULL) = 1 (in [3])
2918  23:43:05 clock_gettime(0x7 /* CLOCK_??? */, {788, 475234286}) = 0
2918  23:43:05 read(3, "\326\346;&\177\322\250\t8\275\267\352\316\304x\r\312\224\356o\"\267x\364\31\323\2262[\2653\307"..., 8192) = 52
2918  23:43:05 clock_gettime(0x7 /* CLOCK_??? */, {788, 475340039}) = 0
2918  23:43:05 clock_gettime(0x7 /* CLOCK_??? */, {788, 475360932}) = 0
2918  23:43:05 select(7, [3 4], [5], NULL, NULL) = 1 (out [5])
2918  23:43:05 clock_gettime(0x7 /* CLOCK_??? */, {788, 475408494}) = 0
2918  23:43:05 write(5, "\33[39;1H\33[K\33[1;3H", 16) = 16
2918  23:43:05 clock_gettime(0x7 /* CLOCK_??? */, {788, 476741380}) = 0
2918  23:43:05 clock_gettime(0x7 /* CLOCK_??? */, {788, 476769349}) = 0
2918  23:43:05 select(7, [3 4], [], NULL, NULL) = 1 (in [4])
2918  23:43:06 clock_gettime(0x7 /* CLOCK_??? */, {788, 863080924}) = 0
2918  23:43:06 read(4, ":", 16384)      = 1
2918  23:43:06 clock_gettime(0x7 /* CLOCK_??? */, {788, 863142612}) = 0
2918  23:43:06 clock_gettime(0x7 /* CLOCK_??? */, {788, 863193938}) = 0
2918  23:43:06 select(7, [3 4], [3], NULL, NULL) = 1 (out [3])
2918  23:43:06 clock_gettime(0x7 /* CLOCK_??? */, {788, 863241177}) = 0
2918  23:43:06 write(3, "q\251PPu\r\321\t\26\254\223\1\264\314\2750\373\23448\23\354\201\350\17\214\261\356\224X\nt"..., 36) = 36
2918  23:43:06 clock_gettime(0x7 /* CLOCK_??? */, {788, 864033217}) = 0
2918  23:43:06 clock_gettime(0x7 /* CLOCK_??? */, {788, 864059609}) = 0
2918  23:43:06 select(7, [3 4], [], NULL, NULL) = 1 (in [3])
2918  23:43:06 clock_gettime(0x7 /* CLOCK_??? */, {788, 864110345}) = 0
2918  23:43:06 read(3, "\265\345\255\0342\273s\353\366J\335\301\31]\355%\232\335V\252G\270pT,\310Ha\21~\33&"..., 8192) = 116
2918  23:43:06 clock_gettime(0x7 /* CLOCK_??? */, {788, 864200144}) = 0
2918  23:43:06 clock_gettime(0x7 /* CLOCK_??? */, {788, 864220452}) = 0
2918  23:43:06 select(7, [3 4], [5], NULL, NULL) = 1 (out [5])
2918  23:43:06 clock_gettime(0x7 /* CLOCK_??? */, {788, 864265495}) = 0
2918  23:43:06 write(5, "\33[?25l\33[39;70H1,3\33[11CAll\33[1;3H\33"..., 80) = 80
2918  23:43:06 clock_gettime(0x7 /* CLOCK_??? */, {788, 864513222}) = 0
2918  23:43:06 clock_gettime(0x7 /* CLOCK_??? */, {788, 864534386}) = 0
2918  23:43:06 select(7, [3 4], [], NULL, NULL) = 1 (in [4])
2918  23:43:06 clock_gettime(0x7 /* CLOCK_??? */, {789, 71104407}) = 0
2918  23:43:06 read(4, "w", 16384)      = 1
2918  23:43:06 clock_gettime(0x7 /* CLOCK_??? */, {789, 71195998}) = 0
2918  23:43:06 clock_gettime(0x7 /* CLOCK_??? */, {789, 71217394}) = 0
2918  23:43:06 select(7, [3 4], [3], NULL, NULL) = 1 (out [3])
2918  23:43:06 clock_gettime(0x7 /* CLOCK_??? */, {789, 71264402}) = 0
2918  23:43:06 write(3, "\230\177\352_yp+\271\227x\365\340\365\n\353r\364\27\213z\r\241\330\277!\26\n~\222\327\262`"..., 36) = 36
2918  23:43:06 clock_gettime(0x7 /* CLOCK_??? */, {789, 71797327}) = 0
2918  23:43:06 clock_gettime(0x7 /* CLOCK_??? */, {789, 71819872}) = 0
2918  23:43:06 select(7, [3 4], [], NULL, NULL) = 1 (in [3])
2918  23:43:06 clock_gettime(0x7 /* CLOCK_??? */, {789, 71867093}) = 0
2918  23:43:06 read(3, "\324X\24\2442i\244\364n{\35\352\274\351\250\227\337\262f\316\23\23\263\365\360\\*\342\273\370\360a"..., 8192) = 60
2918  23:43:06 clock_gettime(0x7 /* CLOCK_??? */, {789, 71918400}) = 0
2918  23:43:06 clock_gettime(0x7 /* CLOCK_??? */, {789, 71937838}) = 0
2918  23:43:06 select(7, [3 4], [5], NULL, NULL) = 1 (out [5])
2918  23:43:06 clock_gettime(0x7 /* CLOCK_??? */, {789, 71982165}) = 0
2918  23:43:06 write(5, "w\33[?25l\33[?12l\33[?25h", 19) = 19
2918  23:43:06 clock_gettime(0x7 /* CLOCK_??? */, {789, 72236848}) = 0
2918  23:43:06 clock_gettime(0x7 /* CLOCK_??? */, {789, 72258533}) = 0
2918  23:43:06 select(7, [3 4], [], NULL, NULL) = 1 (in [4])
2918  23:43:06 clock_gettime(0x7 /* CLOCK_??? */, {789, 167471187}) = 0
2918  23:43:06 read(4, "q", 16384)      = 1
2918  23:43:06 clock_gettime(0x7 /* CLOCK_??? */, {789, 167532369}) = 0
2918  23:43:06 clock_gettime(0x7 /* CLOCK_??? */, {789, 167552016}) = 0
2918  23:43:06 select(7, [3 4], [3], NULL, NULL) = 1 (out [3])
2918  23:43:06 clock_gettime(0x7 /* CLOCK_??? */, {789, 167596997}) = 0
2918  23:43:06 write(3, "\334\256j7'\304q\265To\4\223\223\221\222\372I\r\275\347h\216@\356\245\302\276b\330\221\314A"..., 36) = 36
2918  23:43:06 clock_gettime(0x7 /* CLOCK_??? */, {789, 168154383}) = 0
2918  23:43:06 clock_gettime(0x7 /* CLOCK_??? */, {789, 168199959}) = 0
2918  23:43:06 select(7, [3 4], [], NULL, NULL) = 1 (in [3])
2918  23:43:06 clock_gettime(0x7 /* CLOCK_??? */, {789, 168247549}) = 0
2918  23:43:06 read(3, "\20\37\221j+\32\261M\205\264^O\342\323+\215\10\365\2464\306\1&^\275\215\350\260W\\\302\353"..., 8192) = 60
2918  23:43:06 clock_gettime(0x7 /* CLOCK_??? */, {789, 168297748}) = 0
2918  23:43:06 clock_gettime(0x7 /* CLOCK_??? */, {789, 168317028}) = 0
2918  23:43:06 select(7, [3 4], [5], NULL, NULL) = 1 (out [5])
2918  23:43:06 clock_gettime(0x7 /* CLOCK_??? */, {789, 168361315}) = 0
2918  23:43:06 write(5, "q\33[?25l\33[?12l\33[?25h", 19) = 19
2918  23:43:06 clock_gettime(0x7 /* CLOCK_??? */, {789, 168582675}) = 0
2918  23:43:06 clock_gettime(0x7 /* CLOCK_??? */, {789, 168603590}) = 0
2918  23:43:06 select(7, [3 4], [], NULL, NULL) = 1 (in [4])
2918  23:43:06 clock_gettime(0x7 /* CLOCK_??? */, {789, 399436061}) = 0
2918  23:43:06 read(4, "!", 16384)      = 1
2918  23:43:06 clock_gettime(0x7 /* CLOCK_??? */, {789, 399497597}) = 0
2918  23:43:06 clock_gettime(0x7 /* CLOCK_??? */, {789, 399517239}) = 0
2918  23:43:06 select(7, [3 4], [3], NULL, NULL) = 1 (out [3])
2918  23:43:06 clock_gettime(0x7 /* CLOCK_??? */, {789, 399563172}) = 0
2918  23:43:06 write(3, "f\35\277\271\355\350\336l\24\27\21\377\237\f\222\327\313(Bi\304'.J'\206\363X\212\221\266S"..., 36) = 36
2918  23:43:06 clock_gettime(0x7 /* CLOCK_??? */, {789, 400123682}) = 0
2918  23:43:06 clock_gettime(0x7 /* CLOCK_??? */, {789, 400146633}) = 0
2918  23:43:06 select(7, [3 4], [], NULL, NULL) = 1 (in [3])
2918  23:43:06 clock_gettime(0x7 /* CLOCK_??? */, {789, 400217685}) = 0
2918  23:43:06 read(3, "T\202\237a\330M\3\377\314h\316@j\310\260\273\376/\302\350\"\344\220\321\377\302\4\24*00\n"..., 8192) = 60
2918  23:43:06 clock_gettime(0x7 /* CLOCK_??? */, {789, 400269811}) = 0
2918  23:43:06 clock_gettime(0x7 /* CLOCK_??? */, {789, 400289038}) = 0
2918  23:43:06 select(7, [3 4], [5], NULL, NULL) = 1 (out [5])
2918  23:43:06 clock_gettime(0x7 /* CLOCK_??? */, {789, 400333377}) = 0
2918  23:43:06 write(5, "!\33[?25l\33[?12l\33[?25h", 19) = 19
2918  23:43:06 clock_gettime(0x7 /* CLOCK_??? */, {789, 400571792}) = 0
2918  23:43:06 clock_gettime(0x7 /* CLOCK_??? */, {789, 400592790}) = 0
2918  23:43:06 select(7, [3 4], [], NULL, NULL) = 1 (in [4])
2918  23:43:06 clock_gettime(0x7 /* CLOCK_??? */, {789, 751532567}) = 0
2918  23:43:06 read(4, "\r", 16384)     = 1
2918  23:43:06 clock_gettime(0x7 /* CLOCK_??? */, {789, 751594045}) = 0
2918  23:43:06 clock_gettime(0x7 /* CLOCK_??? */, {789, 751613948}) = 0
2918  23:43:06 select(7, [3 4], [3], NULL, NULL) = 1 (out [3])
2918  23:43:06 clock_gettime(0x7 /* CLOCK_??? */, {789, 751659767}) = 0
2918  23:43:06 write(3, "\340\0161A\210w\301OZ\1\356\177\330\234Lb\20.E\225\37\245[\205\256v\344\4\363\267b\241"..., 36) = 36
2918  23:43:06 clock_gettime(0x7 /* CLOCK_??? */, {789, 752786992}) = 0
2918  23:43:06 clock_gettime(0x7 /* CLOCK_??? */, {789, 752815316}) = 0
2918  23:43:06 select(7, [3 4], [], NULL, NULL) = 1 (in [3])
2918  23:43:06 clock_gettime(0x7 /* CLOCK_??? */, {789, 752867922}) = 0
2918  23:43:06 read(3, "R6Lbs\275\344\372\230o1\315\21\205\313;,Q\21Q\223t\304*\365b\356\323,\345^\371"..., 8192) = 52
2918  23:43:06 clock_gettime(0x7 /* CLOCK_??? */, {789, 752923940}) = 0
2918  23:43:06 clock_gettime(0x7 /* CLOCK_??? */, {789, 752943248}) = 0
2918  23:43:06 select(7, [3 4], [5], NULL, NULL) = 1 (out [5])
2918  23:43:06 clock_gettime(0x7 /* CLOCK_??? */, {789, 752987771}) = 0
2918  23:43:06 write(5, "\r\33[?25l\"a\" ", 11) = 11
2918  23:43:06 clock_gettime(0x7 /* CLOCK_??? */, {789, 753287603}) = 0
2918  23:43:06 clock_gettime(0x7 /* CLOCK_??? */, {789, 753309563}) = 0
2918  23:43:06 select(7, [3 4], [], NULL, NULL) = 1 (in [3])
2918  23:43:06 clock_gettime(0x7 /* CLOCK_??? */, {789, 756580439}) = 0
2918  23:43:06 read(3, "\24\263:\243\202\270!\205\341\32[\314\253\240\v\222!\275\222r\322\367\253G\f\224=\223\246\264\247\214"..., 8192) = 132
2918  23:43:06 clock_gettime(0x7 /* CLOCK_??? */, {789, 756658178}) = 0
2918  23:43:06 clock_gettime(0x7 /* CLOCK_??? */, {789, 756678328}) = 0
2918  23:43:06 select(7, [3 4], [5], NULL, NULL) = 1 (out [5])
2918  23:43:06 clock_gettime(0x7 /* CLOCK_??? */, {789, 756725708}) = 0
2918  23:43:06 write(5, "[New] 1L, 4C written\r\r\r\n\33[?1l\33>\33"..., 92) = 92
2918  23:43:06 clock_gettime(0x7 /* CLOCK_??? */, {789, 757045872}) = 0
2918  23:43:06 clock_gettime(0x7 /* CLOCK_??? */, {789, 757067491}) = 0
2918  23:43:06 select(7, [3 4], [], NULL, NULL) = 1 (in [4])
2918  23:43:08 clock_gettime(0x7 /* CLOCK_??? */, {791, 543672762}) = 0
2918  23:43:08 read(4, "e", 16384)      = 1
2918  23:43:08 clock_gettime(0x7 /* CLOCK_??? */, {791, 543735101}) = 0
2918  23:43:08 clock_gettime(0x7 /* CLOCK_??? */, {791, 543754845}) = 0
2918  23:43:08 select(7, [3 4], [3], NULL, NULL) = 1 (out [3])
2918  23:43:08 clock_gettime(0x7 /* CLOCK_??? */, {791, 543801404}) = 0
2918  23:43:08 write(3, "\240n\205\"\341\302\266\250-\343\321\362\3361mW\324\rP\37k;\32>t\36\347\237\177\377\21\244"..., 36) = 36
2918  23:43:08 clock_gettime(0x7 /* CLOCK_??? */, {791, 543919860}) = 0
2918  23:43:08 clock_gettime(0x7 /* CLOCK_??? */, {791, 543940269}) = 0
2918  23:43:08 select(7, [3 4], [], NULL, NULL) = 1 (in [3])
2918  23:43:08 clock_gettime(0x7 /* CLOCK_??? */, {791, 544509665}) = 0
2918  23:43:08 read(3, "\265\241\247\376\36421\266\376\330\3372y\310\"\365\0'\303\246`Ko\375\304\\\316\356\v\305\f\372"..., 8192) = 36
2918  23:43:08 clock_gettime(0x7 /* CLOCK_??? */, {791, 544565585}) = 0
2918  23:43:08 clock_gettime(0x7 /* CLOCK_??? */, {791, 544679988}) = 0
2918  23:43:08 select(7, [3 4], [5], NULL, NULL) = 1 (out [5])
2918  23:43:08 clock_gettime(0x7 /* CLOCK_??? */, {791, 544727501}) = 0
2918  23:43:08 write(5, "e", 1)         = 1
2918  23:43:08 clock_gettime(0x7 /* CLOCK_??? */, {791, 544994779}) = 0
2918  23:43:08 clock_gettime(0x7 /* CLOCK_??? */, {791, 545016458}) = 0
2918  23:43:08 select(7, [3 4], [], NULL, NULL) = 1 (in [4])
2918  23:43:08 clock_gettime(0x7 /* CLOCK_??? */, {791, 775521052}) = 0
2918  23:43:08 read(4, "x", 16384)      = 1
2918  23:43:08 clock_gettime(0x7 /* CLOCK_??? */, {791, 775582134}) = 0
2918  23:43:08 clock_gettime(0x7 /* CLOCK_??? */, {791, 775602359}) = 0
2918  23:43:08 select(7, [3 4], [3], NULL, NULL) = 1 (out [3])
2918  23:43:08 clock_gettime(0x7 /* CLOCK_??? */, {791, 775647633}) = 0
2918  23:43:08 write(3, "\313\31\207YYh\221\256\270\245n3gM\303_\335-\275N~\223\320\321{3\241+E\24\330 "..., 36) = 36
2918  23:43:08 clock_gettime(0x7 /* CLOCK_??? */, {791, 775758457}) = 0
2918  23:43:08 clock_gettime(0x7 /* CLOCK_??? */, {791, 775778324}) = 0
2918  23:43:08 select(7, [3 4], [], NULL, NULL) = 1 (in [3])
2918  23:43:08 clock_gettime(0x7 /* CLOCK_??? */, {791, 776271467}) = 0
2918  23:43:08 read(3, "\215m\257\224\34\261\346Y3\265\4\305\320\350\241\316`\v/;\236e\266W\257F\7_\203\260\265/"..., 8192) = 36
2918  23:43:08 clock_gettime(0x7 /* CLOCK_??? */, {791, 776348323}) = 0
2918  23:43:08 clock_gettime(0x7 /* CLOCK_??? */, {791, 776368465}) = 0
2918  23:43:08 select(7, [3 4], [5], NULL, NULL) = 1 (out [5])
2918  23:43:08 clock_gettime(0x7 /* CLOCK_??? */, {791, 776413620}) = 0
2918  23:43:08 write(5, "x", 1)         = 1
2918  23:43:08 clock_gettime(0x7 /* CLOCK_??? */, {791, 776645485}) = 0
2918  23:43:08 clock_gettime(0x7 /* CLOCK_??? */, {791, 776666454}) = 0
2918  23:43:08 select(7, [3 4], [], NULL, NULL) = 1 (in [4])
2918  23:43:09 clock_gettime(0x7 /* CLOCK_??? */, {791, 895540733}) = 0
2918  23:43:09 read(4, "i", 16384)      = 1
2918  23:43:09 clock_gettime(0x7 /* CLOCK_??? */, {791, 895601842}) = 0
2918  23:43:09 clock_gettime(0x7 /* CLOCK_??? */, {791, 895621773}) = 0
2918  23:43:09 select(7, [3 4], [3], NULL, NULL) = 1 (out [3])
2918  23:43:09 clock_gettime(0x7 /* CLOCK_??? */, {791, 895667280}) = 0
2918  23:43:09 write(3, "G\303\202\246x\5\224F%\314=\341\3\263q\370Xt$\207\360\254\\\r#\323O\0{\236\255B"..., 36) = 36
2918  23:43:09 clock_gettime(0x7 /* CLOCK_??? */, {791, 895772949}) = 0
2918  23:43:09 clock_gettime(0x7 /* CLOCK_??? */, {791, 895805641}) = 0
2918  23:43:09 select(7, [3 4], [], NULL, NULL) = 1 (in [3])
2918  23:43:09 clock_gettime(0x7 /* CLOCK_??? */, {791, 896327828}) = 0
2918  23:43:09 read(3, "\34\333B\262V\220\324xR\35\337]\270\3152\252\237_\264\270'%xB\251\21\316\1>xp\261"..., 8192) = 36
2918  23:43:09 clock_gettime(0x7 /* CLOCK_??? */, {791, 896391034}) = 0
2918  23:43:09 clock_gettime(0x7 /* CLOCK_??? */, {791, 896410896}) = 0
2918  23:43:09 select(7, [3 4], [5], NULL, NULL) = 1 (out [5])
2918  23:43:09 clock_gettime(0x7 /* CLOCK_??? */, {791, 896457029}) = 0
2918  23:43:09 write(5, "i", 1)         = 1
2918  23:43:09 clock_gettime(0x7 /* CLOCK_??? */, {791, 896710585}) = 0
2918  23:43:09 clock_gettime(0x7 /* CLOCK_??? */, {791, 896752537}) = 0
2918  23:43:09 select(7, [3 4], [], NULL, NULL) = 1 (in [4])
2918  23:43:09 clock_gettime(0x7 /* CLOCK_??? */, {792, 79503653}) = 0
2918  23:43:09 read(4, "t", 16384)      = 1
2918  23:43:09 clock_gettime(0x7 /* CLOCK_??? */, {792, 79564706}) = 0
2918  23:43:09 clock_gettime(0x7 /* CLOCK_??? */, {792, 79584488}) = 0
2918  23:43:09 select(7, [3 4], [3], NULL, NULL) = 1 (out [3])
2918  23:43:09 clock_gettime(0x7 /* CLOCK_??? */, {792, 79629929}) = 0
2918  23:43:09 write(3, "aB\32\276\f\301\324\323\315U\\#2zb\207\n\203\3504&\250*}\346\34\264\f\230;y\200"..., 36) = 36
2918  23:43:09 clock_gettime(0x7 /* CLOCK_??? */, {792, 79744853}) = 0
2918  23:43:09 clock_gettime(0x7 /* CLOCK_??? */, {792, 79764825}) = 0
2918  23:43:09 select(7, [3 4], [], NULL, NULL) = 1 (in [3])
2918  23:43:09 clock_gettime(0x7 /* CLOCK_??? */, {792, 80306633}) = 0
2918  23:43:09 read(3, "+.41\220\263,\354\4\302\230lC\353\3/\2741L\325\23\217lU\325;\336\260\27\330B\355"..., 8192) = 36
2918  23:43:09 clock_gettime(0x7 /* CLOCK_??? */, {792, 80449159}) = 0
2918  23:43:09 clock_gettime(0x7 /* CLOCK_??? */, {792, 80499019}) = 0
2918  23:43:09 select(7, [3 4], [5], NULL, NULL) = 1 (out [5])
2918  23:43:09 clock_gettime(0x7 /* CLOCK_??? */, {792, 80547163}) = 0
2918  23:43:09 write(5, "t", 1)         = 1
2918  23:43:09 clock_gettime(0x7 /* CLOCK_??? */, {792, 80911933}) = 0
2918  23:43:09 clock_gettime(0x7 /* CLOCK_??? */, {792, 80936578}) = 0
2918  23:43:09 select(7, [3 4], [], NULL, NULL) = 1 (in [4])
2918  23:43:09 clock_gettime(0x7 /* CLOCK_??? */, {792, 383178533}) = 0
2918  23:43:09 read(4, "\r", 16384)     = 1
2918  23:43:09 clock_gettime(0x7 /* CLOCK_??? */, {792, 383240303}) = 0
2918  23:43:09 clock_gettime(0x7 /* CLOCK_??? */, {792, 383259945}) = 0
2918  23:43:09 select(7, [3 4], [3], NULL, NULL) = 1 (out [3])
2918  23:43:09 clock_gettime(0x7 /* CLOCK_??? */, {792, 383306181}) = 0
2918  23:43:09 write(3, "F\230\350\323\353iZ\217\264\213\20\347\20\367\247i\3707\322&3\23\341\252i\362\370\27UgD\226"..., 36) = 36
2918  23:43:09 clock_gettime(0x7 /* CLOCK_??? */, {792, 383444656}) = 0
2918  23:43:09 clock_gettime(0x7 /* CLOCK_??? */, {792, 383465353}) = 0
2918  23:43:09 select(7, [3 4], [], NULL, NULL) = 1 (in [3])
2918  23:43:09 clock_gettime(0x7 /* CLOCK_??? */, {792, 384728518}) = 0
2918  23:43:09 read(3, "\6\337J\226\t\322_\354P\374\311\241h\4\n\203\257\0249\277\266\311H\342\21c.=\250%\225\213"..., 8192) = 44
2918  23:43:09 clock_gettime(0x7 /* CLOCK_??? */, {792, 384789613}) = 0
2918  23:43:09 clock_gettime(0x7 /* CLOCK_??? */, {792, 384809329}) = 0
2918  23:43:09 select(7, [3 4], [5], NULL, NULL) = 1 (out [5])
2918  23:43:09 clock_gettime(0x7 /* CLOCK_??? */, {792, 384855490}) = 0
2918  23:43:09 write(5, "\r\nlogout\r\n", 10) = 10
2918  23:43:09 clock_gettime(0x7 /* CLOCK_??? */, {792, 385120795}) = 0
2918  23:43:09 clock_gettime(0x7 /* CLOCK_??? */, {792, 385141568}) = 0
2918  23:43:09 select(7, [3 4], [], NULL, NULL) = 1 (in [3])
2918  23:43:09 clock_gettime(0x7 /* CLOCK_??? */, {792, 400243156}) = 0
2918  23:43:09 read(3, "\324\342Ve3`\223XN\335&]\26\370@\333\244\341\3755\26S/m\343(\215^67zE"..., 8192) = 176
2918  23:43:09 close(4)                 = 0
2918  23:43:09 close(5)                 = 0
2918  23:43:09 clock_gettime(0x7 /* CLOCK_??? */, {792, 400356501}) = 0
2918  23:43:09 clock_gettime(0x7 /* CLOCK_??? */, {792, 400410406}) = 0
2918  23:43:09 ioctl(0, SNDCTL_TMR_STOP or SNDRV_TIMER_IOCTL_GINFO or TCSETSW, {B38400 opost isig icanon echo ...}) = 0
2918  23:43:09 close(6)                 = 0
2918  23:43:09 select(7, [3], [3], NULL, NULL) = 1 (out [3])
2918  23:43:09 clock_gettime(0x7 /* CLOCK_??? */, {792, 400552931}) = 0
2918  23:43:09 write(3, "\335\324\230\343\17y\1cY\364\222\273\345\4\326\254(\10,!\342\254\253?xxlA\273P\364\270"..., 36) = 36
2918  23:43:09 rt_sigaction(SIGWINCH, NULL, {0x7fccdcae96a0, [], SA_RESTORER, 0x7fccdb657670}, 8) = 0
2918  23:43:09 rt_sigaction(SIGWINCH, {SIG_DFL, [], SA_RESTORER, 0x7fccdb657670}, NULL, 8) = 0
2918  23:43:09 write(3, "S_\357\27>\203\227Hm\341D\34\242(h\272,\251H\265\251\343L\22\"\315\0219\213\332}-"..., 60) = 60
2918  23:43:09 ioctl(0, SNDCTL_TMR_TIMEBASE or SNDRV_TIMER_IOCTL_NEXT_DEVICE or TCGETS, {B38400 opost isig icanon echo ...}) = 0
2918  23:43:09 ioctl(1, SNDCTL_TMR_TIMEBASE or SNDRV_TIMER_IOCTL_NEXT_DEVICE or TCGETS, {B38400 opost isig icanon echo ...}) = 0
2918  23:43:09 ioctl(2, SNDCTL_TMR_TIMEBASE or SNDRV_TIMER_IOCTL_NEXT_DEVICE or TCGETS, {B38400 opost isig icanon echo ...}) = 0
2918  23:43:09 write(2, "Connection to 192.168.0.10 close"..., 36) = 36
2918  23:43:09 close(3)                 = 0
2918  23:43:09 write(1, "random tag: si23v", 17) = 17
2918  23:43:09 exit_group(0)            = ?
2918  23:43:09 +++ exited with 0 +++
